[2020-04-20T10:35:57.211031+00:00] request.ERROR: Uncaught PHP Exception Symfony\Component\HttpKernel\Exception\NotFoundHttpException: "No route found for "GET /"" at /Users/victorgousset/Desktop/laravel/my_quiz/vendor/symfony/http-kernel/EventListener/RouterListener.php line 136 {"exception":"[object] (Symfony\\Component\\HttpKernel\\Exception\\NotFoundHttpException(code: 0): No route found for \"GET /\" at /Users/victorgousset/Desktop/laravel/my_quiz/vendor/symfony/http-kernel/EventListener/RouterListener.php:136)\n[previous exception] [object] (Symfony\\Component\\Routing\\Exception\\NoConfigurationException(code: 0):  at /Users/victorgousset/Desktop/laravel/my_quiz/vendor/symfony/routing/Matcher/Dumper/CompiledUrlMatcherTrait.php:182)"} []
[2020-04-20T10:35:57.385851+00:00] request.INFO: Matched route "_wdt". {"route":"_wdt","route_parameters":{"_route":"_wdt","_controller":"web_profiler.controller.profiler::toolbarAction","token":"abde59"},"request_uri":"http://127.0.0.1:8000/_wdt/abde59","method":"GET"} []
[2020-04-20T16:01:24.614625+00:00] request.ERROR: Uncaught PHP Exception Symfony\Component\HttpKernel\Exception\NotFoundHttpException: "No route found for "GET /"" at /Users/victorgousset/Desktop/laravel/my_quiz/vendor/symfony/http-kernel/EventListener/RouterListener.php line 136 {"exception":"[object] (Symfony\\Component\\HttpKernel\\Exception\\NotFoundHttpException(code: 0): No route found for \"GET /\" at /Users/victorgousset/Desktop/laravel/my_quiz/vendor/symfony/http-kernel/EventListener/RouterListener.php:136)\n[previous exception] [object] (Symfony\\Component\\Routing\\Exception\\NoConfigurationException(code: 0):  at /Users/victorgousset/Desktop/laravel/my_quiz/vendor/symfony/routing/Matcher/Dumper/CompiledUrlMatcherTrait.php:182)"} []
[2020-04-20T16:01:24.789825+00:00] request.INFO: Matched route "_wdt". {"route":"_wdt","route_parameters":{"_route":"_wdt","_controller":"web_profiler.controller.profiler::toolbarAction","token":"89f93d"},"request_uri":"http://127.0.0.1:8000/_wdt/89f93d","method":"GET"} []
[2020-04-20T16:09:58.997996+00:00] request.ERROR: Uncaught PHP Exception Symfony\Component\HttpKernel\Exception\NotFoundHttpException: "No route found for "GET /"" at /Users/victorgousset/Desktop/laravel/my_quiz/vendor/symfony/http-kernel/EventListener/RouterListener.php line 136 {"exception":"[object] (Symfony\\Component\\HttpKernel\\Exception\\NotFoundHttpException(code: 0): No route found for \"GET /\" at /Users/victorgousset/Desktop/laravel/my_quiz/vendor/symfony/http-kernel/EventListener/RouterListener.php:136)\n[previous exception] [object] (Symfony\\Component\\Routing\\Exception\\NoConfigurationException(code: 0):  at /Users/victorgousset/Desktop/laravel/my_quiz/vendor/symfony/routing/Matcher/Dumper/CompiledUrlMatcherTrait.php:182)"} []
[2020-04-20T16:09:59.147842+00:00] request.INFO: Matched route "_wdt". {"route":"_wdt","route_parameters":{"_route":"_wdt","_controller":"web_profiler.controller.profiler::toolbarAction","token":"487a09"},"request_uri":"http://127.0.0.1:8000/_wdt/487a09","method":"GET"} []
[2020-04-20T16:10:58.848744+00:00] request.INFO: Matched route "_profiler". {"route":"_profiler","route_parameters":{"_route":"_profiler","_controller":"web_profiler.controller.profiler::panelAction","token":"487a09"},"request_uri":"http://127.0.0.1:8000/_profiler/487a09?panel=security","method":"GET"} []
[2020-04-20T16:10:58.910645+00:00] request.INFO: Matched route "_profiler_search_bar". {"route":"_profiler_search_bar","route_parameters":{"_route":"_profiler_search_bar","_controller":"web_profiler.controller.profiler::searchBarAction"},"request_uri":"http://127.0.0.1:8000/_profiler/search_bar?panel=security","method":"GET"} []
[2020-04-20T16:11:05.116366+00:00] request.INFO: Matched route "_profiler". {"route":"_profiler","route_parameters":{"_route":"_profiler","_controller":"web_profiler.controller.profiler::panelAction","token":"487a09"},"request_uri":"http://127.0.0.1:8000/_profiler/487a09?panel=logger","method":"GET"} []
[2020-04-20T16:11:05.164850+00:00] request.INFO: Matched route "_profiler_search_bar". {"route":"_profiler_search_bar","route_parameters":{"_route":"_profiler_search_bar","_controller":"web_profiler.controller.profiler::searchBarAction"},"request_uri":"http://127.0.0.1:8000/_profiler/search_bar?panel=logger","method":"GET"} []
[2020-04-20T16:11:09.585923+00:00] request.INFO: Matched route "_profiler". {"route":"_profiler","route_parameters":{"_route":"_profiler","_controller":"web_profiler.controller.profiler::panelAction","token":"487a09"},"request_uri":"http://127.0.0.1:8000/_profiler/487a09?panel=exception","method":"GET"} []
[2020-04-20T16:11:09.629020+00:00] request.INFO: Matched route "_profiler_exception_css". {"route":"_profiler_exception_css","route_parameters":{"_route":"_profiler_exception_css","_controller":"web_profiler.controller.exception_panel::stylesheet","token":"487a09"},"request_uri":"http://127.0.0.1:8000/_profiler/487a09/exception.css","method":"GET"} []
[2020-04-20T16:11:09.648260+00:00] request.INFO: Matched route "_profiler_search_bar". {"route":"_profiler_search_bar","route_parameters":{"_route":"_profiler_search_bar","_controller":"web_profiler.controller.profiler::searchBarAction"},"request_uri":"http://127.0.0.1:8000/_profiler/search_bar?panel=exception","method":"GET"} []
[2020-04-20T16:11:09.685569+00:00] request.INFO: Matched route "_profiler_exception". {"route":"_profiler_exception","route_parameters":{"_route":"_profiler_exception","_controller":"web_profiler.controller.exception_panel::body","token":"487a09"},"request_uri":"http://127.0.0.1:8000/_profiler/487a09/exception","method":"GET"} []
[2020-04-20T16:12:17.137589+00:00] console.ERROR: Error thrown while running command "'server:run'". Message: "Command "server:run" is not defined.  Did you mean one of these?     server:dump     server:log" {"exception":"[object] (Symfony\\Component\\Console\\Exception\\CommandNotFoundException(code: 0): Command \"server:run\" is not defined.\n\nDid you mean one of these?\n    server:dump\n    server:log at /Users/victorgousset/Desktop/laravel/my_quiz/vendor/symfony/console/Application.php:644)","command":"'server:run'","message":"Command \"server:run\" is not defined.\n\nDid you mean one of these?\n    server:dump\n    server:log"} []
[2020-04-20T16:12:43.867689+00:00] console.ERROR: Error thrown while running command "server". Message: "Command "server" is not defined.  Did you mean one of these?     server:dump     server:log" {"exception":"[object] (Symfony\\Component\\Console\\Exception\\CommandNotFoundException(code: 0): Command \"server\" is not defined.\n\nDid you mean one of these?\n    server:dump\n    server:log at /Users/victorgousset/Desktop/laravel/my_quiz/vendor/symfony/console/Application.php:644)","command":"server","message":"Command \"server\" is not defined.\n\nDid you mean one of these?\n    server:dump\n    server:log"} []
[2020-04-20T16:16:58.395564+00:00] request.CRITICAL: Uncaught PHP Exception Symfony\Component\Config\Exception\LoaderLoadException: "The file "/Users/victorgousset/Desktop/laravel/my_quiz/config/routes.yaml" does not contain valid YAML in /Users/victorgousset/Desktop/laravel/my_quiz/config/routes.yaml (which is loaded in resource "/Users/victorgousset/Desktop/laravel/my_quiz/config/routes.yaml")." at /Users/victorgousset/Desktop/laravel/my_quiz/vendor/symfony/config/Loader/FileLoader.php line 173 {"exception":"[object] (Symfony\\Component\\Config\\Exception\\LoaderLoadException(code: 0): The file \"/Users/victorgousset/Desktop/laravel/my_quiz/config/routes.yaml\" does not contain valid YAML in /Users/victorgousset/Desktop/laravel/my_quiz/config/routes.yaml (which is loaded in resource \"/Users/victorgousset/Desktop/laravel/my_quiz/config/routes.yaml\"). at /Users/victorgousset/Desktop/laravel/my_quiz/vendor/symfony/config/Loader/FileLoader.php:173)\n[previous exception] [object] (InvalidArgumentException(code: 0): The file \"/Users/victorgousset/Desktop/laravel/my_quiz/config/routes.yaml\" does not contain valid YAML. at /Users/victorgousset/Desktop/laravel/my_quiz/vendor/symfony/routing/Loader/YamlFileLoader.php:65)\n[previous exception] [object] (Symfony\\Component\\Yaml\\Exception\\ParseException(code: 0): A colon cannot be used in an unquoted mapping value at line 3 (near \"  controller: App\\Controller\\HomeController::index\"). at /Users/victorgousset/Desktop/laravel/my_quiz/vendor/symfony/yaml/Parser.php:776)"} []
[2020-04-20T16:18:08.190352+00:00] request.INFO: Matched route "home". {"route":"home","route_parameters":{"_route":"home","_controller":"App\\Controller\\HomeController::index"},"request_uri":"http://127.0.0.1:8000/","method":"GET"} []
[2020-04-20T16:18:08.230076+00:00] security.INFO: Populated the TokenStorage with an anonymous Token. [] []
[2020-04-20T16:18:16.890026+00:00] request.INFO: Matched route "home". {"route":"home","route_parameters":{"_route":"home","_controller":"App\\Controller\\HomeController::index"},"request_uri":"http://127.0.0.1:8000/","method":"GET"} []
[2020-04-20T16:18:16.923572+00:00] security.INFO: Populated the TokenStorage with an anonymous Token. [] []
[2020-04-20T16:23:59.421812+00:00] request.INFO: Matched route "home". {"route":"home","route_parameters":{"_route":"home","_controller":"App\\Controller\\HomeController::index"},"request_uri":"http://127.0.0.1:8000/","method":"GET"} []
[2020-04-20T16:23:59.436144+00:00] request.CRITICAL: Uncaught PHP Exception Twig\Error\LoaderError: "Unable to find template "pages/home.html.twig" (looked into: /Users/victorgousset/Desktop/laravel/my_quiz/templates, /Users/victorgousset/Desktop/laravel/my_quiz/vendor/symfony/twig-bridge/Resources/views/Form)." at /Users/victorgousset/Desktop/laravel/my_quiz/vendor/twig/twig/src/Loader/FilesystemLoader.php line 227 {"exception":"[object] (Twig\\Error\\LoaderError(code: 0): Unable to find template \"pages/home.html.twig\" (looked into: /Users/victorgousset/Desktop/laravel/my_quiz/templates, /Users/victorgousset/Desktop/laravel/my_quiz/vendor/symfony/twig-bridge/Resources/views/Form). at /Users/victorgousset/Desktop/laravel/my_quiz/vendor/twig/twig/src/Loader/FilesystemLoader.php:227)"} []
[2020-04-20T16:23:59.468679+00:00] security.INFO: Populated the TokenStorage with an anonymous Token. [] []
[2020-04-20T16:23:59.625421+00:00] request.INFO: Matched route "_wdt". {"route":"_wdt","route_parameters":{"_route":"_wdt","_controller":"web_profiler.controller.profiler::toolbarAction","token":"869403"},"request_uri":"http://127.0.0.1:8000/_wdt/869403","method":"GET"} []
[2020-04-20T16:25:18.691744+00:00] request.INFO: Matched route "home". {"route":"home","route_parameters":{"_route":"home","_controller":"App\\Controller\\HomeController::index"},"request_uri":"http://127.0.0.1:8000/","method":"GET"} []
[2020-04-20T16:25:18.726096+00:00] request.CRITICAL: Uncaught PHP Exception Twig\Error\LoaderError: "Unable to find template "pages/base.html.twig" (looked into: /Users/victorgousset/Desktop/laravel/my_quiz/templates, /Users/victorgousset/Desktop/laravel/my_quiz/vendor/symfony/twig-bridge/Resources/views/Form)." at /Users/victorgousset/Desktop/laravel/my_quiz/vendor/twig/twig/src/Loader/FilesystemLoader.php line 227 {"exception":"[object] (Twig\\Error\\LoaderError(code: 0): Unable to find template \"pages/base.html.twig\" (looked into: /Users/victorgousset/Desktop/laravel/my_quiz/templates, /Users/victorgousset/Desktop/laravel/my_quiz/vendor/symfony/twig-bridge/Resources/views/Form). at /Users/victorgousset/Desktop/laravel/my_quiz/vendor/twig/twig/src/Loader/FilesystemLoader.php:227)"} []
[2020-04-20T16:25:18.774399+00:00] security.INFO: Populated the TokenStorage with an anonymous Token. [] []
[2020-04-20T16:25:18.933190+00:00] request.INFO: Matched route "_wdt". {"route":"_wdt","route_parameters":{"_route":"_wdt","_controller":"web_profiler.controller.profiler::toolbarAction","token":"6eef88"},"request_uri":"http://127.0.0.1:8000/_wdt/6eef88","method":"GET"} []
[2020-04-20T16:26:47.462100+00:00] request.INFO: Matched route "home". {"route":"home","route_parameters":{"_route":"home","_controller":"App\\Controller\\HomeController::index"},"request_uri":"http://127.0.0.1:8000/","method":"GET"} []
[2020-04-20T16:26:47.472646+00:00] php.CRITICAL: Uncaught Error: Too few arguments to function Twig\Environment::render(), 0 passed in /Users/victorgousset/Desktop/laravel/my_quiz/src/Controller/HomeController.php on line 25 and at least 1 expected {"exception":"[object] (ArgumentCountError(code: 0): Too few arguments to function Twig\\Environment::render(), 0 passed in /Users/victorgousset/Desktop/laravel/my_quiz/src/Controller/HomeController.php on line 25 and at least 1 expected at /Users/victorgousset/Desktop/laravel/my_quiz/vendor/twig/twig/src/Environment.php:275)"} []
[2020-04-20T16:26:47.498535+00:00] request.CRITICAL: Uncaught PHP Exception ArgumentCountError: "Too few arguments to function Twig\Environment::render(), 0 passed in /Users/victorgousset/Desktop/laravel/my_quiz/src/Controller/HomeController.php on line 25 and at least 1 expected" at /Users/victorgousset/Desktop/laravel/my_quiz/vendor/twig/twig/src/Environment.php line 275 {"exception":"[object] (ArgumentCountError(code: 0): Too few arguments to function Twig\\Environment::render(), 0 passed in /Users/victorgousset/Desktop/laravel/my_quiz/src/Controller/HomeController.php on line 25 and at least 1 expected at /Users/victorgousset/Desktop/laravel/my_quiz/vendor/twig/twig/src/Environment.php:275)"} []
[2020-04-20T16:26:47.540293+00:00] security.INFO: Populated the TokenStorage with an anonymous Token. [] []
[2020-04-20T16:26:47.718923+00:00] request.INFO: Matched route "_wdt". {"route":"_wdt","route_parameters":{"_route":"_wdt","_controller":"web_profiler.controller.profiler::toolbarAction","token":"8e48ee"},"request_uri":"http://127.0.0.1:8000/_wdt/8e48ee","method":"GET"} []
[2020-04-20T16:26:58.093551+00:00] request.INFO: Matched route "home". {"route":"home","route_parameters":{"_route":"home","_controller":"App\\Controller\\HomeController::index"},"request_uri":"http://127.0.0.1:8000/","method":"GET"} []
[2020-04-20T16:26:58.130143+00:00] request.CRITICAL: Uncaught PHP Exception Twig\Error\LoaderError: "Unable to find template "base" (looked into: /Users/victorgousset/Desktop/laravel/my_quiz/templates, /Users/victorgousset/Desktop/laravel/my_quiz/vendor/symfony/twig-bridge/Resources/views/Form)." at /Users/victorgousset/Desktop/laravel/my_quiz/vendor/twig/twig/src/Loader/FilesystemLoader.php line 227 {"exception":"[object] (Twig\\Error\\LoaderError(code: 0): Unable to find template \"base\" (looked into: /Users/victorgousset/Desktop/laravel/my_quiz/templates, /Users/victorgousset/Desktop/laravel/my_quiz/vendor/symfony/twig-bridge/Resources/views/Form). at /Users/victorgousset/Desktop/laravel/my_quiz/vendor/twig/twig/src/Loader/FilesystemLoader.php:227)"} []
[2020-04-20T16:26:58.178830+00:00] security.INFO: Populated the TokenStorage with an anonymous Token. [] []
[2020-04-20T16:26:58.364448+00:00] request.INFO: Matched route "_wdt". {"route":"_wdt","route_parameters":{"_route":"_wdt","_controller":"web_profiler.controller.profiler::toolbarAction","token":"36c9a5"},"request_uri":"http://127.0.0.1:8000/_wdt/36c9a5","method":"GET"} []
[2020-04-20T16:27:13.631693+00:00] request.INFO: Matched route "home". {"route":"home","route_parameters":{"_route":"home","_controller":"App\\Controller\\HomeController::index"},"request_uri":"http://127.0.0.1:8000/","method":"GET"} []
[2020-04-20T16:27:13.673121+00:00] security.INFO: Populated the TokenStorage with an anonymous Token. [] []
[2020-04-20T16:27:13.827763+00:00] request.INFO: Matched route "_wdt". {"route":"_wdt","route_parameters":{"_route":"_wdt","_controller":"web_profiler.controller.profiler::toolbarAction","token":"2a3357"},"request_uri":"http://127.0.0.1:8000/_wdt/2a3357","method":"GET"} []
[2020-04-20T16:27:19.935531+00:00] request.INFO: Matched route "home". {"route":"home","route_parameters":{"_route":"home","_controller":"App\\Controller\\HomeController::index"},"request_uri":"http://127.0.0.1:8000/","method":"GET"} []
[2020-04-20T16:27:19.979982+00:00] security.INFO: Populated the TokenStorage with an anonymous Token. [] []
[2020-04-20T16:27:20.117187+00:00] request.INFO: Matched route "_wdt". {"route":"_wdt","route_parameters":{"_route":"_wdt","_controller":"web_profiler.controller.profiler::toolbarAction","token":"fdd616"},"request_uri":"http://127.0.0.1:8000/_wdt/fdd616","method":"GET"} []
[2020-04-20T16:27:29.416276+00:00] request.INFO: Matched route "home". {"route":"home","route_parameters":{"_route":"home","_controller":"App\\Controller\\HomeController::index"},"request_uri":"http://127.0.0.1:8000/","method":"GET"} []
[2020-04-20T16:27:29.512375+00:00] security.INFO: Populated the TokenStorage with an anonymous Token. [] []
[2020-04-20T16:27:29.658496+00:00] request.INFO: Matched route "_wdt". {"route":"_wdt","route_parameters":{"_route":"_wdt","_controller":"web_profiler.controller.profiler::toolbarAction","token":"70f4f7"},"request_uri":"http://127.0.0.1:8000/_wdt/70f4f7","method":"GET"} []
[2020-04-20T16:27:42.501985+00:00] request.INFO: Matched route "home". {"route":"home","route_parameters":{"_route":"home","_controller":"App\\Controller\\HomeController::index"},"request_uri":"http://127.0.0.1:8000/","method":"GET"} []
[2020-04-20T16:27:42.536229+00:00] request.CRITICAL: Uncaught PHP Exception Twig\Error\LoaderError: "Unable to find template "home.html.twig" (looked into: /Users/victorgousset/Desktop/laravel/my_quiz/templates, /Users/victorgousset/Desktop/laravel/my_quiz/vendor/symfony/twig-bridge/Resources/views/Form)." at /Users/victorgousset/Desktop/laravel/my_quiz/vendor/twig/twig/src/Loader/FilesystemLoader.php line 227 {"exception":"[object] (Twig\\Error\\LoaderError(code: 0): Unable to find template \"home.html.twig\" (looked into: /Users/victorgousset/Desktop/laravel/my_quiz/templates, /Users/victorgousset/Desktop/laravel/my_quiz/vendor/symfony/twig-bridge/Resources/views/Form). at /Users/victorgousset/Desktop/laravel/my_quiz/vendor/twig/twig/src/Loader/FilesystemLoader.php:227)"} []
[2020-04-20T16:27:42.586755+00:00] security.INFO: Populated the TokenStorage with an anonymous Token. [] []
[2020-04-20T16:27:42.769568+00:00] request.INFO: Matched route "_wdt". {"route":"_wdt","route_parameters":{"_route":"_wdt","_controller":"web_profiler.controller.profiler::toolbarAction","token":"df4d23"},"request_uri":"http://127.0.0.1:8000/_wdt/df4d23","method":"GET"} []
[2020-04-20T16:27:48.319712+00:00] request.INFO: Matched route "home". {"route":"home","route_parameters":{"_route":"home","_controller":"App\\Controller\\HomeController::index"},"request_uri":"http://127.0.0.1:8000/","method":"GET"} []
[2020-04-20T16:27:48.361963+00:00] request.CRITICAL: Uncaught PHP Exception Twig\Error\LoaderError: "Unable to find template "pages/home.html.twig" (looked into: /Users/victorgousset/Desktop/laravel/my_quiz/templates, /Users/victorgousset/Desktop/laravel/my_quiz/vendor/symfony/twig-bridge/Resources/views/Form)." at /Users/victorgousset/Desktop/laravel/my_quiz/vendor/twig/twig/src/Loader/FilesystemLoader.php line 227 {"exception":"[object] (Twig\\Error\\LoaderError(code: 0): Unable to find template \"pages/home.html.twig\" (looked into: /Users/victorgousset/Desktop/laravel/my_quiz/templates, /Users/victorgousset/Desktop/laravel/my_quiz/vendor/symfony/twig-bridge/Resources/views/Form). at /Users/victorgousset/Desktop/laravel/my_quiz/vendor/twig/twig/src/Loader/FilesystemLoader.php:227)"} []
[2020-04-20T16:27:48.408408+00:00] security.INFO: Populated the TokenStorage with an anonymous Token. [] []
[2020-04-20T16:27:48.577050+00:00] request.INFO: Matched route "_wdt". {"route":"_wdt","route_parameters":{"_route":"_wdt","_controller":"web_profiler.controller.profiler::toolbarAction","token":"4686d0"},"request_uri":"http://127.0.0.1:8000/_wdt/4686d0","method":"GET"} []
[2020-04-20T16:27:53.877402+00:00] request.INFO: Matched route "home". {"route":"home","route_parameters":{"_route":"home","_controller":"App\\Controller\\HomeController::index"},"request_uri":"http://127.0.0.1:8000/","method":"GET"} []
[2020-04-20T16:27:53.911269+00:00] request.CRITICAL: Uncaught PHP Exception Twig\Error\LoaderError: "Unable to find template "pages/home.html.twig" (looked into: /Users/victorgousset/Desktop/laravel/my_quiz/templates, /Users/victorgousset/Desktop/laravel/my_quiz/vendor/symfony/twig-bridge/Resources/views/Form)." at /Users/victorgousset/Desktop/laravel/my_quiz/vendor/twig/twig/src/Loader/FilesystemLoader.php line 227 {"exception":"[object] (Twig\\Error\\LoaderError(code: 0): Unable to find template \"pages/home.html.twig\" (looked into: /Users/victorgousset/Desktop/laravel/my_quiz/templates, /Users/victorgousset/Desktop/laravel/my_quiz/vendor/symfony/twig-bridge/Resources/views/Form). at /Users/victorgousset/Desktop/laravel/my_quiz/vendor/twig/twig/src/Loader/FilesystemLoader.php:227)"} []
[2020-04-20T16:27:53.963039+00:00] security.INFO: Populated the TokenStorage with an anonymous Token. [] []
[2020-04-20T16:27:54.126361+00:00] request.INFO: Matched route "_wdt". {"route":"_wdt","route_parameters":{"_route":"_wdt","_controller":"web_profiler.controller.profiler::toolbarAction","token":"0fa07e"},"request_uri":"http://127.0.0.1:8000/_wdt/0fa07e","method":"GET"} []
[2020-04-20T16:28:12.561738+00:00] request.INFO: Matched route "home". {"route":"home","route_parameters":{"_route":"home","_controller":"App\\Controller\\HomeController::index"},"request_uri":"http://127.0.0.1:8000/","method":"GET"} []
[2020-04-20T16:28:12.595739+00:00] request.CRITICAL: Uncaught PHP Exception Twig\Error\LoaderError: "Unable to find template "home.html.twig" (looked into: /Users/victorgousset/Desktop/laravel/my_quiz/templates, /Users/victorgousset/Desktop/laravel/my_quiz/vendor/symfony/twig-bridge/Resources/views/Form)." at /Users/victorgousset/Desktop/laravel/my_quiz/vendor/twig/twig/src/Loader/FilesystemLoader.php line 227 {"exception":"[object] (Twig\\Error\\LoaderError(code: 0): Unable to find template \"home.html.twig\" (looked into: /Users/victorgousset/Desktop/laravel/my_quiz/templates, /Users/victorgousset/Desktop/laravel/my_quiz/vendor/symfony/twig-bridge/Resources/views/Form). at /Users/victorgousset/Desktop/laravel/my_quiz/vendor/twig/twig/src/Loader/FilesystemLoader.php:227)"} []
[2020-04-20T16:28:12.644911+00:00] security.INFO: Populated the TokenStorage with an anonymous Token. [] []
[2020-04-20T16:28:12.824566+00:00] request.INFO: Matched route "_wdt". {"route":"_wdt","route_parameters":{"_route":"_wdt","_controller":"web_profiler.controller.profiler::toolbarAction","token":"ee52fb"},"request_uri":"http://127.0.0.1:8000/_wdt/ee52fb","method":"GET"} []
[2020-04-20T16:28:27.541459+00:00] request.INFO: Matched route "home". {"route":"home","route_parameters":{"_route":"home","_controller":"App\\Controller\\HomeController::index"},"request_uri":"http://127.0.0.1:8000/","method":"GET"} []
[2020-04-20T16:28:27.578172+00:00] request.CRITICAL: Uncaught PHP Exception Twig\Error\LoaderError: "Unable to find template "home.html.twig" (looked into: /Users/victorgousset/Desktop/laravel/my_quiz/templates, /Users/victorgousset/Desktop/laravel/my_quiz/vendor/symfony/twig-bridge/Resources/views/Form)." at /Users/victorgousset/Desktop/laravel/my_quiz/vendor/twig/twig/src/Loader/FilesystemLoader.php line 227 {"exception":"[object] (Twig\\Error\\LoaderError(code: 0): Unable to find template \"home.html.twig\" (looked into: /Users/victorgousset/Desktop/laravel/my_quiz/templates, /Users/victorgousset/Desktop/laravel/my_quiz/vendor/symfony/twig-bridge/Resources/views/Form). at /Users/victorgousset/Desktop/laravel/my_quiz/vendor/twig/twig/src/Loader/FilesystemLoader.php:227)"} []
[2020-04-20T16:28:27.624155+00:00] security.INFO: Populated the TokenStorage with an anonymous Token. [] []
[2020-04-20T16:28:27.772911+00:00] request.INFO: Matched route "_wdt". {"route":"_wdt","route_parameters":{"_route":"_wdt","_controller":"web_profiler.controller.profiler::toolbarAction","token":"77095a"},"request_uri":"http://127.0.0.1:8000/_wdt/77095a","method":"GET"} []
[2020-04-20T16:28:36.519671+00:00] request.INFO: Matched route "home". {"route":"home","route_parameters":{"_route":"home","_controller":"App\\Controller\\HomeController::index"},"request_uri":"http://127.0.0.1:8000/","method":"GET"} []
[2020-04-20T16:28:36.559747+00:00] security.INFO: Populated the TokenStorage with an anonymous Token. [] []
[2020-04-20T16:28:36.702043+00:00] request.INFO: Matched route "_wdt". {"route":"_wdt","route_parameters":{"_route":"_wdt","_controller":"web_profiler.controller.profiler::toolbarAction","token":"6969b4"},"request_uri":"http://127.0.0.1:8000/_wdt/6969b4","method":"GET"} []
[2020-04-20T16:28:43.746450+00:00] request.INFO: Matched route "home". {"route":"home","route_parameters":{"_route":"home","_controller":"App\\Controller\\HomeController::index"},"request_uri":"http://127.0.0.1:8000/","method":"GET"} []
[2020-04-20T16:28:43.780886+00:00] request.CRITICAL: Uncaught PHP Exception Twig\Error\LoaderError: "Unable to find template "home.html.twig" (looked into: /Users/victorgousset/Desktop/laravel/my_quiz/templates, /Users/victorgousset/Desktop/laravel/my_quiz/vendor/symfony/twig-bridge/Resources/views/Form)." at /Users/victorgousset/Desktop/laravel/my_quiz/vendor/twig/twig/src/Loader/FilesystemLoader.php line 227 {"exception":"[object] (Twig\\Error\\LoaderError(code: 0): Unable to find template \"home.html.twig\" (looked into: /Users/victorgousset/Desktop/laravel/my_quiz/templates, /Users/victorgousset/Desktop/laravel/my_quiz/vendor/symfony/twig-bridge/Resources/views/Form). at /Users/victorgousset/Desktop/laravel/my_quiz/vendor/twig/twig/src/Loader/FilesystemLoader.php:227)"} []
[2020-04-20T16:28:43.829312+00:00] security.INFO: Populated the TokenStorage with an anonymous Token. [] []
[2020-04-20T16:28:43.997245+00:00] request.INFO: Matched route "_wdt". {"route":"_wdt","route_parameters":{"_route":"_wdt","_controller":"web_profiler.controller.profiler::toolbarAction","token":"9e04bd"},"request_uri":"http://127.0.0.1:8000/_wdt/9e04bd","method":"GET"} []
[2020-04-20T16:28:56.413481+00:00] request.INFO: Matched route "_profiler". {"route":"_profiler","route_parameters":{"_route":"_profiler","_controller":"web_profiler.controller.profiler::panelAction","token":"9e04bd"},"request_uri":"http://127.0.0.1:8000/_profiler/9e04bd?panel=logger","method":"GET"} []
[2020-04-20T16:28:56.462676+00:00] request.INFO: Matched route "_profiler_search_bar". {"route":"_profiler_search_bar","route_parameters":{"_route":"_profiler_search_bar","_controller":"web_profiler.controller.profiler::searchBarAction"},"request_uri":"http://127.0.0.1:8000/_profiler/search_bar?panel=logger","method":"GET"} []
[2020-04-20T16:29:09.597029+00:00] request.INFO: Matched route "_profiler". {"route":"_profiler","route_parameters":{"_route":"_profiler","_controller":"web_profiler.controller.profiler::panelAction","token":"9e04bd"},"request_uri":"http://127.0.0.1:8000/_profiler/9e04bd?panel=exception","method":"GET"} []
[2020-04-20T16:29:09.642413+00:00] request.INFO: Matched route "_profiler_exception_css". {"route":"_profiler_exception_css","route_parameters":{"_route":"_profiler_exception_css","_controller":"web_profiler.controller.exception_panel::stylesheet","token":"9e04bd"},"request_uri":"http://127.0.0.1:8000/_profiler/9e04bd/exception.css","method":"GET"} []
[2020-04-20T16:29:09.647483+00:00] request.INFO: Matched route "_profiler_search_bar". {"route":"_profiler_search_bar","route_parameters":{"_route":"_profiler_search_bar","_controller":"web_profiler.controller.profiler::searchBarAction"},"request_uri":"http://127.0.0.1:8000/_profiler/search_bar?panel=exception","method":"GET"} []
[2020-04-20T16:29:09.682115+00:00] request.INFO: Matched route "_profiler_exception". {"route":"_profiler_exception","route_parameters":{"_route":"_profiler_exception","_controller":"web_profiler.controller.exception_panel::body","token":"9e04bd"},"request_uri":"http://127.0.0.1:8000/_profiler/9e04bd/exception","method":"GET"} []
[2020-04-20T16:29:49.472411+00:00] request.INFO: Matched route "_profiler". {"route":"_profiler","route_parameters":{"_route":"_profiler","_controller":"web_profiler.controller.profiler::panelAction","token":"9e04bd"},"request_uri":"http://127.0.0.1:8000/_profiler/9e04bd?panel=exception","method":"GET"} []
[2020-04-20T16:29:49.500126+00:00] request.INFO: Matched route "_profiler_exception_css". {"route":"_profiler_exception_css","route_parameters":{"_route":"_profiler_exception_css","_controller":"web_profiler.controller.exception_panel::stylesheet","token":"9e04bd"},"request_uri":"http://127.0.0.1:8000/_profiler/9e04bd/exception.css","method":"GET"} []
[2020-04-20T16:29:49.504854+00:00] request.INFO: Matched route "_profiler_search_bar". {"route":"_profiler_search_bar","route_parameters":{"_route":"_profiler_search_bar","_controller":"web_profiler.controller.profiler::searchBarAction"},"request_uri":"http://127.0.0.1:8000/_profiler/search_bar?panel=exception","method":"GET"} []
[2020-04-20T16:29:49.538762+00:00] request.INFO: Matched route "_profiler_exception". {"route":"_profiler_exception","route_parameters":{"_route":"_profiler_exception","_controller":"web_profiler.controller.exception_panel::body","token":"9e04bd"},"request_uri":"http://127.0.0.1:8000/_profiler/9e04bd/exception","method":"GET"} []
[2020-04-20T16:29:54.031071+00:00] request.INFO: Matched route "home". {"route":"home","route_parameters":{"_route":"home","_controller":"App\\Controller\\HomeController::index"},"request_uri":"http://127.0.0.1:8000/","method":"GET"} []
[2020-04-20T16:29:54.068727+00:00] request.CRITICAL: Uncaught PHP Exception Twig\Error\LoaderError: "Unable to find template "home.html.twig" (looked into: /Users/victorgousset/Desktop/laravel/my_quiz/templates, /Users/victorgousset/Desktop/laravel/my_quiz/vendor/symfony/twig-bridge/Resources/views/Form)." at /Users/victorgousset/Desktop/laravel/my_quiz/vendor/twig/twig/src/Loader/FilesystemLoader.php line 227 {"exception":"[object] (Twig\\Error\\LoaderError(code: 0): Unable to find template \"home.html.twig\" (looked into: /Users/victorgousset/Desktop/laravel/my_quiz/templates, /Users/victorgousset/Desktop/laravel/my_quiz/vendor/symfony/twig-bridge/Resources/views/Form). at /Users/victorgousset/Desktop/laravel/my_quiz/vendor/twig/twig/src/Loader/FilesystemLoader.php:227)"} []
[2020-04-20T16:29:54.114773+00:00] security.INFO: Populated the TokenStorage with an anonymous Token. [] []
[2020-04-20T16:29:54.272919+00:00] request.INFO: Matched route "_wdt". {"route":"_wdt","route_parameters":{"_route":"_wdt","_controller":"web_profiler.controller.profiler::toolbarAction","token":"3d9b26"},"request_uri":"http://127.0.0.1:8000/_wdt/3d9b26","method":"GET"} []
[2020-04-20T16:31:44.023495+00:00] request.INFO: Matched route "home". {"route":"home","route_parameters":{"_route":"home","_controller":"App\\Controller\\HomeController::index"},"request_uri":"http://127.0.0.1:8000/","method":"GET"} []
[2020-04-20T16:31:44.036500+00:00] request.CRITICAL: Uncaught PHP Exception Twig\Error\LoaderError: "Unable to find template "home.html.twig" (looked into: /Users/victorgousset/Desktop/laravel/my_quiz/templates, /Users/victorgousset/Desktop/laravel/my_quiz/vendor/symfony/twig-bridge/Resources/views/Form)." at /Users/victorgousset/Desktop/laravel/my_quiz/vendor/twig/twig/src/Loader/FilesystemLoader.php line 227 {"exception":"[object] (Twig\\Error\\LoaderError(code: 0): Unable to find template \"home.html.twig\" (looked into: /Users/victorgousset/Desktop/laravel/my_quiz/templates, /Users/victorgousset/Desktop/laravel/my_quiz/vendor/symfony/twig-bridge/Resources/views/Form). at /Users/victorgousset/Desktop/laravel/my_quiz/vendor/twig/twig/src/Loader/FilesystemLoader.php:227)"} []
[2020-04-20T16:31:44.066107+00:00] security.INFO: Populated the TokenStorage with an anonymous Token. [] []
[2020-04-20T16:31:44.205471+00:00] request.INFO: Matched route "_wdt". {"route":"_wdt","route_parameters":{"_route":"_wdt","_controller":"web_profiler.controller.profiler::toolbarAction","token":"8ede91"},"request_uri":"http://127.0.0.1:8000/_wdt/8ede91","method":"GET"} []
[2020-04-20T16:32:23.424114+00:00] request.INFO: Matched route "home". {"route":"home","route_parameters":{"_route":"home","_controller":"App\\Controller\\HomeController::index"},"request_uri":"http://127.0.0.1:8000/","method":"GET"} []
[2020-04-20T16:32:23.469487+00:00] request.CRITICAL: Uncaught PHP Exception Twig\Error\LoaderError: "Unable to find template "home.html.twig" (looked into: /Users/victorgousset/Desktop/laravel/my_quiz/templates, /Users/victorgousset/Desktop/laravel/my_quiz/vendor/symfony/twig-bridge/Resources/views/Form)." at /Users/victorgousset/Desktop/laravel/my_quiz/vendor/twig/twig/src/Loader/FilesystemLoader.php line 227 {"exception":"[object] (Twig\\Error\\LoaderError(code: 0): Unable to find template \"home.html.twig\" (looked into: /Users/victorgousset/Desktop/laravel/my_quiz/templates, /Users/victorgousset/Desktop/laravel/my_quiz/vendor/symfony/twig-bridge/Resources/views/Form). at /Users/victorgousset/Desktop/laravel/my_quiz/vendor/twig/twig/src/Loader/FilesystemLoader.php:227)"} []
[2020-04-20T16:32:23.520385+00:00] security.INFO: Populated the TokenStorage with an anonymous Token. [] []
[2020-04-20T16:32:23.671439+00:00] request.INFO: Matched route "_wdt". {"route":"_wdt","route_parameters":{"_route":"_wdt","_controller":"web_profiler.controller.profiler::toolbarAction","token":"7f1dc0"},"request_uri":"http://127.0.0.1:8000/_wdt/7f1dc0","method":"GET"} []
[2020-04-20T16:32:26.982251+00:00] request.INFO: Matched route "_profiler". {"route":"_profiler","route_parameters":{"_route":"_profiler","_controller":"web_profiler.controller.profiler::panelAction","token":"7f1dc0"},"request_uri":"http://127.0.0.1:8000/_profiler/7f1dc0?panel=logger","method":"GET"} []
[2020-04-20T16:32:27.031366+00:00] request.INFO: Matched route "_profiler_search_bar". {"route":"_profiler_search_bar","route_parameters":{"_route":"_profiler_search_bar","_controller":"web_profiler.controller.profiler::searchBarAction"},"request_uri":"http://127.0.0.1:8000/_profiler/search_bar?panel=logger","method":"GET"} []
[2020-04-20T16:33:09.082955+00:00] request.INFO: Matched route "_profiler". {"route":"_profiler","route_parameters":{"_route":"_profiler","_controller":"web_profiler.controller.profiler::panelAction","token":"7f1dc0"},"request_uri":"http://127.0.0.1:8000/_profiler/7f1dc0?panel=exception","method":"GET"} []
[2020-04-20T16:33:09.127930+00:00] request.INFO: Matched route "_profiler_exception_css". {"route":"_profiler_exception_css","route_parameters":{"_route":"_profiler_exception_css","_controller":"web_profiler.controller.exception_panel::stylesheet","token":"7f1dc0"},"request_uri":"http://127.0.0.1:8000/_profiler/7f1dc0/exception.css","method":"GET"} []
[2020-04-20T16:33:09.133026+00:00] request.INFO: Matched route "_profiler_search_bar". {"route":"_profiler_search_bar","route_parameters":{"_route":"_profiler_search_bar","_controller":"web_profiler.controller.profiler::searchBarAction"},"request_uri":"http://127.0.0.1:8000/_profiler/search_bar?panel=exception","method":"GET"} []
[2020-04-20T16:33:09.169213+00:00] request.INFO: Matched route "_profiler_exception". {"route":"_profiler_exception","route_parameters":{"_route":"_profiler_exception","_controller":"web_profiler.controller.exception_panel::body","token":"7f1dc0"},"request_uri":"http://127.0.0.1:8000/_profiler/7f1dc0/exception","method":"GET"} []
[2020-04-20T16:33:10.325324+00:00] request.INFO: Matched route "_profiler". {"route":"_profiler","route_parameters":{"_route":"_profiler","_controller":"web_profiler.controller.profiler::panelAction","token":"7f1dc0"},"request_uri":"http://127.0.0.1:8000/_profiler/7f1dc0?panel=time","method":"GET"} []
[2020-04-20T16:33:10.373843+00:00] request.INFO: Matched route "_profiler_search_bar". {"route":"_profiler_search_bar","route_parameters":{"_route":"_profiler_search_bar","_controller":"web_profiler.controller.profiler::searchBarAction"},"request_uri":"http://127.0.0.1:8000/_profiler/search_bar?panel=time","method":"GET"} []
[2020-04-20T16:33:12.219542+00:00] request.INFO: Matched route "_profiler". {"route":"_profiler","route_parameters":{"_route":"_profiler","_controller":"web_profiler.controller.profiler::panelAction","token":"7f1dc0"},"request_uri":"http://127.0.0.1:8000/_profiler/7f1dc0?panel=logger","method":"GET"} []
[2020-04-20T16:33:12.267745+00:00] request.INFO: Matched route "_profiler_search_bar". {"route":"_profiler_search_bar","route_parameters":{"_route":"_profiler_search_bar","_controller":"web_profiler.controller.profiler::searchBarAction"},"request_uri":"http://127.0.0.1:8000/_profiler/search_bar?panel=logger","method":"GET"} []
[2020-04-20T16:33:43.951620+00:00] request.INFO: Matched route "_profiler". {"route":"_profiler","route_parameters":{"_route":"_profiler","_controller":"web_profiler.controller.profiler::panelAction","token":"7f1dc0"},"request_uri":"http://127.0.0.1:8000/_profiler/7f1dc0?panel=logger","method":"GET"} []
[2020-04-20T16:33:44.000769+00:00] request.INFO: Matched route "_profiler_search_bar". {"route":"_profiler_search_bar","route_parameters":{"_route":"_profiler_search_bar","_controller":"web_profiler.controller.profiler::searchBarAction"},"request_uri":"http://127.0.0.1:8000/_profiler/search_bar?panel=logger","method":"GET"} []
[2020-04-20T16:39:27.840645+00:00] request.INFO: Matched route "app_home__construct". {"route":"app_home__construct","route_parameters":{"_route":"app_home__construct","_controller":"App\\Controller\\HomeController::__construct"},"request_uri":"http://127.0.0.1:8000/","method":"GET"} []
[2020-04-20T16:39:27.854109+00:00] request.CRITICAL: Uncaught PHP Exception Symfony\Component\DependencyInjection\Exception\RuntimeException: "Could not resolve argument $twig of "App\Controller\HomeController::__construct()", maybe you forgot to register the controller as a service or missed tagging it with the "controller.service_arguments"?" at /Users/victorgousset/Desktop/laravel/my_quiz/vendor/symfony/http-kernel/Controller/ArgumentResolver/NotTaggedControllerValueResolver.php line 79 {"exception":"[object] (Symfony\\Component\\DependencyInjection\\Exception\\RuntimeException(code: 0): Could not resolve argument $twig of \"App\\Controller\\HomeController::__construct()\", maybe you forgot to register the controller as a service or missed tagging it with the \"controller.service_arguments\"? at /Users/victorgousset/Desktop/laravel/my_quiz/vendor/symfony/http-kernel/Controller/ArgumentResolver/NotTaggedControllerValueResolver.php:79)"} []
[2020-04-20T16:39:27.877132+00:00] security.INFO: Populated the TokenStorage with an anonymous Token. [] []
[2020-04-20T16:39:28.033936+00:00] request.INFO: Matched route "_wdt". {"route":"_wdt","route_parameters":{"_route":"_wdt","_controller":"web_profiler.controller.profiler::toolbarAction","token":"8fee2f"},"request_uri":"http://127.0.0.1:8000/_wdt/8fee2f","method":"GET"} []
[2020-04-20T16:42:21.737093+00:00] request.ERROR: Uncaught PHP Exception Symfony\Component\HttpKernel\Exception\NotFoundHttpException: "No route found for "GET /toto"" at /Users/victorgousset/Desktop/laravel/my_quiz/vendor/symfony/http-kernel/EventListener/RouterListener.php line 136 {"exception":"[object] (Symfony\\Component\\HttpKernel\\Exception\\NotFoundHttpException(code: 0): No route found for \"GET /toto\" at /Users/victorgousset/Desktop/laravel/my_quiz/vendor/symfony/http-kernel/EventListener/RouterListener.php:136)\n[previous exception] [object] (Symfony\\Component\\Routing\\Exception\\ResourceNotFoundException(code: 0): No routes found for \"/toto/\". at /Users/victorgousset/Desktop/laravel/my_quiz/vendor/symfony/routing/Matcher/Dumper/CompiledUrlMatcherTrait.php:70)"} []
[2020-04-20T16:42:21.944245+00:00] request.INFO: Matched route "_wdt". {"route":"_wdt","route_parameters":{"_route":"_wdt","_controller":"web_profiler.controller.profiler::toolbarAction","token":"3c7904"},"request_uri":"http://127.0.0.1:8000/_wdt/3c7904","method":"GET"} []
[2020-04-20T16:42:30.023053+00:00] request.INFO: Matched route "home". {"route":"home","route_parameters":{"_route":"home","_controller":"App\\Controller\\HomeController::index"},"request_uri":"http://127.0.0.1:8000/","method":"GET"} []
[2020-04-20T16:42:30.065698+00:00] request.CRITICAL: Uncaught PHP Exception Twig\Error\LoaderError: "Unable to find template "home.html.twig" (looked into: /Users/victorgousset/Desktop/laravel/my_quiz/templates, /Users/victorgousset/Desktop/laravel/my_quiz/vendor/symfony/twig-bridge/Resources/views/Form)." at /Users/victorgousset/Desktop/laravel/my_quiz/vendor/twig/twig/src/Loader/FilesystemLoader.php line 227 {"exception":"[object] (Twig\\Error\\LoaderError(code: 0): Unable to find template \"home.html.twig\" (looked into: /Users/victorgousset/Desktop/laravel/my_quiz/templates, /Users/victorgousset/Desktop/laravel/my_quiz/vendor/symfony/twig-bridge/Resources/views/Form). at /Users/victorgousset/Desktop/laravel/my_quiz/vendor/twig/twig/src/Loader/FilesystemLoader.php:227)"} []
[2020-04-20T16:42:30.118153+00:00] security.INFO: Populated the TokenStorage with an anonymous Token. [] []
[2020-04-20T16:42:30.277741+00:00] request.INFO: Matched route "_wdt". {"route":"_wdt","route_parameters":{"_route":"_wdt","_controller":"web_profiler.controller.profiler::toolbarAction","token":"a90d68"},"request_uri":"http://127.0.0.1:8000/_wdt/a90d68","method":"GET"} []
[2020-04-20T16:42:30.544383+00:00] request.INFO: Matched route "home". {"route":"home","route_parameters":{"_route":"home","_controller":"App\\Controller\\HomeController::index"},"request_uri":"http://127.0.0.1:8000/","method":"GET"} []
[2020-04-20T16:42:30.582484+00:00] request.CRITICAL: Uncaught PHP Exception Twig\Error\LoaderError: "Unable to find template "home.html.twig" (looked into: /Users/victorgousset/Desktop/laravel/my_quiz/templates, /Users/victorgousset/Desktop/laravel/my_quiz/vendor/symfony/twig-bridge/Resources/views/Form)." at /Users/victorgousset/Desktop/laravel/my_quiz/vendor/twig/twig/src/Loader/FilesystemLoader.php line 227 {"exception":"[object] (Twig\\Error\\LoaderError(code: 0): Unable to find template \"home.html.twig\" (looked into: /Users/victorgousset/Desktop/laravel/my_quiz/templates, /Users/victorgousset/Desktop/laravel/my_quiz/vendor/symfony/twig-bridge/Resources/views/Form). at /Users/victorgousset/Desktop/laravel/my_quiz/vendor/twig/twig/src/Loader/FilesystemLoader.php:227)"} []
[2020-04-20T16:42:30.634803+00:00] security.INFO: Populated the TokenStorage with an anonymous Token. [] []
[2020-04-20T16:42:30.808536+00:00] request.INFO: Matched route "_wdt". {"route":"_wdt","route_parameters":{"_route":"_wdt","_controller":"web_profiler.controller.profiler::toolbarAction","token":"98fbe1"},"request_uri":"http://127.0.0.1:8000/_wdt/98fbe1","method":"GET"} []
[2020-04-20T16:44:15.989039+00:00] request.ERROR: Uncaught PHP Exception Symfony\Component\HttpKernel\Exception\NotFoundHttpException: "No route found for "GET /"" at /Users/victorgousset/Desktop/laravel/my_quiz/vendor/symfony/http-kernel/EventListener/RouterListener.php line 136 {"exception":"[object] (Symfony\\Component\\HttpKernel\\Exception\\NotFoundHttpException(code: 0): No route found for \"GET /\" at /Users/victorgousset/Desktop/laravel/my_quiz/vendor/symfony/http-kernel/EventListener/RouterListener.php:136)\n[previous exception] [object] (Symfony\\Component\\Routing\\Exception\\NoConfigurationException(code: 0):  at /Users/victorgousset/Desktop/laravel/my_quiz/vendor/symfony/routing/Matcher/Dumper/CompiledUrlMatcherTrait.php:182)"} []
[2020-04-20T16:44:16.191531+00:00] request.INFO: Matched route "_wdt". {"route":"_wdt","route_parameters":{"_route":"_wdt","_controller":"web_profiler.controller.profiler::toolbarAction","token":"a32d9c"},"request_uri":"http://127.0.0.1:8000/_wdt/a32d9c","method":"GET"} []
[2020-04-20T16:46:02.675878+00:00] request.ERROR: Uncaught PHP Exception Symfony\Component\HttpKernel\Exception\NotFoundHttpException: "No route found for "GET /"" at /Users/victorgousset/Desktop/laravel/my_quiz/vendor/symfony/http-kernel/EventListener/RouterListener.php line 136 {"exception":"[object] (Symfony\\Component\\HttpKernel\\Exception\\NotFoundHttpException(code: 0): No route found for \"GET /\" at /Users/victorgousset/Desktop/laravel/my_quiz/vendor/symfony/http-kernel/EventListener/RouterListener.php:136)\n[previous exception] [object] (Symfony\\Component\\Routing\\Exception\\NoConfigurationException(code: 0):  at /Users/victorgousset/Desktop/laravel/my_quiz/vendor/symfony/routing/Matcher/Dumper/CompiledUrlMatcherTrait.php:182)"} []
[2020-04-20T16:46:02.828632+00:00] request.INFO: Matched route "_wdt". {"route":"_wdt","route_parameters":{"_route":"_wdt","_controller":"web_profiler.controller.profiler::toolbarAction","token":"a73fcf"},"request_uri":"http://127.0.0.1:8000/_wdt/a73fcf","method":"GET"} []
[2020-04-20T16:46:20.313103+00:00] request.INFO: Matched route "home". {"route":"home","route_parameters":{"_route":"home","_controller":"App\\Controller\\HomeController::index"},"request_uri":"http://127.0.0.1:8000/","method":"GET"} []
[2020-04-20T16:46:20.353535+00:00] security.INFO: Populated the TokenStorage with an anonymous Token. [] []
[2020-04-20T16:46:47.946373+00:00] php.DEBUG: Warning: include(/Users/victorgousset/Desktop/laravel/my_quiz/var/cache/de_/App_KernelDevDebugContainer.php): failed to open stream: No such file or directory {"exception":{"Symfony\\Component\\ErrorHandler\\Exception\\SilencedErrorContext":{"severity":2,"file":"/Users/victorgousset/Desktop/laravel/my_quiz/vendor/symfony/http-kernel/Kernel.php","line":458,"trace":[{"file":"/Users/victorgousset/Desktop/laravel/my_quiz/vendor/symfony/http-kernel/Kernel.php","line":458,"function":"include"}],"count":1}}} []
[2020-04-20T16:46:47.947746+00:00] php.DEBUG: Warning: include(): Failed opening '/Users/victorgousset/Desktop/laravel/my_quiz/var/cache/de_/App_KernelDevDebugContainer.php' for inclusion (include_path='.:') [] []
[2020-04-20T16:46:50.364963+00:00] php.DEBUG: Warning: file(/proc/mounts): failed to open stream: No such file or directory {"exception":{"Symfony\\Component\\ErrorHandler\\Exception\\SilencedErrorContext":{"severity":2,"file":"/Users/victorgousset/Desktop/laravel/my_quiz/vendor/symfony/framework-bundle/Command/CacheClearCommand.php","line":137,"trace":[{"file":"/Users/victorgousset/Desktop/laravel/my_quiz/vendor/symfony/console/Command/Command.php","line":255,"function":"execute","class":"Symfony\\Bundle\\FrameworkBundle\\Command\\CacheClearCommand","type":"->"}],"count":1}}} []
[2020-04-20T16:47:33.016319+00:00] request.INFO: Matched route "app_home_index". {"route":"app_home_index","route_parameters":{"_route":"app_home_index","_controller":"App\\Controller\\HomeController::index"},"request_uri":"http://127.0.0.1:8000/","method":"GET"} []
[2020-04-20T16:47:33.031640+00:00] security.INFO: Populated the TokenStorage with an anonymous Token. [] []
[2020-04-20T16:47:34.060698+00:00] request.INFO: Matched route "app_home_index". {"route":"app_home_index","route_parameters":{"_route":"app_home_index","_controller":"App\\Controller\\HomeController::index"},"request_uri":"http://127.0.0.1:8000/","method":"GET"} []
[2020-04-20T16:47:34.105090+00:00] security.INFO: Populated the TokenStorage with an anonymous Token. [] []
[2020-04-20T16:47:42.316110+00:00] request.INFO: Matched route "app_home_index". {"route":"app_home_index","route_parameters":{"_route":"app_home_index","_controller":"App\\Controller\\HomeController::index"},"request_uri":"http://127.0.0.1:8000/","method":"GET"} []
[2020-04-20T16:47:42.355297+00:00] security.INFO: Populated the TokenStorage with an anonymous Token. [] []
[2020-04-20T16:48:44.011910+00:00] php.DEBUG: Warning: include(/Users/victorgousset/Desktop/laravel/my_quiz/var/cache/de_/App_KernelDevDebugContainer.php): failed to open stream: No such file or directory {"exception":{"Symfony\\Component\\ErrorHandler\\Exception\\SilencedErrorContext":{"severity":2,"file":"/Users/victorgousset/Desktop/laravel/my_quiz/vendor/symfony/http-kernel/Kernel.php","line":458,"trace":[{"file":"/Users/victorgousset/Desktop/laravel/my_quiz/vendor/symfony/http-kernel/Kernel.php","line":458,"function":"include"}],"count":1}}} []
[2020-04-20T16:48:44.013482+00:00] php.DEBUG: Warning: include(): Failed opening '/Users/victorgousset/Desktop/laravel/my_quiz/var/cache/de_/App_KernelDevDebugContainer.php' for inclusion (include_path='.:') [] []
[2020-04-20T16:48:46.510544+00:00] php.DEBUG: Warning: file(/proc/mounts): failed to open stream: No such file or directory {"exception":{"Symfony\\Component\\ErrorHandler\\Exception\\SilencedErrorContext":{"severity":2,"file":"/Users/victorgousset/Desktop/laravel/my_quiz/vendor/symfony/framework-bundle/Command/CacheClearCommand.php","line":137,"trace":[{"file":"/Users/victorgousset/Desktop/laravel/my_quiz/vendor/symfony/console/Command/Command.php","line":255,"function":"execute","class":"Symfony\\Bundle\\FrameworkBundle\\Command\\CacheClearCommand","type":"->"}],"count":1}}} []
[2020-04-20T16:59:25.160233+00:00] request.INFO: Matched route "app_home_index". {"route":"app_home_index","route_parameters":{"_route":"app_home_index","_controller":"App\\Controller\\HomeController::index"},"request_uri":"http://127.0.0.1:8000/","method":"GET"} []
[2020-04-20T16:59:25.190102+00:00] security.INFO: Populated the TokenStorage with an anonymous Token. [] []
[2020-04-20T17:00:21.563577+00:00] request.INFO: Matched route "app_home_index". {"route":"app_home_index","route_parameters":{"_route":"app_home_index","_controller":"App\\Controller\\HomeController::index"},"request_uri":"http://127.0.0.1:8000/","method":"GET"} []
[2020-04-20T17:00:21.620736+00:00] security.INFO: Populated the TokenStorage with an anonymous Token. [] []
[2020-04-20T17:00:31.139274+00:00] request.INFO: Matched route "app_home_index". {"route":"app_home_index","route_parameters":{"_route":"app_home_index","_controller":"App\\Controller\\HomeController::index"},"request_uri":"http://127.0.0.1:8000/","method":"GET"} []
[2020-04-20T17:00:31.198256+00:00] security.INFO: Populated the TokenStorage with an anonymous Token. [] []
[2020-04-20T17:00:56.589670+00:00] request.CRITICAL: Uncaught PHP Exception Symfony\Component\Config\Exception\LoaderLoadException: "[Semantical Error] The annotation "@Route" in method App\Controller\HomeController::index() was never imported. Did you maybe forget to add a "use" statement for this annotation? in /Users/victorgousset/Desktop/laravel/my_quiz/config/routes/../../src/Controller/ (which is being imported from "/Users/victorgousset/Desktop/laravel/my_quiz/config/routes/annotations.yaml"). Make sure annotations are installed and enabled." at /Users/victorgousset/Desktop/laravel/my_quiz/vendor/symfony/config/Loader/FileLoader.php line 173 {"exception":"[object] (Symfony\\Component\\Config\\Exception\\LoaderLoadException(code: 0): [Semantical Error] The annotation \"@Route\" in method App\\Controller\\HomeController::index() was never imported. Did you maybe forget to add a \"use\" statement for this annotation? in /Users/victorgousset/Desktop/laravel/my_quiz/config/routes/../../src/Controller/ (which is being imported from \"/Users/victorgousset/Desktop/laravel/my_quiz/config/routes/annotations.yaml\"). Make sure annotations are installed and enabled. at /Users/victorgousset/Desktop/laravel/my_quiz/vendor/symfony/config/Loader/FileLoader.php:173)\n[previous exception] [object] (Doctrine\\Common\\Annotations\\AnnotationException(code: 0): [Semantical Error] The annotation \"@Route\" in method App\\Controller\\HomeController::index() was never imported. Did you maybe forget to add a \"use\" statement for this annotation? at /Users/victorgousset/Desktop/laravel/my_quiz/vendor/doctrine/annotations/lib/Doctrine/Common/Annotations/AnnotationException.php:54)"} []
[2020-04-20T17:01:01.820974+00:00] request.CRITICAL: Uncaught PHP Exception Symfony\Component\Config\Exception\LoaderLoadException: "[Semantical Error] The annotation "@Route" in method App\Controller\HomeController::index() was never imported. Did you maybe forget to add a "use" statement for this annotation? in /Users/victorgousset/Desktop/laravel/my_quiz/config/routes/../../src/Controller/ (which is being imported from "/Users/victorgousset/Desktop/laravel/my_quiz/config/routes/annotations.yaml"). Make sure annotations are installed and enabled." at /Users/victorgousset/Desktop/laravel/my_quiz/vendor/symfony/config/Loader/FileLoader.php line 173 {"exception":"[object] (Symfony\\Component\\Config\\Exception\\LoaderLoadException(code: 0): [Semantical Error] The annotation \"@Route\" in method App\\Controller\\HomeController::index() was never imported. Did you maybe forget to add a \"use\" statement for this annotation? in /Users/victorgousset/Desktop/laravel/my_quiz/config/routes/../../src/Controller/ (which is being imported from \"/Users/victorgousset/Desktop/laravel/my_quiz/config/routes/annotations.yaml\"). Make sure annotations are installed and enabled. at /Users/victorgousset/Desktop/laravel/my_quiz/vendor/symfony/config/Loader/FileLoader.php:173)\n[previous exception] [object] (Doctrine\\Common\\Annotations\\AnnotationException(code: 0): [Semantical Error] The annotation \"@Route\" in method App\\Controller\\HomeController::index() was never imported. Did you maybe forget to add a \"use\" statement for this annotation? at /Users/victorgousset/Desktop/laravel/my_quiz/vendor/doctrine/annotations/lib/Doctrine/Common/Annotations/AnnotationException.php:54)"} []
[2020-04-20T17:01:12.258965+00:00] request.ERROR: Uncaught PHP Exception Symfony\Component\HttpKernel\Exception\NotFoundHttpException: "No route found for "GET /"" at /Users/victorgousset/Desktop/laravel/my_quiz/vendor/symfony/http-kernel/EventListener/RouterListener.php line 136 {"exception":"[object] (Symfony\\Component\\HttpKernel\\Exception\\NotFoundHttpException(code: 0): No route found for \"GET /\" at /Users/victorgousset/Desktop/laravel/my_quiz/vendor/symfony/http-kernel/EventListener/RouterListener.php:136)\n[previous exception] [object] (Symfony\\Component\\Routing\\Exception\\NoConfigurationException(code: 0):  at /Users/victorgousset/Desktop/laravel/my_quiz/vendor/symfony/routing/Matcher/Dumper/CompiledUrlMatcherTrait.php:182)"} []
[2020-04-20T17:01:12.402444+00:00] request.INFO: Matched route "app_home_index". {"route":"app_home_index","route_parameters":{"_route":"app_home_index","_controller":"App\\Controller\\HomeController::index"},"request_uri":"http://127.0.0.1:8000/toto","method":"GET"} []
[2020-04-20T17:01:12.447171+00:00] security.INFO: Populated the TokenStorage with an anonymous Token. [] []
[2020-04-20T17:01:12.585157+00:00] request.INFO: Matched route "app_home_index". {"route":"app_home_index","route_parameters":{"_route":"app_home_index","_controller":"App\\Controller\\HomeController::index"},"request_uri":"http://127.0.0.1:8000/toto","method":"GET"} []
[2020-04-20T17:01:12.633508+00:00] security.INFO: Populated the TokenStorage with an anonymous Token. [] []
[2020-04-20T17:01:17.845140+00:00] request.ERROR: Uncaught PHP Exception Symfony\Component\HttpKernel\Exception\NotFoundHttpException: "No route found for "GET /toto"" at /Users/victorgousset/Desktop/laravel/my_quiz/vendor/symfony/http-kernel/EventListener/RouterListener.php line 136 {"exception":"[object] (Symfony\\Component\\HttpKernel\\Exception\\NotFoundHttpException(code: 0): No route found for \"GET /toto\" at /Users/victorgousset/Desktop/laravel/my_quiz/vendor/symfony/http-kernel/EventListener/RouterListener.php:136)\n[previous exception] [object] (Symfony\\Component\\Routing\\Exception\\ResourceNotFoundException(code: 0): No routes found for \"/toto/\". at /Users/victorgousset/Desktop/laravel/my_quiz/vendor/symfony/routing/Matcher/Dumper/CompiledUrlMatcherTrait.php:70)"} []
[2020-04-20T17:01:18.055378+00:00] request.INFO: Matched route "_wdt". {"route":"_wdt","route_parameters":{"_route":"_wdt","_controller":"web_profiler.controller.profiler::toolbarAction","token":"8b6b11"},"request_uri":"http://127.0.0.1:8000/_wdt/8b6b11","method":"GET"} []
[2020-04-20T17:01:19.394653+00:00] request.ERROR: Uncaught PHP Exception Symfony\Component\HttpKernel\Exception\NotFoundHttpException: "No route found for "GET /toto"" at /Users/victorgousset/Desktop/laravel/my_quiz/vendor/symfony/http-kernel/EventListener/RouterListener.php line 136 {"exception":"[object] (Symfony\\Component\\HttpKernel\\Exception\\NotFoundHttpException(code: 0): No route found for \"GET /toto\" at /Users/victorgousset/Desktop/laravel/my_quiz/vendor/symfony/http-kernel/EventListener/RouterListener.php:136)\n[previous exception] [object] (Symfony\\Component\\Routing\\Exception\\ResourceNotFoundException(code: 0): No routes found for \"/toto/\". at /Users/victorgousset/Desktop/laravel/my_quiz/vendor/symfony/routing/Matcher/Dumper/CompiledUrlMatcherTrait.php:70)"} []
[2020-04-20T17:01:19.624923+00:00] request.INFO: Matched route "_wdt". {"route":"_wdt","route_parameters":{"_route":"_wdt","_controller":"web_profiler.controller.profiler::toolbarAction","token":"827a27"},"request_uri":"http://127.0.0.1:8000/_wdt/827a27","method":"GET"} []
[2020-04-20T17:01:19.924630+00:00] request.INFO: Matched route "app_home_index". {"route":"app_home_index","route_parameters":{"_route":"app_home_index","_controller":"App\\Controller\\HomeController::index"},"request_uri":"http://127.0.0.1:8000/","method":"GET"} []
[2020-04-20T17:01:19.973728+00:00] security.INFO: Populated the TokenStorage with an anonymous Token. [] []
[2020-04-20T17:01:20.125061+00:00] request.INFO: Matched route "app_home_index". {"route":"app_home_index","route_parameters":{"_route":"app_home_index","_controller":"App\\Controller\\HomeController::index"},"request_uri":"http://127.0.0.1:8000/","method":"GET"} []
[2020-04-20T17:01:20.170184+00:00] security.INFO: Populated the TokenStorage with an anonymous Token. [] []
[2020-04-20T17:02:46.911192+00:00] request.INFO: Matched route "app_home_index". {"route":"app_home_index","route_parameters":{"_route":"app_home_index","_controller":"App\\Controller\\HomeController::index"},"request_uri":"http://127.0.0.1:8000/","method":"GET"} []
[2020-04-20T17:02:46.926537+00:00] security.INFO: Populated the TokenStorage with an anonymous Token. [] []
[2020-04-20T17:02:52.769559+00:00] request.INFO: Matched route "app_home_index". {"route":"app_home_index","route_parameters":{"_route":"app_home_index","_controller":"App\\Controller\\HomeController::index"},"request_uri":"http://127.0.0.1:8000/","method":"GET"} []
[2020-04-20T17:02:52.784380+00:00] security.INFO: Populated the TokenStorage with an anonymous Token. [] []
[2020-04-20T17:02:52.944342+00:00] request.ERROR: Uncaught PHP Exception Symfony\Component\HttpKernel\Exception\NotFoundHttpException: "No route found for "GET /email/verify"" at /Users/victorgousset/Desktop/laravel/my_quiz/vendor/symfony/http-kernel/EventListener/RouterListener.php line 136 {"exception":"[object] (Symfony\\Component\\HttpKernel\\Exception\\NotFoundHttpException(code: 0): No route found for \"GET /email/verify\" at /Users/victorgousset/Desktop/laravel/my_quiz/vendor/symfony/http-kernel/EventListener/RouterListener.php:136)\n[previous exception] [object] (Symfony\\Component\\Routing\\Exception\\ResourceNotFoundException(code: 0): No routes found for \"/email/verify/\". at /Users/victorgousset/Desktop/laravel/my_quiz/vendor/symfony/routing/Matcher/Dumper/CompiledUrlMatcherTrait.php:70)"} []
[2020-04-20T17:02:53.235938+00:00] request.ERROR: Uncaught PHP Exception Symfony\Component\HttpKernel\Exception\NotFoundHttpException: "No route found for "GET /email/verify"" at /Users/victorgousset/Desktop/laravel/my_quiz/vendor/symfony/http-kernel/EventListener/RouterListener.php line 136 {"exception":"[object] (Symfony\\Component\\HttpKernel\\Exception\\NotFoundHttpException(code: 0): No route found for \"GET /email/verify\" at /Users/victorgousset/Desktop/laravel/my_quiz/vendor/symfony/http-kernel/EventListener/RouterListener.php:136)\n[previous exception] [object] (Symfony\\Component\\Routing\\Exception\\ResourceNotFoundException(code: 0): No routes found for \"/email/verify/\". at /Users/victorgousset/Desktop/laravel/my_quiz/vendor/symfony/routing/Matcher/Dumper/CompiledUrlMatcherTrait.php:70)"} []
[2020-04-20T17:02:53.466882+00:00] request.INFO: Matched route "_wdt". {"route":"_wdt","route_parameters":{"_route":"_wdt","_controller":"web_profiler.controller.profiler::toolbarAction","token":"6f35c8"},"request_uri":"http://127.0.0.1:8000/_wdt/6f35c8","method":"GET"} []
[2020-04-20T17:02:55.092046+00:00] request.ERROR: Uncaught PHP Exception Symfony\Component\HttpKernel\Exception\NotFoundHttpException: "No route found for "GET /email/verify"" at /Users/victorgousset/Desktop/laravel/my_quiz/vendor/symfony/http-kernel/EventListener/RouterListener.php line 136 {"exception":"[object] (Symfony\\Component\\HttpKernel\\Exception\\NotFoundHttpException(code: 0): No route found for \"GET /email/verify\" at /Users/victorgousset/Desktop/laravel/my_quiz/vendor/symfony/http-kernel/EventListener/RouterListener.php:136)\n[previous exception] [object] (Symfony\\Component\\Routing\\Exception\\ResourceNotFoundException(code: 0): No routes found for \"/email/verify/\". at /Users/victorgousset/Desktop/laravel/my_quiz/vendor/symfony/routing/Matcher/Dumper/CompiledUrlMatcherTrait.php:70)"} []
[2020-04-20T17:02:55.320031+00:00] request.INFO: Matched route "_wdt". {"route":"_wdt","route_parameters":{"_route":"_wdt","_controller":"web_profiler.controller.profiler::toolbarAction","token":"414476"},"request_uri":"http://127.0.0.1:8000/_wdt/414476","method":"GET"} []
[2020-04-20T17:02:55.512036+00:00] request.INFO: Matched route "app_home_index". {"route":"app_home_index","route_parameters":{"_route":"app_home_index","_controller":"App\\Controller\\HomeController::index"},"request_uri":"http://127.0.0.1:8000/","method":"GET"} []
[2020-04-20T17:02:55.554079+00:00] security.INFO: Populated the TokenStorage with an anonymous Token. [] []
[2020-04-20T17:02:56.000744+00:00] request.ERROR: Uncaught PHP Exception Symfony\Component\HttpKernel\Exception\NotFoundHttpException: "No route found for "GET /email/verify"" at /Users/victorgousset/Desktop/laravel/my_quiz/vendor/symfony/http-kernel/EventListener/RouterListener.php line 136 {"exception":"[object] (Symfony\\Component\\HttpKernel\\Exception\\NotFoundHttpException(code: 0): No route found for \"GET /email/verify\" at /Users/victorgousset/Desktop/laravel/my_quiz/vendor/symfony/http-kernel/EventListener/RouterListener.php:136)\n[previous exception] [object] (Symfony\\Component\\Routing\\Exception\\ResourceNotFoundException(code: 0): No routes found for \"/email/verify/\". at /Users/victorgousset/Desktop/laravel/my_quiz/vendor/symfony/routing/Matcher/Dumper/CompiledUrlMatcherTrait.php:70)"} []
[2020-04-20T17:02:56.222239+00:00] request.INFO: Matched route "_wdt". {"route":"_wdt","route_parameters":{"_route":"_wdt","_controller":"web_profiler.controller.profiler::toolbarAction","token":"076e9e"},"request_uri":"http://127.0.0.1:8000/_wdt/076e9e","method":"GET"} []
[2020-04-20T17:02:56.759346+00:00] request.INFO: Matched route "app_home_shoz". {"route":"app_home_shoz","route_parameters":{"_route":"app_home_shoz","_controller":"App\\Controller\\HomeController::shoz"},"request_uri":"http://127.0.0.1:8000/e","method":"GET"} []
[2020-04-20T17:02:56.802719+00:00] request.CRITICAL: Uncaught PHP Exception Twig\Error\LoaderError: "Unable to find template "pages/base.html.twig" (looked into: /Users/victorgousset/Desktop/laravel/my_quiz/templates, /Users/victorgousset/Desktop/laravel/my_quiz/vendor/symfony/twig-bridge/Resources/views/Form)." at /Users/victorgousset/Desktop/laravel/my_quiz/vendor/twig/twig/src/Loader/FilesystemLoader.php line 227 {"exception":"[object] (Twig\\Error\\LoaderError(code: 0): Unable to find template \"pages/base.html.twig\" (looked into: /Users/victorgousset/Desktop/laravel/my_quiz/templates, /Users/victorgousset/Desktop/laravel/my_quiz/vendor/symfony/twig-bridge/Resources/views/Form). at /Users/victorgousset/Desktop/laravel/my_quiz/vendor/twig/twig/src/Loader/FilesystemLoader.php:227)"} []
[2020-04-20T17:02:56.854526+00:00] security.INFO: Populated the TokenStorage with an anonymous Token. [] []
[2020-04-20T17:02:57.032183+00:00] request.INFO: Matched route "_wdt". {"route":"_wdt","route_parameters":{"_route":"_wdt","_controller":"web_profiler.controller.profiler::toolbarAction","token":"3edd1c"},"request_uri":"http://127.0.0.1:8000/_wdt/3edd1c","method":"GET"} []
[2020-04-20T17:03:06.747194+00:00] request.INFO: Matched route "app_home_shoz". {"route":"app_home_shoz","route_parameters":{"_route":"app_home_shoz","_controller":"App\\Controller\\HomeController::shoz"},"request_uri":"http://127.0.0.1:8000/e","method":"GET"} []
[2020-04-20T17:03:06.787271+00:00] security.INFO: Populated the TokenStorage with an anonymous Token. [] []
[2020-04-20T17:03:06.934942+00:00] request.INFO: Matched route "_wdt". {"route":"_wdt","route_parameters":{"_route":"_wdt","_controller":"web_profiler.controller.profiler::toolbarAction","token":"5bbbf4"},"request_uri":"http://127.0.0.1:8000/_wdt/5bbbf4","method":"GET"} []
[2020-04-20T17:03:25.275603+00:00] request.INFO: Matched route "app_home_shoz". {"route":"app_home_shoz","route_parameters":{"_route":"app_home_shoz","_controller":"App\\Controller\\HomeController::shoz"},"request_uri":"http://127.0.0.1:8000/e","method":"GET"} []
[2020-04-20T17:03:25.343243+00:00] security.INFO: Populated the TokenStorage with an anonymous Token. [] []
[2020-04-20T17:03:25.494667+00:00] request.INFO: Matched route "_wdt". {"route":"_wdt","route_parameters":{"_route":"_wdt","_controller":"web_profiler.controller.profiler::toolbarAction","token":"01ad04"},"request_uri":"http://127.0.0.1:8000/_wdt/01ad04","method":"GET"} []
[2020-04-21T12:56:01.890877+00:00] php.DEBUG: Warning: filemtime(): stat failed for /Users/victorgousset/Desktop/laravel/my_quiz/config/routes/dev/framework.yaml {"exception":{"Symfony\\Component\\ErrorHandler\\Exception\\SilencedErrorContext":{"severity":2,"file":"/Users/victorgousset/Desktop/dev/my_quiz/vendor/symfony/config/Resource/FileResource.php","line":65,"trace":[{"file":"/Users/victorgousset/Desktop/dev/my_quiz/vendor/symfony/config/Resource/SelfCheckingResourceChecker.php","line":34,"function":"isFresh","class":"Symfony\\Component\\Config\\Resource\\FileResource","type":"->"}],"count":1}}} []
[2020-04-21T12:56:02.010826+00:00] request.INFO: Matched route "app_home_index". {"route":"app_home_index","route_parameters":{"_route":"app_home_index","_controller":"App\\Controller\\HomeController::index"},"request_uri":"http://127.0.0.1:8000/","method":"GET"} []
[2020-04-21T12:56:02.043181+00:00] security.INFO: Populated the TokenStorage with an anonymous Token. [] []
[2020-04-21T12:59:54.293260+00:00] request.INFO: Matched route "app_home_index". {"route":"app_home_index","route_parameters":{"_route":"app_home_index","_controller":"App\\Controller\\HomeController::index"},"request_uri":"http://127.0.0.1:8000/","method":"GET"} []
[2020-04-21T12:59:54.343604+00:00] request.CRITICAL: Uncaught PHP Exception Twig\Error\SyntaxError: "A template that extends another one cannot include content outside Twig blocks. Did you forget to put the content inside a {% block %} tag?" at /Users/victorgousset/Desktop/dev/my_quiz/templates/pages/home.html.twig line 2 {"exception":"[object] (Twig\\Error\\SyntaxError(code: 0): A template that extends another one cannot include content outside Twig blocks. Did you forget to put the content inside a {% block %} tag? at /Users/victorgousset/Desktop/dev/my_quiz/templates/pages/home.html.twig:2)"} []
[2020-04-21T12:59:54.409093+00:00] security.INFO: Populated the TokenStorage with an anonymous Token. [] []
[2020-04-21T12:59:54.666759+00:00] request.INFO: Matched route "_wdt". {"route":"_wdt","route_parameters":{"_route":"_wdt","_controller":"web_profiler.controller.profiler::toolbarAction","token":"a78401"},"request_uri":"http://127.0.0.1:8000/_wdt/a78401","method":"GET"} []
[2020-04-21T13:00:32.736048+00:00] request.INFO: Matched route "app_home_index". {"route":"app_home_index","route_parameters":{"_route":"app_home_index","_controller":"App\\Controller\\HomeController::index"},"request_uri":"http://127.0.0.1:8000/","method":"GET"} []
[2020-04-21T13:00:32.798412+00:00] security.INFO: Populated the TokenStorage with an anonymous Token. [] []
[2020-04-21T13:00:33.782422+00:00] request.INFO: Matched route "_wdt". {"route":"_wdt","route_parameters":{"_route":"_wdt","_controller":"web_profiler.controller.profiler::toolbarAction","token":"61849a"},"request_uri":"http://127.0.0.1:8000/_wdt/61849a","method":"GET"} []
[2020-04-21T13:00:44.783302+00:00] request.INFO: Matched route "app_home_index". {"route":"app_home_index","route_parameters":{"_route":"app_home_index","_controller":"App\\Controller\\HomeController::index"},"request_uri":"http://127.0.0.1:8000/","method":"GET"} []
[2020-04-21T13:00:44.842534+00:00] security.INFO: Populated the TokenStorage with an anonymous Token. [] []
[2020-04-21T13:00:44.992661+00:00] request.INFO: Matched route "_wdt". {"route":"_wdt","route_parameters":{"_route":"_wdt","_controller":"web_profiler.controller.profiler::toolbarAction","token":"ad1408"},"request_uri":"http://127.0.0.1:8000/_wdt/ad1408","method":"GET"} []
[2020-04-21T13:01:34.511566+00:00] request.INFO: Matched route "app_home_index". {"route":"app_home_index","route_parameters":{"_route":"app_home_index","_controller":"App\\Controller\\HomeController::index"},"request_uri":"http://127.0.0.1:8000/","method":"GET"} []
[2020-04-21T13:01:34.573237+00:00] security.INFO: Populated the TokenStorage with an anonymous Token. [] []
[2020-04-21T13:01:34.718550+00:00] request.INFO: Matched route "_wdt". {"route":"_wdt","route_parameters":{"_route":"_wdt","_controller":"web_profiler.controller.profiler::toolbarAction","token":"4f7467"},"request_uri":"http://127.0.0.1:8000/_wdt/4f7467","method":"GET"} []
[2020-04-21T13:01:36.310324+00:00] request.INFO: Matched route "app_home_index". {"route":"app_home_index","route_parameters":{"_route":"app_home_index","_controller":"App\\Controller\\HomeController::index"},"request_uri":"http://127.0.0.1:8000/","method":"GET"} []
[2020-04-21T13:01:36.354585+00:00] security.INFO: Populated the TokenStorage with an anonymous Token. [] []
[2020-04-21T13:01:36.498113+00:00] request.INFO: Matched route "_wdt". {"route":"_wdt","route_parameters":{"_route":"_wdt","_controller":"web_profiler.controller.profiler::toolbarAction","token":"ea7926"},"request_uri":"http://127.0.0.1:8000/_wdt/ea7926","method":"GET"} []
[2020-04-21T13:01:43.605345+00:00] request.INFO: Matched route "app_home_index". {"route":"app_home_index","route_parameters":{"_route":"app_home_index","_controller":"App\\Controller\\HomeController::index"},"request_uri":"http://127.0.0.1:8000/","method":"GET"} []
[2020-04-21T13:01:43.665761+00:00] security.INFO: Populated the TokenStorage with an anonymous Token. [] []
[2020-04-21T13:01:43.804796+00:00] request.INFO: Matched route "_wdt". {"route":"_wdt","route_parameters":{"_route":"_wdt","_controller":"web_profiler.controller.profiler::toolbarAction","token":"2dcef3"},"request_uri":"http://127.0.0.1:8000/_wdt/2dcef3","method":"GET"} []
[2020-04-21T13:02:15.443787+00:00] request.INFO: Matched route "app_home_index". {"route":"app_home_index","route_parameters":{"_route":"app_home_index","_controller":"App\\Controller\\HomeController::index"},"request_uri":"http://127.0.0.1:8000/","method":"GET"} []
[2020-04-21T13:02:15.503991+00:00] security.INFO: Populated the TokenStorage with an anonymous Token. [] []
[2020-04-21T13:02:15.643603+00:00] request.INFO: Matched route "_wdt". {"route":"_wdt","route_parameters":{"_route":"_wdt","_controller":"web_profiler.controller.profiler::toolbarAction","token":"438a5b"},"request_uri":"http://127.0.0.1:8000/_wdt/438a5b","method":"GET"} []
[2020-04-21T13:22:36.961120+00:00] doctrine.DEBUG: SHOW FULL TABLES WHERE Table_type = 'BASE TABLE' [] []
[2020-04-21T13:22:36.973935+00:00] doctrine.DEBUG: CREATE TABLE migration_versions (version VARCHAR(14) NOT NULL, executed_at DATETIME NOT NULL COMMENT '(DC2Type:datetime_immutable)', PRIMARY KEY(version)) DEFAULT CHARACTER SET utf8mb4 COLLATE `utf8mb4_unicode_ci` ENGINE = InnoDB [] []
[2020-04-21T13:22:37.001013+00:00] doctrine.DEBUG: SHOW FULL TABLES WHERE Table_type = 'BASE TABLE' [] []
[2020-04-21T13:22:37.001904+00:00] doctrine.DEBUG: SELECT COLUMN_NAME AS Field, COLUMN_TYPE AS Type, IS_NULLABLE AS `Null`, COLUMN_KEY AS `Key`, COLUMN_DEFAULT AS `Default`, EXTRA AS Extra, COLUMN_COMMENT AS Comment, CHARACTER_SET_NAME AS CharacterSet, COLLATION_NAME AS Collation FROM information_schema.COLUMNS WHERE TABLE_SCHEMA = 'my_quizz' AND TABLE_NAME = 'categorie' ORDER BY ORDINAL_POSITION ASC [] []
[2020-04-21T13:22:37.002769+00:00] doctrine.DEBUG: SELECT DISTINCT k.`CONSTRAINT_NAME`, k.`COLUMN_NAME`, k.`REFERENCED_TABLE_NAME`, k.`REFERENCED_COLUMN_NAME` /*!50116 , c.update_rule, c.delete_rule */ FROM information_schema.key_column_usage k /*!50116 INNER JOIN information_schema.referential_constraints c ON   c.constraint_name = k.constraint_name AND   c.table_name = 'categorie' */ WHERE k.table_name = 'categorie' AND k.table_schema = 'my_quizz' /*!50116 AND c.constraint_schema = 'my_quizz' */ AND k.`REFERENCED_COLUMN_NAME` is not NULL [] []
[2020-04-21T13:22:37.003409+00:00] doctrine.DEBUG: SELECT NON_UNIQUE AS Non_Unique, INDEX_NAME AS Key_name, COLUMN_NAME AS Column_Name, SUB_PART AS Sub_Part, INDEX_TYPE AS Index_Type FROM information_schema.STATISTICS WHERE TABLE_NAME = 'categorie' AND TABLE_SCHEMA = 'my_quizz' ORDER BY SEQ_IN_INDEX ASC [] []
[2020-04-21T13:22:37.003763+00:00] doctrine.DEBUG: SELECT ENGINE, AUTO_INCREMENT, TABLE_COLLATION, TABLE_COMMENT, CREATE_OPTIONS FROM information_schema.TABLES WHERE TABLE_TYPE = 'BASE TABLE' AND TABLE_SCHEMA = DATABASE() AND TABLE_NAME = 'categorie' [] []
[2020-04-21T13:22:37.004094+00:00] doctrine.DEBUG: SELECT COLUMN_NAME AS Field, COLUMN_TYPE AS Type, IS_NULLABLE AS `Null`, COLUMN_KEY AS `Key`, COLUMN_DEFAULT AS `Default`, EXTRA AS Extra, COLUMN_COMMENT AS Comment, CHARACTER_SET_NAME AS CharacterSet, COLLATION_NAME AS Collation FROM information_schema.COLUMNS WHERE TABLE_SCHEMA = 'my_quizz' AND TABLE_NAME = 'migration_versions' ORDER BY ORDINAL_POSITION ASC [] []
[2020-04-21T13:22:37.004764+00:00] doctrine.DEBUG: SELECT DISTINCT k.`CONSTRAINT_NAME`, k.`COLUMN_NAME`, k.`REFERENCED_TABLE_NAME`, k.`REFERENCED_COLUMN_NAME` /*!50116 , c.update_rule, c.delete_rule */ FROM information_schema.key_column_usage k /*!50116 INNER JOIN information_schema.referential_constraints c ON   c.constraint_name = k.constraint_name AND   c.table_name = 'migration_versions' */ WHERE k.table_name = 'migration_versions' AND k.table_schema = 'my_quizz' /*!50116 AND c.constraint_schema = 'my_quizz' */ AND k.`REFERENCED_COLUMN_NAME` is not NULL [] []
[2020-04-21T13:22:37.006408+00:00] doctrine.DEBUG: SELECT NON_UNIQUE AS Non_Unique, INDEX_NAME AS Key_name, COLUMN_NAME AS Column_Name, SUB_PART AS Sub_Part, INDEX_TYPE AS Index_Type FROM information_schema.STATISTICS WHERE TABLE_NAME = 'migration_versions' AND TABLE_SCHEMA = 'my_quizz' ORDER BY SEQ_IN_INDEX ASC [] []
[2020-04-21T13:22:37.006963+00:00] doctrine.DEBUG: SELECT ENGINE, AUTO_INCREMENT, TABLE_COLLATION, TABLE_COMMENT, CREATE_OPTIONS FROM information_schema.TABLES WHERE TABLE_TYPE = 'BASE TABLE' AND TABLE_SCHEMA = DATABASE() AND TABLE_NAME = 'migration_versions' [] []
[2020-04-21T13:22:37.007398+00:00] doctrine.DEBUG: SELECT COLUMN_NAME AS Field, COLUMN_TYPE AS Type, IS_NULLABLE AS `Null`, COLUMN_KEY AS `Key`, COLUMN_DEFAULT AS `Default`, EXTRA AS Extra, COLUMN_COMMENT AS Comment, CHARACTER_SET_NAME AS CharacterSet, COLLATION_NAME AS Collation FROM information_schema.COLUMNS WHERE TABLE_SCHEMA = 'my_quizz' AND TABLE_NAME = 'question' ORDER BY ORDINAL_POSITION ASC [] []
[2020-04-21T13:22:37.008049+00:00] doctrine.DEBUG: SELECT DISTINCT k.`CONSTRAINT_NAME`, k.`COLUMN_NAME`, k.`REFERENCED_TABLE_NAME`, k.`REFERENCED_COLUMN_NAME` /*!50116 , c.update_rule, c.delete_rule */ FROM information_schema.key_column_usage k /*!50116 INNER JOIN information_schema.referential_constraints c ON   c.constraint_name = k.constraint_name AND   c.table_name = 'question' */ WHERE k.table_name = 'question' AND k.table_schema = 'my_quizz' /*!50116 AND c.constraint_schema = 'my_quizz' */ AND k.`REFERENCED_COLUMN_NAME` is not NULL [] []
[2020-04-21T13:22:37.008415+00:00] doctrine.DEBUG: SELECT NON_UNIQUE AS Non_Unique, INDEX_NAME AS Key_name, COLUMN_NAME AS Column_Name, SUB_PART AS Sub_Part, INDEX_TYPE AS Index_Type FROM information_schema.STATISTICS WHERE TABLE_NAME = 'question' AND TABLE_SCHEMA = 'my_quizz' ORDER BY SEQ_IN_INDEX ASC [] []
[2020-04-21T13:22:37.008709+00:00] doctrine.DEBUG: SELECT ENGINE, AUTO_INCREMENT, TABLE_COLLATION, TABLE_COMMENT, CREATE_OPTIONS FROM information_schema.TABLES WHERE TABLE_TYPE = 'BASE TABLE' AND TABLE_SCHEMA = DATABASE() AND TABLE_NAME = 'question' [] []
[2020-04-21T13:22:37.008980+00:00] doctrine.DEBUG: SELECT COLUMN_NAME AS Field, COLUMN_TYPE AS Type, IS_NULLABLE AS `Null`, COLUMN_KEY AS `Key`, COLUMN_DEFAULT AS `Default`, EXTRA AS Extra, COLUMN_COMMENT AS Comment, CHARACTER_SET_NAME AS CharacterSet, COLLATION_NAME AS Collation FROM information_schema.COLUMNS WHERE TABLE_SCHEMA = 'my_quizz' AND TABLE_NAME = 'reponse' ORDER BY ORDINAL_POSITION ASC [] []
[2020-04-21T13:22:37.009462+00:00] doctrine.DEBUG: SELECT DISTINCT k.`CONSTRAINT_NAME`, k.`COLUMN_NAME`, k.`REFERENCED_TABLE_NAME`, k.`REFERENCED_COLUMN_NAME` /*!50116 , c.update_rule, c.delete_rule */ FROM information_schema.key_column_usage k /*!50116 INNER JOIN information_schema.referential_constraints c ON   c.constraint_name = k.constraint_name AND   c.table_name = 'reponse' */ WHERE k.table_name = 'reponse' AND k.table_schema = 'my_quizz' /*!50116 AND c.constraint_schema = 'my_quizz' */ AND k.`REFERENCED_COLUMN_NAME` is not NULL [] []
[2020-04-21T13:22:37.009854+00:00] doctrine.DEBUG: SELECT NON_UNIQUE AS Non_Unique, INDEX_NAME AS Key_name, COLUMN_NAME AS Column_Name, SUB_PART AS Sub_Part, INDEX_TYPE AS Index_Type FROM information_schema.STATISTICS WHERE TABLE_NAME = 'reponse' AND TABLE_SCHEMA = 'my_quizz' ORDER BY SEQ_IN_INDEX ASC [] []
[2020-04-21T13:22:37.010144+00:00] doctrine.DEBUG: SELECT ENGINE, AUTO_INCREMENT, TABLE_COLLATION, TABLE_COMMENT, CREATE_OPTIONS FROM information_schema.TABLES WHERE TABLE_TYPE = 'BASE TABLE' AND TABLE_SCHEMA = DATABASE() AND TABLE_NAME = 'reponse' [] []
[2020-04-21T13:25:12.154891+00:00] console.ERROR: Error thrown while running command "doctrine". Message: "Command "doctrine" is not defined.  Did you mean one of these?     doctrine:cache:clear-collection-region     doctrine:cache:clear-entity-region     doctrine:cache:clear-metadata     doctrine:cache:clear-query     doctrine:cache:clear-query-region     doctrine:cache:clear-result     doctrine:database:create     doctrine:database:drop     doctrine:database:import     doctrine:ensure-production-settings     doctrine:mapping:convert     doctrine:mapping:import     doctrine:mapping:info     doctrine:migrations:diff     doctrine:migrations:dump-schema     doctrine:migrations:execute     doctrine:migrations:generate     doctrine:migrations:latest     doctrine:migrations:migrate     doctrine:migrations:rollup     doctrine:migrations:status     doctrine:migrations:up-to-date     doctrine:migrations:version     doctrine:query:dql     doctrine:query:sql     doctrine:schema:create     doctrine:schema:drop     doctrine:schema:update     doctrine:schema:validate" {"exception":"[object] (Symfony\\Component\\Console\\Exception\\CommandNotFoundException(code: 0): Command \"doctrine\" is not defined.\n\nDid you mean one of these?\n    doctrine:cache:clear-collection-region\n    doctrine:cache:clear-entity-region\n    doctrine:cache:clear-metadata\n    doctrine:cache:clear-query\n    doctrine:cache:clear-query-region\n    doctrine:cache:clear-result\n    doctrine:database:create\n    doctrine:database:drop\n    doctrine:database:import\n    doctrine:ensure-production-settings\n    doctrine:mapping:convert\n    doctrine:mapping:import\n    doctrine:mapping:info\n    doctrine:migrations:diff\n    doctrine:migrations:dump-schema\n    doctrine:migrations:execute\n    doctrine:migrations:generate\n    doctrine:migrations:latest\n    doctrine:migrations:migrate\n    doctrine:migrations:rollup\n    doctrine:migrations:status\n    doctrine:migrations:up-to-date\n    doctrine:migrations:version\n    doctrine:query:dql\n    doctrine:query:sql\n    doctrine:schema:create\n    doctrine:schema:drop\n    doctrine:schema:update\n    doctrine:schema:validate at /Users/victorgousset/Desktop/dev/my_quiz/vendor/symfony/console/Application.php:644)","command":"doctrine","message":"Command \"doctrine\" is not defined.\n\nDid you mean one of these?\n    doctrine:cache:clear-collection-region\n    doctrine:cache:clear-entity-region\n    doctrine:cache:clear-metadata\n    doctrine:cache:clear-query\n    doctrine:cache:clear-query-region\n    doctrine:cache:clear-result\n    doctrine:database:create\n    doctrine:database:drop\n    doctrine:database:import\n    doctrine:ensure-production-settings\n    doctrine:mapping:convert\n    doctrine:mapping:import\n    doctrine:mapping:info\n    doctrine:migrations:diff\n    doctrine:migrations:dump-schema\n    doctrine:migrations:execute\n    doctrine:migrations:generate\n    doctrine:migrations:latest\n    doctrine:migrations:migrate\n    doctrine:migrations:rollup\n    doctrine:migrations:status\n    doctrine:migrations:up-to-date\n    doctrine:migrations:version\n    doctrine:query:dql\n    doctrine:query:sql\n    doctrine:schema:create\n    doctrine:schema:drop\n    doctrine:schema:update\n    doctrine:schema:validate"} []
[2020-04-21T13:25:28.648167+00:00] doctrine.DEBUG: SHOW FULL TABLES WHERE Table_type = 'BASE TABLE' [] []
[2020-04-21T13:25:28.650115+00:00] doctrine.DEBUG: SELECT COLUMN_NAME AS Field, COLUMN_TYPE AS Type, IS_NULLABLE AS `Null`, COLUMN_KEY AS `Key`, COLUMN_DEFAULT AS `Default`, EXTRA AS Extra, COLUMN_COMMENT AS Comment, CHARACTER_SET_NAME AS CharacterSet, COLLATION_NAME AS Collation FROM information_schema.COLUMNS WHERE TABLE_SCHEMA = 'my_quizz' AND TABLE_NAME = 'migration_versions' ORDER BY ORDINAL_POSITION ASC [] []
[2020-04-21T13:25:28.656564+00:00] doctrine.DEBUG: SELECT DISTINCT k.`CONSTRAINT_NAME`, k.`COLUMN_NAME`, k.`REFERENCED_TABLE_NAME`, k.`REFERENCED_COLUMN_NAME` /*!50116 , c.update_rule, c.delete_rule */ FROM information_schema.key_column_usage k /*!50116 INNER JOIN information_schema.referential_constraints c ON   c.constraint_name = k.constraint_name AND   c.table_name = 'migration_versions' */ WHERE k.table_name = 'migration_versions' AND k.table_schema = 'my_quizz' /*!50116 AND c.constraint_schema = 'my_quizz' */ AND k.`REFERENCED_COLUMN_NAME` is not NULL [] []
[2020-04-21T13:25:28.656961+00:00] doctrine.DEBUG: SELECT NON_UNIQUE AS Non_Unique, INDEX_NAME AS Key_name, COLUMN_NAME AS Column_Name, SUB_PART AS Sub_Part, INDEX_TYPE AS Index_Type FROM information_schema.STATISTICS WHERE TABLE_NAME = 'migration_versions' AND TABLE_SCHEMA = 'my_quizz' ORDER BY SEQ_IN_INDEX ASC [] []
[2020-04-21T13:25:28.658877+00:00] doctrine.DEBUG: SELECT ENGINE, AUTO_INCREMENT, TABLE_COLLATION, TABLE_COMMENT, CREATE_OPTIONS FROM information_schema.TABLES WHERE TABLE_TYPE = 'BASE TABLE' AND TABLE_SCHEMA = DATABASE() AND TABLE_NAME = 'migration_versions' [] []
[2020-04-21T13:25:28.659542+00:00] doctrine.DEBUG: SELECT version FROM migration_versions [] []
[2020-04-21T13:25:30.612462+00:00] doctrine.DEBUG: SELECT version FROM migration_versions WHERE version IN ('20200421132236') ORDER BY version DESC LIMIT 1 [] []
[2020-04-21T13:25:30.613588+00:00] doctrine.DEBUG: SELECT version FROM migration_versions [] []
[2020-04-21T13:25:30.621775+00:00] doctrine.DEBUG: "START TRANSACTION" [] []
[2020-04-21T13:25:30.654242+00:00] doctrine.DEBUG: CREATE TABLE property (id INT AUTO_INCREMENT NOT NULL, id_categorie INT NOT NULL, question VARCHAR(255) NOT NULL, PRIMARY KEY(id)) DEFAULT CHARACTER SET utf8mb4 COLLATE `utf8mb4_unicode_ci` ENGINE = InnoDB [] []
[2020-04-21T13:25:30.674219+00:00] doctrine.DEBUG: DROP TABLE categorie [] []
[2020-04-21T13:25:30.680890+00:00] doctrine.DEBUG: DROP TABLE question [] []
[2020-04-21T13:25:30.684953+00:00] doctrine.DEBUG: DROP TABLE reponse [] []
[2020-04-21T13:25:30.688902+00:00] doctrine.DEBUG: INSERT INTO migration_versions (version, executed_at) VALUES (?, ?) ["20200421132236","2020-04-21 13:25:30"] []
[2020-04-21T13:25:30.691347+00:00] doctrine.DEBUG: "COMMIT" [] []
[2020-04-21T13:26:59.592633+00:00] php.DEBUG: Warning: include(/Users/victorgousset/Desktop/dev/my_quiz/var/cache/de_/App_KernelDevDebugContainer.php): failed to open stream: No such file or directory {"exception":{"Symfony\\Component\\ErrorHandler\\Exception\\SilencedErrorContext":{"severity":2,"file":"/Users/victorgousset/Desktop/dev/my_quiz/vendor/symfony/http-kernel/Kernel.php","line":458,"trace":[{"file":"/Users/victorgousset/Desktop/dev/my_quiz/vendor/symfony/http-kernel/Kernel.php","line":458,"function":"include"}],"count":1}}} []
[2020-04-21T13:26:59.594383+00:00] php.DEBUG: Warning: include(): Failed opening '/Users/victorgousset/Desktop/dev/my_quiz/var/cache/de_/App_KernelDevDebugContainer.php' for inclusion (include_path='.:') [] []
[2020-04-21T13:27:02.141686+00:00] php.DEBUG: Warning: file(/proc/mounts): failed to open stream: No such file or directory {"exception":{"Symfony\\Component\\ErrorHandler\\Exception\\SilencedErrorContext":{"severity":2,"file":"/Users/victorgousset/Desktop/dev/my_quiz/vendor/symfony/framework-bundle/Command/CacheClearCommand.php","line":137,"trace":[{"file":"/Users/victorgousset/Desktop/dev/my_quiz/vendor/symfony/console/Command/Command.php","line":255,"function":"execute","class":"Symfony\\Bundle\\FrameworkBundle\\Command\\CacheClearCommand","type":"->"}],"count":1}}} []
[2020-04-21T13:27:10.303490+00:00] php.DEBUG: Warning: include(/Users/victorgousset/Desktop/dev/my_quiz/var/cache/de_/App_KernelDevDebugContainer.php): failed to open stream: No such file or directory {"exception":{"Symfony\\Component\\ErrorHandler\\Exception\\SilencedErrorContext":{"severity":2,"file":"/Users/victorgousset/Desktop/dev/my_quiz/vendor/symfony/http-kernel/Kernel.php","line":458,"trace":[{"file":"/Users/victorgousset/Desktop/dev/my_quiz/vendor/symfony/http-kernel/Kernel.php","line":458,"function":"include"}],"count":1}}} []
[2020-04-21T13:27:10.305078+00:00] php.DEBUG: Warning: include(): Failed opening '/Users/victorgousset/Desktop/dev/my_quiz/var/cache/de_/App_KernelDevDebugContainer.php' for inclusion (include_path='.:') [] []
[2020-04-21T13:27:12.858814+00:00] php.DEBUG: Warning: file(/proc/mounts): failed to open stream: No such file or directory {"exception":{"Symfony\\Component\\ErrorHandler\\Exception\\SilencedErrorContext":{"severity":2,"file":"/Users/victorgousset/Desktop/dev/my_quiz/vendor/symfony/framework-bundle/Command/CacheClearCommand.php","line":137,"trace":[{"file":"/Users/victorgousset/Desktop/dev/my_quiz/vendor/symfony/console/Command/Command.php","line":255,"function":"execute","class":"Symfony\\Bundle\\FrameworkBundle\\Command\\CacheClearCommand","type":"->"}],"count":1}}} []
[2020-04-21T13:43:49.027688+00:00] request.CRITICAL: Uncaught PHP Exception Symfony\Component\Config\Exception\LoaderLoadException: "[Semantical Error] The annotation "@Route" in method App\Controller\PropertyController::index() was never imported. Did you maybe forget to add a "use" statement for this annotation? in /Users/victorgousset/Desktop/dev/my_quiz/config/routes/../../src/Controller/ (which is being imported from "/Users/victorgousset/Desktop/dev/my_quiz/config/routes/annotations.yaml"). Make sure annotations are installed and enabled." at /Users/victorgousset/Desktop/dev/my_quiz/vendor/symfony/config/Loader/FileLoader.php line 173 {"exception":"[object] (Symfony\\Component\\Config\\Exception\\LoaderLoadException(code: 0): [Semantical Error] The annotation \"@Route\" in method App\\Controller\\PropertyController::index() was never imported. Did you maybe forget to add a \"use\" statement for this annotation? in /Users/victorgousset/Desktop/dev/my_quiz/config/routes/../../src/Controller/ (which is being imported from \"/Users/victorgousset/Desktop/dev/my_quiz/config/routes/annotations.yaml\"). Make sure annotations are installed and enabled. at /Users/victorgousset/Desktop/dev/my_quiz/vendor/symfony/config/Loader/FileLoader.php:173)\n[previous exception] [object] (Doctrine\\Common\\Annotations\\AnnotationException(code: 0): [Semantical Error] The annotation \"@Route\" in method App\\Controller\\PropertyController::index() was never imported. Did you maybe forget to add a \"use\" statement for this annotation? at /Users/victorgousset/Desktop/dev/my_quiz/vendor/doctrine/annotations/lib/Doctrine/Common/Annotations/AnnotationException.php:54)"} []
[2020-04-21T13:44:13.398685+00:00] request.INFO: Matched route "app_home_index". {"route":"app_home_index","route_parameters":{"_route":"app_home_index","_controller":"App\\Controller\\HomeController::index"},"request_uri":"http://127.0.0.1:8000/","method":"GET"} []
[2020-04-21T13:44:13.438971+00:00] security.INFO: Populated the TokenStorage with an anonymous Token. [] []
[2020-04-21T13:44:13.600405+00:00] request.INFO: Matched route "_wdt". {"route":"_wdt","route_parameters":{"_route":"_wdt","_controller":"web_profiler.controller.profiler::toolbarAction","token":"829c5f"},"request_uri":"http://127.0.0.1:8000/_wdt/829c5f","method":"GET"} []
[2020-04-21T13:44:17.974254+00:00] request.INFO: Matched route "app_property_index". {"route":"app_property_index","route_parameters":{"_route":"app_property_index","_controller":"App\\Controller\\PropertyController::index"},"request_uri":"http://127.0.0.1:8000/question","method":"GET"} []
[2020-04-21T13:44:18.036605+00:00] doctrine.DEBUG: "START TRANSACTION" [] []
[2020-04-21T13:44:18.042564+00:00] doctrine.DEBUG: INSERT INTO property (id_categorie, question) VALUES (?, ?) {"1":"2","2":"Salut super question non ?"} []
[2020-04-21T13:44:18.043057+00:00] doctrine.DEBUG: "COMMIT" [] []
[2020-04-21T13:44:18.055699+00:00] request.CRITICAL: Uncaught PHP Exception Symfony\Component\HttpKernel\Exception\ControllerDoesNotReturnResponseException: "The controller must return a "Symfony\Component\HttpFoundation\Response" object but it returned null. Did you forget to add a return statement somewhere in your controller?" at /Users/victorgousset/Desktop/dev/my_quiz/src/Controller/PropertyController.php line 29 {"exception":"[object] (Symfony\\Component\\HttpKernel\\Exception\\ControllerDoesNotReturnResponseException(code: 0): The controller must return a \"Symfony\\Component\\HttpFoundation\\Response\" object but it returned null. Did you forget to add a return statement somewhere in your controller? at /Users/victorgousset/Desktop/dev/my_quiz/src/Controller/PropertyController.php:29)"} []
[2020-04-21T13:44:18.093920+00:00] security.INFO: Populated the TokenStorage with an anonymous Token. [] []
[2020-04-21T13:44:18.282884+00:00] request.INFO: Matched route "_wdt". {"route":"_wdt","route_parameters":{"_route":"_wdt","_controller":"web_profiler.controller.profiler::toolbarAction","token":"ce7bf3"},"request_uri":"http://127.0.0.1:8000/_wdt/ce7bf3","method":"GET"} []
[2020-04-21T13:45:15.623799+00:00] request.INFO: Matched route "app_property_index". {"route":"app_property_index","route_parameters":{"_route":"app_property_index","_controller":"App\\Controller\\PropertyController::index"},"request_uri":"http://127.0.0.1:8000/question","method":"GET"} []
[2020-04-21T13:45:15.666221+00:00] doctrine.DEBUG: "START TRANSACTION" [] []
[2020-04-21T13:45:15.671235+00:00] doctrine.DEBUG: INSERT INTO property (id_categorie, question) VALUES (?, ?) {"1":"2","2":"Salut super question non ?"} []
[2020-04-21T13:45:15.673907+00:00] doctrine.DEBUG: "COMMIT" [] []
[2020-04-21T13:45:15.688093+00:00] request.CRITICAL: Uncaught PHP Exception Twig\Error\RuntimeError: "Variable "chiffre" does not exist." at /Users/victorgousset/Desktop/dev/my_quiz/templates/pages/home.html.twig line 13 {"exception":"[object] (Twig\\Error\\RuntimeError(code: 0): Variable \"chiffre\" does not exist. at /Users/victorgousset/Desktop/dev/my_quiz/templates/pages/home.html.twig:13)"} []
[2020-04-21T13:45:15.747482+00:00] security.INFO: Populated the TokenStorage with an anonymous Token. [] []
[2020-04-21T13:45:15.973090+00:00] request.INFO: Matched route "_wdt". {"route":"_wdt","route_parameters":{"_route":"_wdt","_controller":"web_profiler.controller.profiler::toolbarAction","token":"e0ca57"},"request_uri":"http://127.0.0.1:8000/_wdt/e0ca57","method":"GET"} []
[2020-04-21T13:45:28.853281+00:00] request.INFO: Matched route "app_property_index". {"route":"app_property_index","route_parameters":{"_route":"app_property_index","_controller":"App\\Controller\\PropertyController::index"},"request_uri":"http://127.0.0.1:8000/question","method":"GET"} []
[2020-04-21T13:45:28.898042+00:00] doctrine.DEBUG: "START TRANSACTION" [] []
[2020-04-21T13:45:28.902994+00:00] doctrine.DEBUG: INSERT INTO property (id_categorie, question) VALUES (?, ?) {"1":"2","2":"Salut super question non ?"} []
[2020-04-21T13:45:28.903396+00:00] doctrine.DEBUG: "COMMIT" [] []
[2020-04-21T13:45:28.947540+00:00] security.INFO: Populated the TokenStorage with an anonymous Token. [] []
[2020-04-21T13:45:29.098051+00:00] request.INFO: Matched route "_wdt". {"route":"_wdt","route_parameters":{"_route":"_wdt","_controller":"web_profiler.controller.profiler::toolbarAction","token":"cbc2d0"},"request_uri":"http://127.0.0.1:8000/_wdt/cbc2d0","method":"GET"} []
[2020-04-21T13:53:39.102862+00:00] doctrine.DEBUG: SHOW FULL TABLES WHERE Table_type = 'BASE TABLE' [] []
[2020-04-21T13:53:39.105443+00:00] doctrine.DEBUG: SELECT COLUMN_NAME AS Field, COLUMN_TYPE AS Type, IS_NULLABLE AS `Null`, COLUMN_KEY AS `Key`, COLUMN_DEFAULT AS `Default`, EXTRA AS Extra, COLUMN_COMMENT AS Comment, CHARACTER_SET_NAME AS CharacterSet, COLLATION_NAME AS Collation FROM information_schema.COLUMNS WHERE TABLE_SCHEMA = 'my_quizz' AND TABLE_NAME = 'migration_versions' ORDER BY ORDINAL_POSITION ASC [] []
[2020-04-21T13:53:39.112485+00:00] doctrine.DEBUG: SELECT DISTINCT k.`CONSTRAINT_NAME`, k.`COLUMN_NAME`, k.`REFERENCED_TABLE_NAME`, k.`REFERENCED_COLUMN_NAME` /*!50116 , c.update_rule, c.delete_rule */ FROM information_schema.key_column_usage k /*!50116 INNER JOIN information_schema.referential_constraints c ON   c.constraint_name = k.constraint_name AND   c.table_name = 'migration_versions' */ WHERE k.table_name = 'migration_versions' AND k.table_schema = 'my_quizz' /*!50116 AND c.constraint_schema = 'my_quizz' */ AND k.`REFERENCED_COLUMN_NAME` is not NULL [] []
[2020-04-21T13:53:39.113057+00:00] doctrine.DEBUG: SELECT NON_UNIQUE AS Non_Unique, INDEX_NAME AS Key_name, COLUMN_NAME AS Column_Name, SUB_PART AS Sub_Part, INDEX_TYPE AS Index_Type FROM information_schema.STATISTICS WHERE TABLE_NAME = 'migration_versions' AND TABLE_SCHEMA = 'my_quizz' ORDER BY SEQ_IN_INDEX ASC [] []
[2020-04-21T13:53:39.115023+00:00] doctrine.DEBUG: SELECT ENGINE, AUTO_INCREMENT, TABLE_COLLATION, TABLE_COMMENT, CREATE_OPTIONS FROM information_schema.TABLES WHERE TABLE_TYPE = 'BASE TABLE' AND TABLE_SCHEMA = DATABASE() AND TABLE_NAME = 'migration_versions' [] []
[2020-04-21T13:53:39.116402+00:00] doctrine.DEBUG: SHOW FULL TABLES WHERE Table_type = 'BASE TABLE' [] []
[2020-04-21T13:53:39.116851+00:00] doctrine.DEBUG: SELECT COLUMN_NAME AS Field, COLUMN_TYPE AS Type, IS_NULLABLE AS `Null`, COLUMN_KEY AS `Key`, COLUMN_DEFAULT AS `Default`, EXTRA AS Extra, COLUMN_COMMENT AS Comment, CHARACTER_SET_NAME AS CharacterSet, COLLATION_NAME AS Collation FROM information_schema.COLUMNS WHERE TABLE_SCHEMA = 'my_quizz' AND TABLE_NAME = 'migration_versions' ORDER BY ORDINAL_POSITION ASC [] []
[2020-04-21T13:53:39.117314+00:00] doctrine.DEBUG: SELECT DISTINCT k.`CONSTRAINT_NAME`, k.`COLUMN_NAME`, k.`REFERENCED_TABLE_NAME`, k.`REFERENCED_COLUMN_NAME` /*!50116 , c.update_rule, c.delete_rule */ FROM information_schema.key_column_usage k /*!50116 INNER JOIN information_schema.referential_constraints c ON   c.constraint_name = k.constraint_name AND   c.table_name = 'migration_versions' */ WHERE k.table_name = 'migration_versions' AND k.table_schema = 'my_quizz' /*!50116 AND c.constraint_schema = 'my_quizz' */ AND k.`REFERENCED_COLUMN_NAME` is not NULL [] []
[2020-04-21T13:53:39.117674+00:00] doctrine.DEBUG: SELECT NON_UNIQUE AS Non_Unique, INDEX_NAME AS Key_name, COLUMN_NAME AS Column_Name, SUB_PART AS Sub_Part, INDEX_TYPE AS Index_Type FROM information_schema.STATISTICS WHERE TABLE_NAME = 'migration_versions' AND TABLE_SCHEMA = 'my_quizz' ORDER BY SEQ_IN_INDEX ASC [] []
[2020-04-21T13:53:39.117995+00:00] doctrine.DEBUG: SELECT ENGINE, AUTO_INCREMENT, TABLE_COLLATION, TABLE_COMMENT, CREATE_OPTIONS FROM information_schema.TABLES WHERE TABLE_TYPE = 'BASE TABLE' AND TABLE_SCHEMA = DATABASE() AND TABLE_NAME = 'migration_versions' [] []
[2020-04-21T13:53:39.118294+00:00] doctrine.DEBUG: SELECT COLUMN_NAME AS Field, COLUMN_TYPE AS Type, IS_NULLABLE AS `Null`, COLUMN_KEY AS `Key`, COLUMN_DEFAULT AS `Default`, EXTRA AS Extra, COLUMN_COMMENT AS Comment, CHARACTER_SET_NAME AS CharacterSet, COLLATION_NAME AS Collation FROM information_schema.COLUMNS WHERE TABLE_SCHEMA = 'my_quizz' AND TABLE_NAME = 'property' ORDER BY ORDINAL_POSITION ASC [] []
[2020-04-21T13:53:39.118737+00:00] doctrine.DEBUG: SELECT DISTINCT k.`CONSTRAINT_NAME`, k.`COLUMN_NAME`, k.`REFERENCED_TABLE_NAME`, k.`REFERENCED_COLUMN_NAME` /*!50116 , c.update_rule, c.delete_rule */ FROM information_schema.key_column_usage k /*!50116 INNER JOIN information_schema.referential_constraints c ON   c.constraint_name = k.constraint_name AND   c.table_name = 'property' */ WHERE k.table_name = 'property' AND k.table_schema = 'my_quizz' /*!50116 AND c.constraint_schema = 'my_quizz' */ AND k.`REFERENCED_COLUMN_NAME` is not NULL [] []
[2020-04-21T13:53:39.119077+00:00] doctrine.DEBUG: SELECT NON_UNIQUE AS Non_Unique, INDEX_NAME AS Key_name, COLUMN_NAME AS Column_Name, SUB_PART AS Sub_Part, INDEX_TYPE AS Index_Type FROM information_schema.STATISTICS WHERE TABLE_NAME = 'property' AND TABLE_SCHEMA = 'my_quizz' ORDER BY SEQ_IN_INDEX ASC [] []
[2020-04-21T13:53:39.119386+00:00] doctrine.DEBUG: SELECT ENGINE, AUTO_INCREMENT, TABLE_COLLATION, TABLE_COMMENT, CREATE_OPTIONS FROM information_schema.TABLES WHERE TABLE_TYPE = 'BASE TABLE' AND TABLE_SCHEMA = DATABASE() AND TABLE_NAME = 'property' [] []
[2020-04-21T13:54:38.753217+00:00] doctrine.DEBUG: SHOW FULL TABLES WHERE Table_type = 'BASE TABLE' [] []
[2020-04-21T13:54:38.761138+00:00] doctrine.DEBUG: SELECT COLUMN_NAME AS Field, COLUMN_TYPE AS Type, IS_NULLABLE AS `Null`, COLUMN_KEY AS `Key`, COLUMN_DEFAULT AS `Default`, EXTRA AS Extra, COLUMN_COMMENT AS Comment, CHARACTER_SET_NAME AS CharacterSet, COLLATION_NAME AS Collation FROM information_schema.COLUMNS WHERE TABLE_SCHEMA = 'my_quizz' AND TABLE_NAME = 'migration_versions' ORDER BY ORDINAL_POSITION ASC [] []
[2020-04-21T13:54:38.770683+00:00] doctrine.DEBUG: SELECT DISTINCT k.`CONSTRAINT_NAME`, k.`COLUMN_NAME`, k.`REFERENCED_TABLE_NAME`, k.`REFERENCED_COLUMN_NAME` /*!50116 , c.update_rule, c.delete_rule */ FROM information_schema.key_column_usage k /*!50116 INNER JOIN information_schema.referential_constraints c ON   c.constraint_name = k.constraint_name AND   c.table_name = 'migration_versions' */ WHERE k.table_name = 'migration_versions' AND k.table_schema = 'my_quizz' /*!50116 AND c.constraint_schema = 'my_quizz' */ AND k.`REFERENCED_COLUMN_NAME` is not NULL [] []
[2020-04-21T13:54:38.771172+00:00] doctrine.DEBUG: SELECT NON_UNIQUE AS Non_Unique, INDEX_NAME AS Key_name, COLUMN_NAME AS Column_Name, SUB_PART AS Sub_Part, INDEX_TYPE AS Index_Type FROM information_schema.STATISTICS WHERE TABLE_NAME = 'migration_versions' AND TABLE_SCHEMA = 'my_quizz' ORDER BY SEQ_IN_INDEX ASC [] []
[2020-04-21T13:54:38.773395+00:00] doctrine.DEBUG: SELECT ENGINE, AUTO_INCREMENT, TABLE_COLLATION, TABLE_COMMENT, CREATE_OPTIONS FROM information_schema.TABLES WHERE TABLE_TYPE = 'BASE TABLE' AND TABLE_SCHEMA = DATABASE() AND TABLE_NAME = 'migration_versions' [] []
[2020-04-21T13:54:38.774110+00:00] doctrine.DEBUG: SELECT version FROM migration_versions [] []
[2020-04-21T13:54:40.408794+00:00] doctrine.DEBUG: SELECT version FROM migration_versions WHERE version IN ('20200421132236', '20200421135339') ORDER BY version DESC LIMIT 1 [] []
[2020-04-21T13:54:40.416358+00:00] doctrine.DEBUG: SELECT version FROM migration_versions [] []
[2020-04-21T13:54:40.418598+00:00] doctrine.DEBUG: "START TRANSACTION" [] []
[2020-04-21T13:54:40.450642+00:00] doctrine.DEBUG: CREATE TABLE question (id INT AUTO_INCREMENT NOT NULL, id_categorie INT NOT NULL, question VARCHAR(255) NOT NULL, PRIMARY KEY(id)) DEFAULT CHARACTER SET utf8mb4 COLLATE `utf8mb4_unicode_ci` ENGINE = InnoDB [] []
[2020-04-21T13:54:40.471371+00:00] doctrine.DEBUG: ALTER TABLE property CHANGE id_categorie id_categorie VARCHAR(255) NOT NULL [] []
[2020-04-21T13:54:40.501785+00:00] doctrine.DEBUG: INSERT INTO migration_versions (version, executed_at) VALUES (?, ?) ["20200421135339","2020-04-21 13:54:40"] []
[2020-04-21T13:54:40.503398+00:00] doctrine.DEBUG: "COMMIT" [] []
[2020-04-21T13:56:33.608075+00:00] doctrine.DEBUG: SHOW FULL TABLES WHERE Table_type = 'BASE TABLE' [] []
[2020-04-21T13:56:33.610205+00:00] doctrine.DEBUG: SELECT COLUMN_NAME AS Field, COLUMN_TYPE AS Type, IS_NULLABLE AS `Null`, COLUMN_KEY AS `Key`, COLUMN_DEFAULT AS `Default`, EXTRA AS Extra, COLUMN_COMMENT AS Comment, CHARACTER_SET_NAME AS CharacterSet, COLLATION_NAME AS Collation FROM information_schema.COLUMNS WHERE TABLE_SCHEMA = 'my_quizz' AND TABLE_NAME = 'migration_versions' ORDER BY ORDINAL_POSITION ASC [] []
[2020-04-21T13:56:33.617822+00:00] doctrine.DEBUG: SELECT DISTINCT k.`CONSTRAINT_NAME`, k.`COLUMN_NAME`, k.`REFERENCED_TABLE_NAME`, k.`REFERENCED_COLUMN_NAME` /*!50116 , c.update_rule, c.delete_rule */ FROM information_schema.key_column_usage k /*!50116 INNER JOIN information_schema.referential_constraints c ON   c.constraint_name = k.constraint_name AND   c.table_name = 'migration_versions' */ WHERE k.table_name = 'migration_versions' AND k.table_schema = 'my_quizz' /*!50116 AND c.constraint_schema = 'my_quizz' */ AND k.`REFERENCED_COLUMN_NAME` is not NULL [] []
[2020-04-21T13:56:33.618315+00:00] doctrine.DEBUG: SELECT NON_UNIQUE AS Non_Unique, INDEX_NAME AS Key_name, COLUMN_NAME AS Column_Name, SUB_PART AS Sub_Part, INDEX_TYPE AS Index_Type FROM information_schema.STATISTICS WHERE TABLE_NAME = 'migration_versions' AND TABLE_SCHEMA = 'my_quizz' ORDER BY SEQ_IN_INDEX ASC [] []
[2020-04-21T13:56:33.620519+00:00] doctrine.DEBUG: SELECT ENGINE, AUTO_INCREMENT, TABLE_COLLATION, TABLE_COMMENT, CREATE_OPTIONS FROM information_schema.TABLES WHERE TABLE_TYPE = 'BASE TABLE' AND TABLE_SCHEMA = DATABASE() AND TABLE_NAME = 'migration_versions' [] []
[2020-04-21T13:56:33.622059+00:00] doctrine.DEBUG: SHOW FULL TABLES WHERE Table_type = 'BASE TABLE' [] []
[2020-04-21T13:56:33.622552+00:00] doctrine.DEBUG: SELECT COLUMN_NAME AS Field, COLUMN_TYPE AS Type, IS_NULLABLE AS `Null`, COLUMN_KEY AS `Key`, COLUMN_DEFAULT AS `Default`, EXTRA AS Extra, COLUMN_COMMENT AS Comment, CHARACTER_SET_NAME AS CharacterSet, COLLATION_NAME AS Collation FROM information_schema.COLUMNS WHERE TABLE_SCHEMA = 'my_quizz' AND TABLE_NAME = 'migration_versions' ORDER BY ORDINAL_POSITION ASC [] []
[2020-04-21T13:56:33.623029+00:00] doctrine.DEBUG: SELECT DISTINCT k.`CONSTRAINT_NAME`, k.`COLUMN_NAME`, k.`REFERENCED_TABLE_NAME`, k.`REFERENCED_COLUMN_NAME` /*!50116 , c.update_rule, c.delete_rule */ FROM information_schema.key_column_usage k /*!50116 INNER JOIN information_schema.referential_constraints c ON   c.constraint_name = k.constraint_name AND   c.table_name = 'migration_versions' */ WHERE k.table_name = 'migration_versions' AND k.table_schema = 'my_quizz' /*!50116 AND c.constraint_schema = 'my_quizz' */ AND k.`REFERENCED_COLUMN_NAME` is not NULL [] []
[2020-04-21T13:56:33.623356+00:00] doctrine.DEBUG: SELECT NON_UNIQUE AS Non_Unique, INDEX_NAME AS Key_name, COLUMN_NAME AS Column_Name, SUB_PART AS Sub_Part, INDEX_TYPE AS Index_Type FROM information_schema.STATISTICS WHERE TABLE_NAME = 'migration_versions' AND TABLE_SCHEMA = 'my_quizz' ORDER BY SEQ_IN_INDEX ASC [] []
[2020-04-21T13:56:33.623638+00:00] doctrine.DEBUG: SELECT ENGINE, AUTO_INCREMENT, TABLE_COLLATION, TABLE_COMMENT, CREATE_OPTIONS FROM information_schema.TABLES WHERE TABLE_TYPE = 'BASE TABLE' AND TABLE_SCHEMA = DATABASE() AND TABLE_NAME = 'migration_versions' [] []
[2020-04-21T13:56:33.623902+00:00] doctrine.DEBUG: SELECT COLUMN_NAME AS Field, COLUMN_TYPE AS Type, IS_NULLABLE AS `Null`, COLUMN_KEY AS `Key`, COLUMN_DEFAULT AS `Default`, EXTRA AS Extra, COLUMN_COMMENT AS Comment, CHARACTER_SET_NAME AS CharacterSet, COLLATION_NAME AS Collation FROM information_schema.COLUMNS WHERE TABLE_SCHEMA = 'my_quizz' AND TABLE_NAME = 'property' ORDER BY ORDINAL_POSITION ASC [] []
[2020-04-21T13:56:33.624343+00:00] doctrine.DEBUG: SELECT DISTINCT k.`CONSTRAINT_NAME`, k.`COLUMN_NAME`, k.`REFERENCED_TABLE_NAME`, k.`REFERENCED_COLUMN_NAME` /*!50116 , c.update_rule, c.delete_rule */ FROM information_schema.key_column_usage k /*!50116 INNER JOIN information_schema.referential_constraints c ON   c.constraint_name = k.constraint_name AND   c.table_name = 'property' */ WHERE k.table_name = 'property' AND k.table_schema = 'my_quizz' /*!50116 AND c.constraint_schema = 'my_quizz' */ AND k.`REFERENCED_COLUMN_NAME` is not NULL [] []
[2020-04-21T13:56:33.624697+00:00] doctrine.DEBUG: SELECT NON_UNIQUE AS Non_Unique, INDEX_NAME AS Key_name, COLUMN_NAME AS Column_Name, SUB_PART AS Sub_Part, INDEX_TYPE AS Index_Type FROM information_schema.STATISTICS WHERE TABLE_NAME = 'property' AND TABLE_SCHEMA = 'my_quizz' ORDER BY SEQ_IN_INDEX ASC [] []
[2020-04-21T13:56:33.624992+00:00] doctrine.DEBUG: SELECT ENGINE, AUTO_INCREMENT, TABLE_COLLATION, TABLE_COMMENT, CREATE_OPTIONS FROM information_schema.TABLES WHERE TABLE_TYPE = 'BASE TABLE' AND TABLE_SCHEMA = DATABASE() AND TABLE_NAME = 'property' [] []
[2020-04-21T13:56:33.625291+00:00] doctrine.DEBUG: SELECT COLUMN_NAME AS Field, COLUMN_TYPE AS Type, IS_NULLABLE AS `Null`, COLUMN_KEY AS `Key`, COLUMN_DEFAULT AS `Default`, EXTRA AS Extra, COLUMN_COMMENT AS Comment, CHARACTER_SET_NAME AS CharacterSet, COLLATION_NAME AS Collation FROM information_schema.COLUMNS WHERE TABLE_SCHEMA = 'my_quizz' AND TABLE_NAME = 'question' ORDER BY ORDINAL_POSITION ASC [] []
[2020-04-21T13:56:33.625744+00:00] doctrine.DEBUG: SELECT DISTINCT k.`CONSTRAINT_NAME`, k.`COLUMN_NAME`, k.`REFERENCED_TABLE_NAME`, k.`REFERENCED_COLUMN_NAME` /*!50116 , c.update_rule, c.delete_rule */ FROM information_schema.key_column_usage k /*!50116 INNER JOIN information_schema.referential_constraints c ON   c.constraint_name = k.constraint_name AND   c.table_name = 'question' */ WHERE k.table_name = 'question' AND k.table_schema = 'my_quizz' /*!50116 AND c.constraint_schema = 'my_quizz' */ AND k.`REFERENCED_COLUMN_NAME` is not NULL [] []
[2020-04-21T13:56:33.626103+00:00] doctrine.DEBUG: SELECT NON_UNIQUE AS Non_Unique, INDEX_NAME AS Key_name, COLUMN_NAME AS Column_Name, SUB_PART AS Sub_Part, INDEX_TYPE AS Index_Type FROM information_schema.STATISTICS WHERE TABLE_NAME = 'question' AND TABLE_SCHEMA = 'my_quizz' ORDER BY SEQ_IN_INDEX ASC [] []
[2020-04-21T13:56:33.626384+00:00] doctrine.DEBUG: SELECT ENGINE, AUTO_INCREMENT, TABLE_COLLATION, TABLE_COMMENT, CREATE_OPTIONS FROM information_schema.TABLES WHERE TABLE_TYPE = 'BASE TABLE' AND TABLE_SCHEMA = DATABASE() AND TABLE_NAME = 'question' [] []
[2020-04-21T13:56:41.693419+00:00] doctrine.DEBUG: SHOW FULL TABLES WHERE Table_type = 'BASE TABLE' [] []
[2020-04-21T13:56:41.695343+00:00] doctrine.DEBUG: SELECT COLUMN_NAME AS Field, COLUMN_TYPE AS Type, IS_NULLABLE AS `Null`, COLUMN_KEY AS `Key`, COLUMN_DEFAULT AS `Default`, EXTRA AS Extra, COLUMN_COMMENT AS Comment, CHARACTER_SET_NAME AS CharacterSet, COLLATION_NAME AS Collation FROM information_schema.COLUMNS WHERE TABLE_SCHEMA = 'my_quizz' AND TABLE_NAME = 'migration_versions' ORDER BY ORDINAL_POSITION ASC [] []
[2020-04-21T13:56:41.701699+00:00] doctrine.DEBUG: SELECT DISTINCT k.`CONSTRAINT_NAME`, k.`COLUMN_NAME`, k.`REFERENCED_TABLE_NAME`, k.`REFERENCED_COLUMN_NAME` /*!50116 , c.update_rule, c.delete_rule */ FROM information_schema.key_column_usage k /*!50116 INNER JOIN information_schema.referential_constraints c ON   c.constraint_name = k.constraint_name AND   c.table_name = 'migration_versions' */ WHERE k.table_name = 'migration_versions' AND k.table_schema = 'my_quizz' /*!50116 AND c.constraint_schema = 'my_quizz' */ AND k.`REFERENCED_COLUMN_NAME` is not NULL [] []
[2020-04-21T13:56:41.702071+00:00] doctrine.DEBUG: SELECT NON_UNIQUE AS Non_Unique, INDEX_NAME AS Key_name, COLUMN_NAME AS Column_Name, SUB_PART AS Sub_Part, INDEX_TYPE AS Index_Type FROM information_schema.STATISTICS WHERE TABLE_NAME = 'migration_versions' AND TABLE_SCHEMA = 'my_quizz' ORDER BY SEQ_IN_INDEX ASC [] []
[2020-04-21T13:56:41.703898+00:00] doctrine.DEBUG: SELECT ENGINE, AUTO_INCREMENT, TABLE_COLLATION, TABLE_COMMENT, CREATE_OPTIONS FROM information_schema.TABLES WHERE TABLE_TYPE = 'BASE TABLE' AND TABLE_SCHEMA = DATABASE() AND TABLE_NAME = 'migration_versions' [] []
[2020-04-21T13:56:41.704508+00:00] doctrine.DEBUG: SELECT version FROM migration_versions [] []
[2020-04-21T13:56:43.260899+00:00] doctrine.DEBUG: SELECT version FROM migration_versions WHERE version IN ('20200421132236', '20200421135339', '20200421135633') ORDER BY version DESC LIMIT 1 [] []
[2020-04-21T13:56:43.262001+00:00] doctrine.DEBUG: SELECT version FROM migration_versions [] []
[2020-04-21T13:56:43.264481+00:00] doctrine.DEBUG: "START TRANSACTION" [] []
[2020-04-21T13:56:43.286789+00:00] doctrine.DEBUG: CREATE TABLE categorie (id INT AUTO_INCREMENT NOT NULL, name VARCHAR(100) NOT NULL, PRIMARY KEY(id)) DEFAULT CHARACTER SET utf8mb4 COLLATE `utf8mb4_unicode_ci` ENGINE = InnoDB [] []
[2020-04-21T13:56:43.311878+00:00] doctrine.DEBUG: ALTER TABLE question CHANGE id_categorie id_categorie VARCHAR(255) NOT NULL [] []
[2020-04-21T13:56:43.341403+00:00] doctrine.DEBUG: INSERT INTO migration_versions (version, executed_at) VALUES (?, ?) ["20200421135633","2020-04-21 13:56:43"] []
[2020-04-21T13:56:43.343451+00:00] doctrine.DEBUG: "COMMIT" [] []
[2020-04-21T13:58:59.993564+00:00] doctrine.DEBUG: SHOW FULL TABLES WHERE Table_type = 'BASE TABLE' [] []
[2020-04-21T13:58:59.995665+00:00] doctrine.DEBUG: SELECT COLUMN_NAME AS Field, COLUMN_TYPE AS Type, IS_NULLABLE AS `Null`, COLUMN_KEY AS `Key`, COLUMN_DEFAULT AS `Default`, EXTRA AS Extra, COLUMN_COMMENT AS Comment, CHARACTER_SET_NAME AS CharacterSet, COLLATION_NAME AS Collation FROM information_schema.COLUMNS WHERE TABLE_SCHEMA = 'my_quizz' AND TABLE_NAME = 'migration_versions' ORDER BY ORDINAL_POSITION ASC [] []
[2020-04-21T13:59:00.003401+00:00] doctrine.DEBUG: SELECT DISTINCT k.`CONSTRAINT_NAME`, k.`COLUMN_NAME`, k.`REFERENCED_TABLE_NAME`, k.`REFERENCED_COLUMN_NAME` /*!50116 , c.update_rule, c.delete_rule */ FROM information_schema.key_column_usage k /*!50116 INNER JOIN information_schema.referential_constraints c ON   c.constraint_name = k.constraint_name AND   c.table_name = 'migration_versions' */ WHERE k.table_name = 'migration_versions' AND k.table_schema = 'my_quizz' /*!50116 AND c.constraint_schema = 'my_quizz' */ AND k.`REFERENCED_COLUMN_NAME` is not NULL [] []
[2020-04-21T13:59:00.003901+00:00] doctrine.DEBUG: SELECT NON_UNIQUE AS Non_Unique, INDEX_NAME AS Key_name, COLUMN_NAME AS Column_Name, SUB_PART AS Sub_Part, INDEX_TYPE AS Index_Type FROM information_schema.STATISTICS WHERE TABLE_NAME = 'migration_versions' AND TABLE_SCHEMA = 'my_quizz' ORDER BY SEQ_IN_INDEX ASC [] []
[2020-04-21T13:59:00.006124+00:00] doctrine.DEBUG: SELECT ENGINE, AUTO_INCREMENT, TABLE_COLLATION, TABLE_COMMENT, CREATE_OPTIONS FROM information_schema.TABLES WHERE TABLE_TYPE = 'BASE TABLE' AND TABLE_SCHEMA = DATABASE() AND TABLE_NAME = 'migration_versions' [] []
[2020-04-21T13:59:00.007632+00:00] doctrine.DEBUG: SHOW FULL TABLES WHERE Table_type = 'BASE TABLE' [] []
[2020-04-21T13:59:00.008178+00:00] doctrine.DEBUG: SELECT COLUMN_NAME AS Field, COLUMN_TYPE AS Type, IS_NULLABLE AS `Null`, COLUMN_KEY AS `Key`, COLUMN_DEFAULT AS `Default`, EXTRA AS Extra, COLUMN_COMMENT AS Comment, CHARACTER_SET_NAME AS CharacterSet, COLLATION_NAME AS Collation FROM information_schema.COLUMNS WHERE TABLE_SCHEMA = 'my_quizz' AND TABLE_NAME = 'categorie' ORDER BY ORDINAL_POSITION ASC [] []
[2020-04-21T13:59:00.008713+00:00] doctrine.DEBUG: SELECT DISTINCT k.`CONSTRAINT_NAME`, k.`COLUMN_NAME`, k.`REFERENCED_TABLE_NAME`, k.`REFERENCED_COLUMN_NAME` /*!50116 , c.update_rule, c.delete_rule */ FROM information_schema.key_column_usage k /*!50116 INNER JOIN information_schema.referential_constraints c ON   c.constraint_name = k.constraint_name AND   c.table_name = 'categorie' */ WHERE k.table_name = 'categorie' AND k.table_schema = 'my_quizz' /*!50116 AND c.constraint_schema = 'my_quizz' */ AND k.`REFERENCED_COLUMN_NAME` is not NULL [] []
[2020-04-21T13:59:00.009056+00:00] doctrine.DEBUG: SELECT NON_UNIQUE AS Non_Unique, INDEX_NAME AS Key_name, COLUMN_NAME AS Column_Name, SUB_PART AS Sub_Part, INDEX_TYPE AS Index_Type FROM information_schema.STATISTICS WHERE TABLE_NAME = 'categorie' AND TABLE_SCHEMA = 'my_quizz' ORDER BY SEQ_IN_INDEX ASC [] []
[2020-04-21T13:59:00.009340+00:00] doctrine.DEBUG: SELECT ENGINE, AUTO_INCREMENT, TABLE_COLLATION, TABLE_COMMENT, CREATE_OPTIONS FROM information_schema.TABLES WHERE TABLE_TYPE = 'BASE TABLE' AND TABLE_SCHEMA = DATABASE() AND TABLE_NAME = 'categorie' [] []
[2020-04-21T13:59:00.009604+00:00] doctrine.DEBUG: SELECT COLUMN_NAME AS Field, COLUMN_TYPE AS Type, IS_NULLABLE AS `Null`, COLUMN_KEY AS `Key`, COLUMN_DEFAULT AS `Default`, EXTRA AS Extra, COLUMN_COMMENT AS Comment, CHARACTER_SET_NAME AS CharacterSet, COLLATION_NAME AS Collation FROM information_schema.COLUMNS WHERE TABLE_SCHEMA = 'my_quizz' AND TABLE_NAME = 'migration_versions' ORDER BY ORDINAL_POSITION ASC [] []
[2020-04-21T13:59:00.010030+00:00] doctrine.DEBUG: SELECT DISTINCT k.`CONSTRAINT_NAME`, k.`COLUMN_NAME`, k.`REFERENCED_TABLE_NAME`, k.`REFERENCED_COLUMN_NAME` /*!50116 , c.update_rule, c.delete_rule */ FROM information_schema.key_column_usage k /*!50116 INNER JOIN information_schema.referential_constraints c ON   c.constraint_name = k.constraint_name AND   c.table_name = 'migration_versions' */ WHERE k.table_name = 'migration_versions' AND k.table_schema = 'my_quizz' /*!50116 AND c.constraint_schema = 'my_quizz' */ AND k.`REFERENCED_COLUMN_NAME` is not NULL [] []
[2020-04-21T13:59:00.010349+00:00] doctrine.DEBUG: SELECT NON_UNIQUE AS Non_Unique, INDEX_NAME AS Key_name, COLUMN_NAME AS Column_Name, SUB_PART AS Sub_Part, INDEX_TYPE AS Index_Type FROM information_schema.STATISTICS WHERE TABLE_NAME = 'migration_versions' AND TABLE_SCHEMA = 'my_quizz' ORDER BY SEQ_IN_INDEX ASC [] []
[2020-04-21T13:59:00.010668+00:00] doctrine.DEBUG: SELECT ENGINE, AUTO_INCREMENT, TABLE_COLLATION, TABLE_COMMENT, CREATE_OPTIONS FROM information_schema.TABLES WHERE TABLE_TYPE = 'BASE TABLE' AND TABLE_SCHEMA = DATABASE() AND TABLE_NAME = 'migration_versions' [] []
[2020-04-21T13:59:00.010976+00:00] doctrine.DEBUG: SELECT COLUMN_NAME AS Field, COLUMN_TYPE AS Type, IS_NULLABLE AS `Null`, COLUMN_KEY AS `Key`, COLUMN_DEFAULT AS `Default`, EXTRA AS Extra, COLUMN_COMMENT AS Comment, CHARACTER_SET_NAME AS CharacterSet, COLLATION_NAME AS Collation FROM information_schema.COLUMNS WHERE TABLE_SCHEMA = 'my_quizz' AND TABLE_NAME = 'property' ORDER BY ORDINAL_POSITION ASC [] []
[2020-04-21T13:59:00.011469+00:00] doctrine.DEBUG: SELECT DISTINCT k.`CONSTRAINT_NAME`, k.`COLUMN_NAME`, k.`REFERENCED_TABLE_NAME`, k.`REFERENCED_COLUMN_NAME` /*!50116 , c.update_rule, c.delete_rule */ FROM information_schema.key_column_usage k /*!50116 INNER JOIN information_schema.referential_constraints c ON   c.constraint_name = k.constraint_name AND   c.table_name = 'property' */ WHERE k.table_name = 'property' AND k.table_schema = 'my_quizz' /*!50116 AND c.constraint_schema = 'my_quizz' */ AND k.`REFERENCED_COLUMN_NAME` is not NULL [] []
[2020-04-21T13:59:00.011846+00:00] doctrine.DEBUG: SELECT NON_UNIQUE AS Non_Unique, INDEX_NAME AS Key_name, COLUMN_NAME AS Column_Name, SUB_PART AS Sub_Part, INDEX_TYPE AS Index_Type FROM information_schema.STATISTICS WHERE TABLE_NAME = 'property' AND TABLE_SCHEMA = 'my_quizz' ORDER BY SEQ_IN_INDEX ASC [] []
[2020-04-21T13:59:00.012127+00:00] doctrine.DEBUG: SELECT ENGINE, AUTO_INCREMENT, TABLE_COLLATION, TABLE_COMMENT, CREATE_OPTIONS FROM information_schema.TABLES WHERE TABLE_TYPE = 'BASE TABLE' AND TABLE_SCHEMA = DATABASE() AND TABLE_NAME = 'property' [] []
[2020-04-21T13:59:00.012388+00:00] doctrine.DEBUG: SELECT COLUMN_NAME AS Field, COLUMN_TYPE AS Type, IS_NULLABLE AS `Null`, COLUMN_KEY AS `Key`, COLUMN_DEFAULT AS `Default`, EXTRA AS Extra, COLUMN_COMMENT AS Comment, CHARACTER_SET_NAME AS CharacterSet, COLLATION_NAME AS Collation FROM information_schema.COLUMNS WHERE TABLE_SCHEMA = 'my_quizz' AND TABLE_NAME = 'question' ORDER BY ORDINAL_POSITION ASC [] []
[2020-04-21T13:59:00.012825+00:00] doctrine.DEBUG: SELECT DISTINCT k.`CONSTRAINT_NAME`, k.`COLUMN_NAME`, k.`REFERENCED_TABLE_NAME`, k.`REFERENCED_COLUMN_NAME` /*!50116 , c.update_rule, c.delete_rule */ FROM information_schema.key_column_usage k /*!50116 INNER JOIN information_schema.referential_constraints c ON   c.constraint_name = k.constraint_name AND   c.table_name = 'question' */ WHERE k.table_name = 'question' AND k.table_schema = 'my_quizz' /*!50116 AND c.constraint_schema = 'my_quizz' */ AND k.`REFERENCED_COLUMN_NAME` is not NULL [] []
[2020-04-21T13:59:00.013212+00:00] doctrine.DEBUG: SELECT NON_UNIQUE AS Non_Unique, INDEX_NAME AS Key_name, COLUMN_NAME AS Column_Name, SUB_PART AS Sub_Part, INDEX_TYPE AS Index_Type FROM information_schema.STATISTICS WHERE TABLE_NAME = 'question' AND TABLE_SCHEMA = 'my_quizz' ORDER BY SEQ_IN_INDEX ASC [] []
[2020-04-21T13:59:00.013525+00:00] doctrine.DEBUG: SELECT ENGINE, AUTO_INCREMENT, TABLE_COLLATION, TABLE_COMMENT, CREATE_OPTIONS FROM information_schema.TABLES WHERE TABLE_TYPE = 'BASE TABLE' AND TABLE_SCHEMA = DATABASE() AND TABLE_NAME = 'question' [] []
[2020-04-21T13:59:05.490470+00:00] doctrine.DEBUG: SHOW FULL TABLES WHERE Table_type = 'BASE TABLE' [] []
[2020-04-21T13:59:05.492644+00:00] doctrine.DEBUG: SELECT COLUMN_NAME AS Field, COLUMN_TYPE AS Type, IS_NULLABLE AS `Null`, COLUMN_KEY AS `Key`, COLUMN_DEFAULT AS `Default`, EXTRA AS Extra, COLUMN_COMMENT AS Comment, CHARACTER_SET_NAME AS CharacterSet, COLLATION_NAME AS Collation FROM information_schema.COLUMNS WHERE TABLE_SCHEMA = 'my_quizz' AND TABLE_NAME = 'migration_versions' ORDER BY ORDINAL_POSITION ASC [] []
[2020-04-21T13:59:05.500270+00:00] doctrine.DEBUG: SELECT DISTINCT k.`CONSTRAINT_NAME`, k.`COLUMN_NAME`, k.`REFERENCED_TABLE_NAME`, k.`REFERENCED_COLUMN_NAME` /*!50116 , c.update_rule, c.delete_rule */ FROM information_schema.key_column_usage k /*!50116 INNER JOIN information_schema.referential_constraints c ON   c.constraint_name = k.constraint_name AND   c.table_name = 'migration_versions' */ WHERE k.table_name = 'migration_versions' AND k.table_schema = 'my_quizz' /*!50116 AND c.constraint_schema = 'my_quizz' */ AND k.`REFERENCED_COLUMN_NAME` is not NULL [] []
[2020-04-21T13:59:05.500700+00:00] doctrine.DEBUG: SELECT NON_UNIQUE AS Non_Unique, INDEX_NAME AS Key_name, COLUMN_NAME AS Column_Name, SUB_PART AS Sub_Part, INDEX_TYPE AS Index_Type FROM information_schema.STATISTICS WHERE TABLE_NAME = 'migration_versions' AND TABLE_SCHEMA = 'my_quizz' ORDER BY SEQ_IN_INDEX ASC [] []
[2020-04-21T13:59:05.502885+00:00] doctrine.DEBUG: SELECT ENGINE, AUTO_INCREMENT, TABLE_COLLATION, TABLE_COMMENT, CREATE_OPTIONS FROM information_schema.TABLES WHERE TABLE_TYPE = 'BASE TABLE' AND TABLE_SCHEMA = DATABASE() AND TABLE_NAME = 'migration_versions' [] []
[2020-04-21T13:59:05.503593+00:00] doctrine.DEBUG: SELECT version FROM migration_versions [] []
[2020-04-21T13:59:07.481338+00:00] doctrine.DEBUG: SELECT version FROM migration_versions WHERE version IN ('20200421132236', '20200421135339', '20200421135633', '20200421135900') ORDER BY version DESC LIMIT 1 [] []
[2020-04-21T13:59:07.482462+00:00] doctrine.DEBUG: SELECT version FROM migration_versions [] []
[2020-04-21T13:59:07.484917+00:00] doctrine.DEBUG: "START TRANSACTION" [] []
[2020-04-21T13:59:07.507624+00:00] doctrine.DEBUG: CREATE TABLE reponse (id INT AUTO_INCREMENT NOT NULL, id_question INT NOT NULL, reponse VARCHAR(255) NOT NULL, reponse_expected TINYINT(1) NOT NULL, PRIMARY KEY(id)) DEFAULT CHARACTER SET utf8mb4 COLLATE `utf8mb4_unicode_ci` ENGINE = InnoDB [] []
[2020-04-21T13:59:07.532144+00:00] doctrine.DEBUG: INSERT INTO migration_versions (version, executed_at) VALUES (?, ?) ["20200421135900","2020-04-21 13:59:07"] []
[2020-04-21T13:59:07.534056+00:00] doctrine.DEBUG: "COMMIT" [] []
[2020-04-21T14:11:22.094674+00:00] request.CRITICAL: Uncaught PHP Exception Symfony\Component\Config\Exception\LoaderLoadException: "[Semantical Error] The annotation "@Route" in method App\Controller\QuestionController::index() was never imported. Did you maybe forget to add a "use" statement for this annotation? in /Users/victorgousset/Desktop/dev/my_quiz/config/routes/../../src/Controller/ (which is being imported from "/Users/victorgousset/Desktop/dev/my_quiz/config/routes/annotations.yaml"). Make sure annotations are installed and enabled." at /Users/victorgousset/Desktop/dev/my_quiz/vendor/symfony/config/Loader/FileLoader.php line 173 {"exception":"[object] (Symfony\\Component\\Config\\Exception\\LoaderLoadException(code: 0): [Semantical Error] The annotation \"@Route\" in method App\\Controller\\QuestionController::index() was never imported. Did you maybe forget to add a \"use\" statement for this annotation? in /Users/victorgousset/Desktop/dev/my_quiz/config/routes/../../src/Controller/ (which is being imported from \"/Users/victorgousset/Desktop/dev/my_quiz/config/routes/annotations.yaml\"). Make sure annotations are installed and enabled. at /Users/victorgousset/Desktop/dev/my_quiz/vendor/symfony/config/Loader/FileLoader.php:173)\n[previous exception] [object] (Doctrine\\Common\\Annotations\\AnnotationException(code: 0): [Semantical Error] The annotation \"@Route\" in method App\\Controller\\QuestionController::index() was never imported. Did you maybe forget to add a \"use\" statement for this annotation? at /Users/victorgousset/Desktop/dev/my_quiz/vendor/doctrine/annotations/lib/Doctrine/Common/Annotations/AnnotationException.php:54)"} []
[2020-04-21T14:11:33.562163+00:00] request.INFO: Matched route "app_question_index". {"route":"app_question_index","route_parameters":{"_route":"app_question_index","_controller":"App\\Controller\\QuestionController::index"},"request_uri":"http://127.0.0.1:8000/list","method":"GET"} []
[2020-04-21T14:11:33.614075+00:00] doctrine.DEBUG: SELECT t0.id AS id_1, t0.id_categorie AS id_categorie_2, t0.question AS question_3 FROM question t0 WHERE t0.id = ? ["3"] []
[2020-04-21T14:11:33.630031+00:00] request.CRITICAL: Uncaught PHP Exception Symfony\Component\HttpKernel\Exception\ControllerDoesNotReturnResponseException: "The controller must return a "Symfony\Component\HttpFoundation\Response" object but it returned null. Did you forget to add a return statement somewhere in your controller?" at /Users/victorgousset/Desktop/dev/my_quiz/src/Controller/QuestionController.php line 26 {"exception":"[object] (Symfony\\Component\\HttpKernel\\Exception\\ControllerDoesNotReturnResponseException(code: 0): The controller must return a \"Symfony\\Component\\HttpFoundation\\Response\" object but it returned null. Did you forget to add a return statement somewhere in your controller? at /Users/victorgousset/Desktop/dev/my_quiz/src/Controller/QuestionController.php:26)"} []
[2020-04-21T14:11:33.667686+00:00] security.INFO: Populated the TokenStorage with an anonymous Token. [] []
[2020-04-21T14:11:33.875121+00:00] request.INFO: Matched route "_wdt". {"route":"_wdt","route_parameters":{"_route":"_wdt","_controller":"web_profiler.controller.profiler::toolbarAction","token":"d2fb51"},"request_uri":"http://127.0.0.1:8000/_wdt/d2fb51","method":"GET"} []
[2020-04-21T14:12:33.098738+00:00] request.INFO: Matched route "app_question_index". {"route":"app_question_index","route_parameters":{"_route":"app_question_index","_controller":"App\\Controller\\QuestionController::index"},"request_uri":"http://127.0.0.1:8000/list","method":"GET"} []
[2020-04-21T14:12:33.145736+00:00] doctrine.DEBUG: SELECT t0.id AS id_1, t0.id_categorie AS id_categorie_2, t0.question AS question_3 FROM question t0 WHERE t0.id = ? ["3"] []
[2020-04-21T14:12:33.150361+00:00] php.CRITICAL: Uncaught Error: Class 'http\Env\Response' not found {"exception":"[object] (Error(code: 0): Class 'http\\Env\\Response' not found at /Users/victorgousset/Desktop/dev/my_quiz/src/Controller/QuestionController.php:23)"} []
[2020-04-21T14:12:33.381929+00:00] request.CRITICAL: Uncaught PHP Exception Symfony\Component\ErrorHandler\Error\ClassNotFoundError: "Attempted to load class "Response" from namespace "http\Env". Did you forget a "use" statement for e.g. "Symfony\Flex\Response", "Symfony\Component\HttpFoundation\Response" or "Symfony\Component\BrowserKit\Response"?" at /Users/victorgousset/Desktop/dev/my_quiz/src/Controller/QuestionController.php line 23 {"exception":"[object] (Symfony\\Component\\ErrorHandler\\Error\\ClassNotFoundError(code: 0): Attempted to load class \"Response\" from namespace \"http\\Env\".\nDid you forget a \"use\" statement for e.g. \"Symfony\\Flex\\Response\", \"Symfony\\Component\\HttpFoundation\\Response\" or \"Symfony\\Component\\BrowserKit\\Response\"? at /Users/victorgousset/Desktop/dev/my_quiz/src/Controller/QuestionController.php:23)"} []
[2020-04-21T14:12:33.416441+00:00] security.INFO: Populated the TokenStorage with an anonymous Token. [] []
[2020-04-21T14:12:33.602376+00:00] request.INFO: Matched route "_wdt". {"route":"_wdt","route_parameters":{"_route":"_wdt","_controller":"web_profiler.controller.profiler::toolbarAction","token":"96af7e"},"request_uri":"http://127.0.0.1:8000/_wdt/96af7e","method":"GET"} []
[2020-04-21T14:13:00.926359+00:00] request.INFO: Matched route "app_question_index". {"route":"app_question_index","route_parameters":{"_route":"app_question_index","_controller":"App\\Controller\\QuestionController::index"},"request_uri":"http://127.0.0.1:8000/list","method":"GET"} []
[2020-04-21T14:13:00.973825+00:00] doctrine.DEBUG: SELECT t0.id AS id_1, t0.id_categorie AS id_categorie_2, t0.question AS question_3 FROM question t0 WHERE t0.id = ? ["3"] []
[2020-04-21T14:13:00.988947+00:00] request.CRITICAL: Uncaught PHP Exception Symfony\Component\HttpKernel\Exception\ControllerDoesNotReturnResponseException: "The controller must return a "Symfony\Component\HttpFoundation\Response" object but it returned an object of type App\Entity\Question." at /Users/victorgousset/Desktop/dev/my_quiz/src/Controller/QuestionController.php line 23 {"exception":"[object] (Symfony\\Component\\HttpKernel\\Exception\\ControllerDoesNotReturnResponseException(code: 0): The controller must return a \"Symfony\\Component\\HttpFoundation\\Response\" object but it returned an object of type App\\Entity\\Question. at /Users/victorgousset/Desktop/dev/my_quiz/src/Controller/QuestionController.php:23)"} []
[2020-04-21T14:13:01.026517+00:00] security.INFO: Populated the TokenStorage with an anonymous Token. [] []
[2020-04-21T14:13:01.228426+00:00] request.INFO: Matched route "_wdt". {"route":"_wdt","route_parameters":{"_route":"_wdt","_controller":"web_profiler.controller.profiler::toolbarAction","token":"f29fbd"},"request_uri":"http://127.0.0.1:8000/_wdt/f29fbd","method":"GET"} []
[2020-04-21T14:13:24.348998+00:00] request.INFO: Matched route "app_question_index". {"route":"app_question_index","route_parameters":{"_route":"app_question_index","_controller":"App\\Controller\\QuestionController::index"},"request_uri":"http://127.0.0.1:8000/list","method":"GET"} []
[2020-04-21T14:13:24.396799+00:00] doctrine.DEBUG: SELECT t0.id AS id_1, t0.id_categorie AS id_categorie_2, t0.question AS question_3 FROM question t0 WHERE t0.id = ? ["3"] []
[2020-04-21T14:13:24.401913+00:00] php.CRITICAL: Uncaught Error: Argument 1 passed to Symfony\Component\HttpFoundation\Response::__construct() must be of the type string or null, object given, called in /Users/victorgousset/Desktop/dev/my_quiz/src/Controller/QuestionController.php on line 23 {"exception":"[object] (TypeError(code: 0): Argument 1 passed to Symfony\\Component\\HttpFoundation\\Response::__construct() must be of the type string or null, object given, called in /Users/victorgousset/Desktop/dev/my_quiz/src/Controller/QuestionController.php on line 23 at /Users/victorgousset/Desktop/dev/my_quiz/vendor/symfony/http-foundation/Response.php:197)"} []
[2020-04-21T14:13:24.412563+00:00] request.CRITICAL: Uncaught PHP Exception TypeError: "Argument 1 passed to Symfony\Component\HttpFoundation\Response::__construct() must be of the type string or null, object given, called in /Users/victorgousset/Desktop/dev/my_quiz/src/Controller/QuestionController.php on line 23" at /Users/victorgousset/Desktop/dev/my_quiz/vendor/symfony/http-foundation/Response.php line 197 {"exception":"[object] (TypeError(code: 0): Argument 1 passed to Symfony\\Component\\HttpFoundation\\Response::__construct() must be of the type string or null, object given, called in /Users/victorgousset/Desktop/dev/my_quiz/src/Controller/QuestionController.php on line 23 at /Users/victorgousset/Desktop/dev/my_quiz/vendor/symfony/http-foundation/Response.php:197)"} []
[2020-04-21T14:13:24.453999+00:00] security.INFO: Populated the TokenStorage with an anonymous Token. [] []
[2020-04-21T14:13:24.649525+00:00] request.INFO: Matched route "_wdt". {"route":"_wdt","route_parameters":{"_route":"_wdt","_controller":"web_profiler.controller.profiler::toolbarAction","token":"20ca84"},"request_uri":"http://127.0.0.1:8000/_wdt/20ca84","method":"GET"} []
[2020-04-21T14:15:04.240715+00:00] request.INFO: Matched route "_profiler_open_file". {"route":"_profiler_open_file","route_parameters":{"_route":"_profiler_open_file","_controller":"web_profiler.controller.profiler::openAction"},"request_uri":"http://127.0.0.1:8000/_profiler/open?file=vendor%2Fsymfony%2Fhttp-foundation%2FResponse.php&line=197","method":"GET"} []
[2020-04-21T14:15:22.215992+00:00] request.INFO: Matched route "app_question_index". {"route":"app_question_index","route_parameters":{"_route":"app_question_index","_controller":"App\\Controller\\QuestionController::index"},"request_uri":"http://127.0.0.1:8000/list","method":"GET"} []
[2020-04-21T14:15:22.266709+00:00] doctrine.DEBUG: SELECT t0.id AS id_1, t0.id_categorie AS id_categorie_2, t0.question AS question_3 FROM question t0 WHERE t0.id = ? ["3"] []
[2020-04-21T14:15:22.271738+00:00] php.CRITICAL: Uncaught Error: Argument 1 passed to Symfony\Component\HttpFoundation\Response::__construct() must be of the type string or null, object given, called in /Users/victorgousset/Desktop/dev/my_quiz/src/Controller/QuestionController.php on line 23 {"exception":"[object] (TypeError(code: 0): Argument 1 passed to Symfony\\Component\\HttpFoundation\\Response::__construct() must be of the type string or null, object given, called in /Users/victorgousset/Desktop/dev/my_quiz/src/Controller/QuestionController.php on line 23 at /Users/victorgousset/Desktop/dev/my_quiz/vendor/symfony/http-foundation/Response.php:197)"} []
[2020-04-21T14:15:22.282000+00:00] request.CRITICAL: Uncaught PHP Exception TypeError: "Argument 1 passed to Symfony\Component\HttpFoundation\Response::__construct() must be of the type string or null, object given, called in /Users/victorgousset/Desktop/dev/my_quiz/src/Controller/QuestionController.php on line 23" at /Users/victorgousset/Desktop/dev/my_quiz/vendor/symfony/http-foundation/Response.php line 197 {"exception":"[object] (TypeError(code: 0): Argument 1 passed to Symfony\\Component\\HttpFoundation\\Response::__construct() must be of the type string or null, object given, called in /Users/victorgousset/Desktop/dev/my_quiz/src/Controller/QuestionController.php on line 23 at /Users/victorgousset/Desktop/dev/my_quiz/vendor/symfony/http-foundation/Response.php:197)"} []
[2020-04-21T14:15:22.323765+00:00] security.INFO: Populated the TokenStorage with an anonymous Token. [] []
[2020-04-21T14:15:22.515121+00:00] request.INFO: Matched route "_wdt". {"route":"_wdt","route_parameters":{"_route":"_wdt","_controller":"web_profiler.controller.profiler::toolbarAction","token":"fd6f3b"},"request_uri":"http://127.0.0.1:8000/_wdt/fd6f3b","method":"GET"} []
[2020-04-21T14:15:39.438650+00:00] request.INFO: Matched route "app_question_index". {"route":"app_question_index","route_parameters":{"_route":"app_question_index","_controller":"App\\Controller\\QuestionController::index"},"request_uri":"http://127.0.0.1:8000/list","method":"GET"} []
[2020-04-21T14:15:39.486133+00:00] doctrine.DEBUG: SELECT t0.id AS id_1, t0.id_categorie AS id_categorie_2, t0.question AS question_3 FROM question t0 WHERE t0.id = ? ["3"] []
[2020-04-21T14:15:39.508686+00:00] security.INFO: Populated the TokenStorage with an anonymous Token. [] []
[2020-04-21T14:16:07.162270+00:00] request.INFO: Matched route "app_question_index". {"route":"app_question_index","route_parameters":{"_route":"app_question_index","_controller":"App\\Controller\\QuestionController::index"},"request_uri":"http://127.0.0.1:8000/list","method":"GET"} []
[2020-04-21T14:16:07.209834+00:00] doctrine.DEBUG: SELECT t0.id AS id_1, t0.id_categorie AS id_categorie_2, t0.question AS question_3 FROM question t0 WHERE t0.id = ? ["3"] []
[2020-04-21T14:16:07.224767+00:00] request.CRITICAL: Uncaught PHP Exception ErrorException: "Notice: Undefined property: App\Entity\Question::$getQuestion" at /Users/victorgousset/Desktop/dev/my_quiz/src/Controller/QuestionController.php line 23 {"exception":"[object] (ErrorException(code: 0): Notice: Undefined property: App\\Entity\\Question::$getQuestion at /Users/victorgousset/Desktop/dev/my_quiz/src/Controller/QuestionController.php:23)"} []
[2020-04-21T14:16:07.262008+00:00] security.INFO: Populated the TokenStorage with an anonymous Token. [] []
[2020-04-21T14:16:07.461274+00:00] request.INFO: Matched route "_wdt". {"route":"_wdt","route_parameters":{"_route":"_wdt","_controller":"web_profiler.controller.profiler::toolbarAction","token":"5cd25d"},"request_uri":"http://127.0.0.1:8000/_wdt/5cd25d","method":"GET"} []
[2020-04-21T14:17:50.323547+00:00] request.INFO: Matched route "app_question_index". {"route":"app_question_index","route_parameters":{"_route":"app_question_index","_controller":"App\\Controller\\QuestionController::index"},"request_uri":"http://127.0.0.1:8000/list","method":"GET"} []
[2020-04-21T14:17:50.370972+00:00] doctrine.DEBUG: SELECT t0.id AS id_1, t0.id_categorie AS id_categorie_2, t0.question AS question_3 FROM question t0 WHERE t0.id = ? ["3"] []
[2020-04-21T14:17:50.390908+00:00] security.INFO: Populated the TokenStorage with an anonymous Token. [] []
[2020-04-21T14:18:02.774269+00:00] request.INFO: Matched route "app_question_index". {"route":"app_question_index","route_parameters":{"_route":"app_question_index","_controller":"App\\Controller\\QuestionController::index"},"request_uri":"http://127.0.0.1:8000/list","method":"GET"} []
[2020-04-21T14:18:02.821491+00:00] doctrine.DEBUG: SELECT t0.id AS id_1, t0.id_categorie AS id_categorie_2, t0.question AS question_3 FROM question t0 WHERE t0.id = ? ["4"] []
[2020-04-21T14:18:02.841920+00:00] security.INFO: Populated the TokenStorage with an anonymous Token. [] []
[2020-04-21T14:20:07.839424+00:00] request.ERROR: Uncaught PHP Exception Symfony\Component\HttpKernel\Exception\NotFoundHttpException: "No route found for "GET /list"" at /Users/victorgousset/Desktop/dev/my_quiz/vendor/symfony/http-kernel/EventListener/RouterListener.php line 136 {"exception":"[object] (Symfony\\Component\\HttpKernel\\Exception\\NotFoundHttpException(code: 0): No route found for \"GET /list\" at /Users/victorgousset/Desktop/dev/my_quiz/vendor/symfony/http-kernel/EventListener/RouterListener.php:136)\n[previous exception] [object] (Symfony\\Component\\Routing\\Exception\\ResourceNotFoundException(code: 0): No routes found for \"/list/\". at /Users/victorgousset/Desktop/dev/my_quiz/vendor/symfony/routing/Matcher/Dumper/CompiledUrlMatcherTrait.php:70)"} []
[2020-04-21T14:20:08.135947+00:00] request.INFO: Matched route "_wdt". {"route":"_wdt","route_parameters":{"_route":"_wdt","_controller":"web_profiler.controller.profiler::toolbarAction","token":"4ce523"},"request_uri":"http://127.0.0.1:8000/_wdt/4ce523","method":"GET"} []
[2020-04-21T14:20:11.557580+00:00] request.INFO: Matched route "id". {"route":"id","route_parameters":{"_route":"id","_controller":"App\\Controller\\QuestionController::index","id":"1"},"request_uri":"http://127.0.0.1:8000/list/1%C3%A0","method":"GET"} []
[2020-04-21T14:20:11.609143+00:00] doctrine.DEBUG: SELECT t0.id AS id_1, t0.id_categorie AS id_categorie_2, t0.question AS question_3 FROM question t0 WHERE t0.id = ? ["1"] []
[2020-04-21T14:20:11.628797+00:00] security.INFO: Populated the TokenStorage with an anonymous Token. [] []
[2020-04-21T14:20:14.064016+00:00] request.INFO: Matched route "id". {"route":"id","route_parameters":{"_route":"id","_controller":"App\\Controller\\QuestionController::index","id":"10"},"request_uri":"http://127.0.0.1:8000/list/10","method":"GET"} []
[2020-04-21T14:20:14.113660+00:00] doctrine.DEBUG: SELECT t0.id AS id_1, t0.id_categorie AS id_categorie_2, t0.question AS question_3 FROM question t0 WHERE t0.id = ? ["10"] []
[2020-04-21T14:20:14.133080+00:00] security.INFO: Populated the TokenStorage with an anonymous Token. [] []
[2020-04-21T14:20:17.120404+00:00] request.INFO: Matched route "id". {"route":"id","route_parameters":{"_route":"id","_controller":"App\\Controller\\QuestionController::index","id":"11"},"request_uri":"http://127.0.0.1:8000/list/11","method":"GET"} []
[2020-04-21T14:20:17.170292+00:00] doctrine.DEBUG: SELECT t0.id AS id_1, t0.id_categorie AS id_categorie_2, t0.question AS question_3 FROM question t0 WHERE t0.id = ? ["11"] []
[2020-04-21T14:20:17.189474+00:00] security.INFO: Populated the TokenStorage with an anonymous Token. [] []
[2020-04-21T14:20:19.711137+00:00] request.INFO: Matched route "id". {"route":"id","route_parameters":{"_route":"id","_controller":"App\\Controller\\QuestionController::index","id":"12"},"request_uri":"http://127.0.0.1:8000/list/12","method":"GET"} []
[2020-04-21T14:20:19.764512+00:00] doctrine.DEBUG: SELECT t0.id AS id_1, t0.id_categorie AS id_categorie_2, t0.question AS question_3 FROM question t0 WHERE t0.id = ? ["12"] []
[2020-04-21T14:20:19.785437+00:00] security.INFO: Populated the TokenStorage with an anonymous Token. [] []
[2020-04-21T14:20:22.527672+00:00] request.INFO: Matched route "id". {"route":"id","route_parameters":{"_route":"id","_controller":"App\\Controller\\QuestionController::index","id":"13"},"request_uri":"http://127.0.0.1:8000/list/13","method":"GET"} []
[2020-04-21T14:20:22.578028+00:00] doctrine.DEBUG: SELECT t0.id AS id_1, t0.id_categorie AS id_categorie_2, t0.question AS question_3 FROM question t0 WHERE t0.id = ? ["13"] []
[2020-04-21T14:20:22.598201+00:00] security.INFO: Populated the TokenStorage with an anonymous Token. [] []
[2020-04-21T14:24:14.856513+00:00] request.INFO: Matched route "app_question_listall". {"route":"app_question_listall","route_parameters":{"_route":"app_question_listall","_controller":"App\\Controller\\QuestionController::listAll"},"request_uri":"http://127.0.0.1:8000/list","method":"GET"} []
[2020-04-21T14:24:14.888653+00:00] doctrine.DEBUG: SELECT t0.id AS id_1, t0.id_categorie AS id_categorie_2, t0.question AS question_3 FROM question t0 [] []
[2020-04-21T14:24:14.894118+00:00] php.CRITICAL: Uncaught Error: Argument 1 passed to Symfony\Component\HttpFoundation\Response::__construct() must be of the type string or null, array given, called in /Users/victorgousset/Desktop/dev/my_quiz/src/Controller/QuestionController.php on line 23 {"exception":"[object] (TypeError(code: 0): Argument 1 passed to Symfony\\Component\\HttpFoundation\\Response::__construct() must be of the type string or null, array given, called in /Users/victorgousset/Desktop/dev/my_quiz/src/Controller/QuestionController.php on line 23 at /Users/victorgousset/Desktop/dev/my_quiz/vendor/symfony/http-foundation/Response.php:197)"} []
[2020-04-21T14:24:14.902866+00:00] request.CRITICAL: Uncaught PHP Exception TypeError: "Argument 1 passed to Symfony\Component\HttpFoundation\Response::__construct() must be of the type string or null, array given, called in /Users/victorgousset/Desktop/dev/my_quiz/src/Controller/QuestionController.php on line 23" at /Users/victorgousset/Desktop/dev/my_quiz/vendor/symfony/http-foundation/Response.php line 197 {"exception":"[object] (TypeError(code: 0): Argument 1 passed to Symfony\\Component\\HttpFoundation\\Response::__construct() must be of the type string or null, array given, called in /Users/victorgousset/Desktop/dev/my_quiz/src/Controller/QuestionController.php on line 23 at /Users/victorgousset/Desktop/dev/my_quiz/vendor/symfony/http-foundation/Response.php:197)"} []
[2020-04-21T14:24:14.929854+00:00] security.INFO: Populated the TokenStorage with an anonymous Token. [] []
[2020-04-21T14:24:15.139284+00:00] request.INFO: Matched route "_wdt". {"route":"_wdt","route_parameters":{"_route":"_wdt","_controller":"web_profiler.controller.profiler::toolbarAction","token":"98afdc"},"request_uri":"http://127.0.0.1:8000/_wdt/98afdc","method":"GET"} []
[2020-04-21T14:24:38.325552+00:00] request.INFO: Matched route "app_question_listall". {"route":"app_question_listall","route_parameters":{"_route":"app_question_listall","_controller":"App\\Controller\\QuestionController::listAll"},"request_uri":"http://127.0.0.1:8000/list","method":"GET"} []
[2020-04-21T14:24:38.376229+00:00] doctrine.DEBUG: SELECT t0.id AS id_1, t0.id_categorie AS id_categorie_2, t0.question AS question_3 FROM question t0 [] []
[2020-04-21T14:24:38.380691+00:00] php.CRITICAL: Uncaught Error: Call to a member function getQuestion() on array {"exception":"[object] (Error(code: 0): Call to a member function getQuestion() on array at /Users/victorgousset/Desktop/dev/my_quiz/src/Controller/QuestionController.php:23)"} []
[2020-04-21T14:24:38.392569+00:00] request.CRITICAL: Uncaught PHP Exception Error: "Call to a member function getQuestion() on array" at /Users/victorgousset/Desktop/dev/my_quiz/src/Controller/QuestionController.php line 23 {"exception":"[object] (Error(code: 0): Call to a member function getQuestion() on array at /Users/victorgousset/Desktop/dev/my_quiz/src/Controller/QuestionController.php:23)"} []
[2020-04-21T14:24:38.430485+00:00] security.INFO: Populated the TokenStorage with an anonymous Token. [] []
[2020-04-21T14:24:38.623743+00:00] request.INFO: Matched route "_wdt". {"route":"_wdt","route_parameters":{"_route":"_wdt","_controller":"web_profiler.controller.profiler::toolbarAction","token":"7bb08f"},"request_uri":"http://127.0.0.1:8000/_wdt/7bb08f","method":"GET"} []
[2020-04-21T14:25:15.634439+00:00] request.INFO: Matched route "app_question_listall". {"route":"app_question_listall","route_parameters":{"_route":"app_question_listall","_controller":"App\\Controller\\QuestionController::listAll"},"request_uri":"http://127.0.0.1:8000/list","method":"GET"} []
[2020-04-21T14:25:15.681664+00:00] doctrine.DEBUG: SELECT t0.id AS id_1, t0.id_categorie AS id_categorie_2, t0.question AS question_3 FROM question t0 [] []
[2020-04-21T14:25:15.686884+00:00] php.CRITICAL: Uncaught Error: Argument 1 passed to Symfony\Component\HttpFoundation\Response::__construct() must be of the type string or null, array given, called in /Users/victorgousset/Desktop/dev/my_quiz/src/Controller/QuestionController.php on line 23 {"exception":"[object] (TypeError(code: 0): Argument 1 passed to Symfony\\Component\\HttpFoundation\\Response::__construct() must be of the type string or null, array given, called in /Users/victorgousset/Desktop/dev/my_quiz/src/Controller/QuestionController.php on line 23 at /Users/victorgousset/Desktop/dev/my_quiz/vendor/symfony/http-foundation/Response.php:197)"} []
[2020-04-21T14:25:15.697656+00:00] request.CRITICAL: Uncaught PHP Exception TypeError: "Argument 1 passed to Symfony\Component\HttpFoundation\Response::__construct() must be of the type string or null, array given, called in /Users/victorgousset/Desktop/dev/my_quiz/src/Controller/QuestionController.php on line 23" at /Users/victorgousset/Desktop/dev/my_quiz/vendor/symfony/http-foundation/Response.php line 197 {"exception":"[object] (TypeError(code: 0): Argument 1 passed to Symfony\\Component\\HttpFoundation\\Response::__construct() must be of the type string or null, array given, called in /Users/victorgousset/Desktop/dev/my_quiz/src/Controller/QuestionController.php on line 23 at /Users/victorgousset/Desktop/dev/my_quiz/vendor/symfony/http-foundation/Response.php:197)"} []
[2020-04-21T14:25:15.740578+00:00] security.INFO: Populated the TokenStorage with an anonymous Token. [] []
[2020-04-21T14:25:15.949196+00:00] request.INFO: Matched route "_wdt". {"route":"_wdt","route_parameters":{"_route":"_wdt","_controller":"web_profiler.controller.profiler::toolbarAction","token":"7b511a"},"request_uri":"http://127.0.0.1:8000/_wdt/7b511a","method":"GET"} []
[2020-04-21T14:26:03.267002+00:00] request.INFO: Matched route "app_question_listall". {"route":"app_question_listall","route_parameters":{"_route":"app_question_listall","_controller":"App\\Controller\\QuestionController::listAll"},"request_uri":"http://127.0.0.1:8000/list","method":"GET"} []
[2020-04-21T14:26:03.314585+00:00] doctrine.DEBUG: SELECT t0.id AS id_1, t0.id_categorie AS id_categorie_2, t0.question AS question_3 FROM question t0 [] []
[2020-04-21T14:26:03.319480+00:00] php.CRITICAL: Fatal Error: Object of class App\Entity\Question could not be converted to string {"exception":"[object] (Symfony\\Component\\ErrorHandler\\Error\\FatalError(code: 0): Error: Object of class App\\Entity\\Question could not be converted to string at /Users/victorgousset/Desktop/dev/my_quiz/src/Controller/QuestionController.php:23)"} []
[2020-04-21T14:26:03.331240+00:00] request.CRITICAL: Uncaught PHP Exception Symfony\Component\ErrorHandler\Error\FatalError: "Error: Object of class App\Entity\Question could not be converted to string" at /Users/victorgousset/Desktop/dev/my_quiz/src/Controller/QuestionController.php line 23 {"exception":"[object] (Symfony\\Component\\ErrorHandler\\Error\\FatalError(code: 0): Error: Object of class App\\Entity\\Question could not be converted to string at /Users/victorgousset/Desktop/dev/my_quiz/src/Controller/QuestionController.php:23)"} []
[2020-04-21T14:26:03.360784+00:00] security.INFO: Populated the TokenStorage with an anonymous Token. [] []
[2020-04-21T14:26:03.527580+00:00] request.INFO: Matched route "_wdt". {"route":"_wdt","route_parameters":{"_route":"_wdt","_controller":"web_profiler.controller.profiler::toolbarAction","token":"36191b"},"request_uri":"http://127.0.0.1:8000/_wdt/36191b","method":"GET"} []
[2020-04-21T14:26:17.246519+00:00] request.INFO: Matched route "app_question_listall". {"route":"app_question_listall","route_parameters":{"_route":"app_question_listall","_controller":"App\\Controller\\QuestionController::listAll"},"request_uri":"http://127.0.0.1:8000/list","method":"GET"} []
[2020-04-21T14:26:17.294216+00:00] doctrine.DEBUG: SELECT t0.id AS id_1, t0.id_categorie AS id_categorie_2, t0.question AS question_3 FROM question t0 [] []
[2020-04-21T14:26:17.306562+00:00] php.CRITICAL: Fatal Error: Object of class App\Entity\Question could not be converted to string {"exception":"[object] (Symfony\\Component\\ErrorHandler\\Error\\FatalError(code: 0): Error: Object of class App\\Entity\\Question could not be converted to string at /Users/victorgousset/Desktop/dev/my_quiz/src/Controller/QuestionController.php:24)"} []
[2020-04-21T14:26:17.319719+00:00] request.CRITICAL: Uncaught PHP Exception Symfony\Component\ErrorHandler\Error\FatalError: "Error: Object of class App\Entity\Question could not be converted to string" at /Users/victorgousset/Desktop/dev/my_quiz/src/Controller/QuestionController.php line 24 {"exception":"[object] (Symfony\\Component\\ErrorHandler\\Error\\FatalError(code: 0): Error: Object of class App\\Entity\\Question could not be converted to string at /Users/victorgousset/Desktop/dev/my_quiz/src/Controller/QuestionController.php:24)"} []
[2020-04-21T14:26:17.355369+00:00] security.INFO: Populated the TokenStorage with an anonymous Token. [] []
[2020-04-21T14:26:17.528653+00:00] request.INFO: Matched route "_wdt". {"route":"_wdt","route_parameters":{"_route":"_wdt","_controller":"web_profiler.controller.profiler::toolbarAction","token":"6ebf2c"},"request_uri":"http://127.0.0.1:8000/_wdt/6ebf2c","method":"GET"} []
[2020-04-21T14:26:37.739740+00:00] request.INFO: Matched route "app_question_listall". {"route":"app_question_listall","route_parameters":{"_route":"app_question_listall","_controller":"App\\Controller\\QuestionController::listAll"},"request_uri":"http://127.0.0.1:8000/list","method":"GET"} []
[2020-04-21T14:26:37.787309+00:00] doctrine.DEBUG: SELECT t0.id AS id_1, t0.id_categorie AS id_categorie_2, t0.question AS question_3 FROM question t0 [] []
[2020-04-21T14:26:37.802117+00:00] request.CRITICAL: Uncaught PHP Exception ErrorException: "Warning: implode(): Invalid arguments passed" at /Users/victorgousset/Desktop/dev/my_quiz/src/Controller/QuestionController.php line 23 {"exception":"[object] (ErrorException(code: 0): Warning: implode(): Invalid arguments passed at /Users/victorgousset/Desktop/dev/my_quiz/src/Controller/QuestionController.php:23)"} []
[2020-04-21T14:26:37.839218+00:00] security.INFO: Populated the TokenStorage with an anonymous Token. [] []
[2020-04-21T14:26:38.015030+00:00] request.INFO: Matched route "_wdt". {"route":"_wdt","route_parameters":{"_route":"_wdt","_controller":"web_profiler.controller.profiler::toolbarAction","token":"3987be"},"request_uri":"http://127.0.0.1:8000/_wdt/3987be","method":"GET"} []
[2020-04-21T14:26:46.099402+00:00] request.INFO: Matched route "app_question_listall". {"route":"app_question_listall","route_parameters":{"_route":"app_question_listall","_controller":"App\\Controller\\QuestionController::listAll"},"request_uri":"http://127.0.0.1:8000/list","method":"GET"} []
[2020-04-21T14:26:46.147259+00:00] doctrine.DEBUG: SELECT t0.id AS id_1, t0.id_categorie AS id_categorie_2, t0.question AS question_3 FROM question t0 [] []
[2020-04-21T14:26:46.151735+00:00] php.CRITICAL: Fatal Error: Object of class App\Entity\Question could not be converted to string {"exception":"[object] (Symfony\\Component\\ErrorHandler\\Error\\FatalError(code: 0): Error: Object of class App\\Entity\\Question could not be converted to string at /Users/victorgousset/Desktop/dev/my_quiz/src/Controller/QuestionController.php:23)"} []
[2020-04-21T14:26:46.163421+00:00] request.CRITICAL: Uncaught PHP Exception Symfony\Component\ErrorHandler\Error\FatalError: "Error: Object of class App\Entity\Question could not be converted to string" at /Users/victorgousset/Desktop/dev/my_quiz/src/Controller/QuestionController.php line 23 {"exception":"[object] (Symfony\\Component\\ErrorHandler\\Error\\FatalError(code: 0): Error: Object of class App\\Entity\\Question could not be converted to string at /Users/victorgousset/Desktop/dev/my_quiz/src/Controller/QuestionController.php:23)"} []
[2020-04-21T14:26:46.193091+00:00] security.INFO: Populated the TokenStorage with an anonymous Token. [] []
[2020-04-21T14:26:46.360675+00:00] request.INFO: Matched route "_wdt". {"route":"_wdt","route_parameters":{"_route":"_wdt","_controller":"web_profiler.controller.profiler::toolbarAction","token":"8263b4"},"request_uri":"http://127.0.0.1:8000/_wdt/8263b4","method":"GET"} []
[2020-04-21T14:27:42.544882+00:00] request.INFO: Matched route "app_question_listall". {"route":"app_question_listall","route_parameters":{"_route":"app_question_listall","_controller":"App\\Controller\\QuestionController::listAll"},"request_uri":"http://127.0.0.1:8000/list","method":"GET"} []
[2020-04-21T14:27:42.592470+00:00] doctrine.DEBUG: SELECT t0.id AS id_1, t0.id_categorie AS id_categorie_2, t0.question AS question_3 FROM question t0 [] []
[2020-04-21T14:27:42.617089+00:00] request.CRITICAL: Uncaught PHP Exception ErrorException: "Warning: implode(): Invalid arguments passed" at /Users/victorgousset/Desktop/dev/my_quiz/src/Controller/QuestionController.php line 24 {"exception":"[object] (ErrorException(code: 0): Warning: implode(): Invalid arguments passed at /Users/victorgousset/Desktop/dev/my_quiz/src/Controller/QuestionController.php:24)"} []
[2020-04-21T14:27:42.660237+00:00] security.INFO: Populated the TokenStorage with an anonymous Token. [] []
[2020-04-21T14:27:42.831965+00:00] request.INFO: Matched route "_wdt". {"route":"_wdt","route_parameters":{"_route":"_wdt","_controller":"web_profiler.controller.profiler::toolbarAction","token":"6e9213"},"request_uri":"http://127.0.0.1:8000/_wdt/6e9213","method":"GET"} []
[2020-04-21T14:28:31.883162+00:00] request.INFO: Matched route "app_question_listall". {"route":"app_question_listall","route_parameters":{"_route":"app_question_listall","_controller":"App\\Controller\\QuestionController::listAll"},"request_uri":"http://127.0.0.1:8000/list","method":"GET"} []
[2020-04-21T14:28:31.930667+00:00] doctrine.DEBUG: SELECT t0.id AS id_1, t0.id_categorie AS id_categorie_2, t0.question AS question_3 FROM question t0 [] []
[2020-04-21T14:28:31.936308+00:00] php.CRITICAL: Uncaught Error: Argument 2 passed to Symfony\Component\HttpFoundation\Response::__construct() must be of the type int, string given, called in /Users/victorgousset/Desktop/dev/my_quiz/src/Controller/QuestionController.php on line 24 {"exception":"[object] (TypeError(code: 0): Argument 2 passed to Symfony\\Component\\HttpFoundation\\Response::__construct() must be of the type int, string given, called in /Users/victorgousset/Desktop/dev/my_quiz/src/Controller/QuestionController.php on line 24 at /Users/victorgousset/Desktop/dev/my_quiz/vendor/symfony/http-foundation/Response.php:197)"} []
[2020-04-21T14:28:31.947004+00:00] request.CRITICAL: Uncaught PHP Exception TypeError: "Argument 2 passed to Symfony\Component\HttpFoundation\Response::__construct() must be of the type int, string given, called in /Users/victorgousset/Desktop/dev/my_quiz/src/Controller/QuestionController.php on line 24" at /Users/victorgousset/Desktop/dev/my_quiz/vendor/symfony/http-foundation/Response.php line 197 {"exception":"[object] (TypeError(code: 0): Argument 2 passed to Symfony\\Component\\HttpFoundation\\Response::__construct() must be of the type int, string given, called in /Users/victorgousset/Desktop/dev/my_quiz/src/Controller/QuestionController.php on line 24 at /Users/victorgousset/Desktop/dev/my_quiz/vendor/symfony/http-foundation/Response.php:197)"} []
[2020-04-21T14:28:31.989539+00:00] security.INFO: Populated the TokenStorage with an anonymous Token. [] []
[2020-04-21T14:28:32.201167+00:00] request.INFO: Matched route "_wdt". {"route":"_wdt","route_parameters":{"_route":"_wdt","_controller":"web_profiler.controller.profiler::toolbarAction","token":"411a88"},"request_uri":"http://127.0.0.1:8000/_wdt/411a88","method":"GET"} []
[2020-04-21T14:28:36.527105+00:00] request.INFO: Matched route "_profiler_open_file". {"route":"_profiler_open_file","route_parameters":{"_route":"_profiler_open_file","_controller":"web_profiler.controller.profiler::openAction"},"request_uri":"http://127.0.0.1:8000/_profiler/open?file=vendor%2Fsymfony%2Fhttp-foundation%2FResponse.php&line=197","method":"GET"} []
[2020-04-21T14:28:52.604444+00:00] request.INFO: Matched route "_profiler_open_file". {"route":"_profiler_open_file","route_parameters":{"_route":"_profiler_open_file","_controller":"web_profiler.controller.profiler::openAction"},"request_uri":"http://127.0.0.1:8000/_profiler/open?file=vendor%2Fsymfony%2Fhttp-foundation%2FResponse.php&line=197","method":"GET"} []
[2020-04-21T14:28:56.167210+00:00] request.INFO: Matched route "app_question_listall". {"route":"app_question_listall","route_parameters":{"_route":"app_question_listall","_controller":"App\\Controller\\QuestionController::listAll"},"request_uri":"http://127.0.0.1:8000/list","method":"GET"} []
[2020-04-21T14:28:56.217634+00:00] doctrine.DEBUG: SELECT t0.id AS id_1, t0.id_categorie AS id_categorie_2, t0.question AS question_3 FROM question t0 [] []
[2020-04-21T14:28:56.222871+00:00] php.CRITICAL: Uncaught Error: Argument 1 passed to Symfony\Component\HttpFoundation\Response::__construct() must be of the type string or null, array given, called in /Users/victorgousset/Desktop/dev/my_quiz/src/Controller/QuestionController.php on line 24 {"exception":"[object] (TypeError(code: 0): Argument 1 passed to Symfony\\Component\\HttpFoundation\\Response::__construct() must be of the type string or null, array given, called in /Users/victorgousset/Desktop/dev/my_quiz/src/Controller/QuestionController.php on line 24 at /Users/victorgousset/Desktop/dev/my_quiz/vendor/symfony/http-foundation/Response.php:197)"} []
[2020-04-21T14:28:56.233170+00:00] request.CRITICAL: Uncaught PHP Exception TypeError: "Argument 1 passed to Symfony\Component\HttpFoundation\Response::__construct() must be of the type string or null, array given, called in /Users/victorgousset/Desktop/dev/my_quiz/src/Controller/QuestionController.php on line 24" at /Users/victorgousset/Desktop/dev/my_quiz/vendor/symfony/http-foundation/Response.php line 197 {"exception":"[object] (TypeError(code: 0): Argument 1 passed to Symfony\\Component\\HttpFoundation\\Response::__construct() must be of the type string or null, array given, called in /Users/victorgousset/Desktop/dev/my_quiz/src/Controller/QuestionController.php on line 24 at /Users/victorgousset/Desktop/dev/my_quiz/vendor/symfony/http-foundation/Response.php:197)"} []
[2020-04-21T14:28:56.302379+00:00] security.INFO: Populated the TokenStorage with an anonymous Token. [] []
[2020-04-21T14:28:56.505852+00:00] request.INFO: Matched route "_wdt". {"route":"_wdt","route_parameters":{"_route":"_wdt","_controller":"web_profiler.controller.profiler::toolbarAction","token":"03504c"},"request_uri":"http://127.0.0.1:8000/_wdt/03504c","method":"GET"} []
[2020-04-21T14:29:44.918402+00:00] request.INFO: Matched route "id". {"route":"id","route_parameters":{"_route":"id","_controller":"App\\Controller\\QuestionController::index","id":"23"},"request_uri":"http://127.0.0.1:8000/list/23","method":"GET"} []
[2020-04-21T14:29:44.980626+00:00] doctrine.DEBUG: SELECT t0.id AS id_1, t0.id_categorie AS id_categorie_2, t0.question AS question_3 FROM question t0 WHERE t0.id = ? ["23"] []
[2020-04-21T14:29:45.006743+00:00] security.INFO: Populated the TokenStorage with an anonymous Token. [] []
[2020-04-21T14:29:47.515009+00:00] request.INFO: Matched route "id". {"route":"id","route_parameters":{"_route":"id","_controller":"App\\Controller\\QuestionController::index","id":"23888"},"request_uri":"http://127.0.0.1:8000/list/23888","method":"GET"} []
[2020-04-21T14:29:47.566127+00:00] doctrine.DEBUG: SELECT t0.id AS id_1, t0.id_categorie AS id_categorie_2, t0.question AS question_3 FROM question t0 WHERE t0.id = ? ["23888"] []
[2020-04-21T14:29:47.570031+00:00] php.CRITICAL: Uncaught Error: Call to a member function getQuestion() on null {"exception":"[object] (Error(code: 0): Call to a member function getQuestion() on null at /Users/victorgousset/Desktop/dev/my_quiz/src/Controller/QuestionController.php:38)"} []
[2020-04-21T14:29:47.589160+00:00] request.CRITICAL: Uncaught PHP Exception Error: "Call to a member function getQuestion() on null" at /Users/victorgousset/Desktop/dev/my_quiz/src/Controller/QuestionController.php line 38 {"exception":"[object] (Error(code: 0): Call to a member function getQuestion() on null at /Users/victorgousset/Desktop/dev/my_quiz/src/Controller/QuestionController.php:38)"} []
[2020-04-21T14:29:47.630177+00:00] security.INFO: Populated the TokenStorage with an anonymous Token. [] []
[2020-04-21T14:29:47.812004+00:00] request.INFO: Matched route "_wdt". {"route":"_wdt","route_parameters":{"_route":"_wdt","_controller":"web_profiler.controller.profiler::toolbarAction","token":"774d58"},"request_uri":"http://127.0.0.1:8000/_wdt/774d58","method":"GET"} []
[2020-04-21T14:30:21.142263+00:00] request.INFO: Matched route "id". {"route":"id","route_parameters":{"_route":"id","_controller":"App\\Controller\\QuestionController::index","id":"23888"},"request_uri":"http://127.0.0.1:8000/list/23888","method":"GET"} []
[2020-04-21T14:30:21.195635+00:00] doctrine.DEBUG: SELECT t0.id AS id_1, t0.id_categorie AS id_categorie_2, t0.question AS question_3 FROM question t0 WHERE t0.id = ? ["23888"] []
[2020-04-21T14:30:21.200349+00:00] php.CRITICAL: Uncaught Error: Call to a member function getQuestion() on null {"exception":"[object] (Error(code: 0): Call to a member function getQuestion() on null at /Users/victorgousset/Desktop/dev/my_quiz/src/Controller/QuestionController.php:38)"} []
[2020-04-21T14:30:21.213566+00:00] request.CRITICAL: Uncaught PHP Exception Error: "Call to a member function getQuestion() on null" at /Users/victorgousset/Desktop/dev/my_quiz/src/Controller/QuestionController.php line 38 {"exception":"[object] (Error(code: 0): Call to a member function getQuestion() on null at /Users/victorgousset/Desktop/dev/my_quiz/src/Controller/QuestionController.php:38)"} []
[2020-04-21T14:30:21.257278+00:00] security.INFO: Populated the TokenStorage with an anonymous Token. [] []
[2020-04-21T14:30:21.475618+00:00] request.INFO: Matched route "_wdt". {"route":"_wdt","route_parameters":{"_route":"_wdt","_controller":"web_profiler.controller.profiler::toolbarAction","token":"164109"},"request_uri":"http://127.0.0.1:8000/_wdt/164109","method":"GET"} []
[2020-04-21T14:30:22.683119+00:00] request.INFO: Matched route "id". {"route":"id","route_parameters":{"_route":"id","_controller":"App\\Controller\\QuestionController::index","id":"23888"},"request_uri":"http://127.0.0.1:8000/list/23888","method":"GET"} []
[2020-04-21T14:30:22.733911+00:00] doctrine.DEBUG: SELECT t0.id AS id_1, t0.id_categorie AS id_categorie_2, t0.question AS question_3 FROM question t0 WHERE t0.id = ? ["23888"] []
[2020-04-21T14:30:22.737877+00:00] php.CRITICAL: Uncaught Error: Call to a member function getQuestion() on null {"exception":"[object] (Error(code: 0): Call to a member function getQuestion() on null at /Users/victorgousset/Desktop/dev/my_quiz/src/Controller/QuestionController.php:38)"} []
[2020-04-21T14:30:22.748849+00:00] request.CRITICAL: Uncaught PHP Exception Error: "Call to a member function getQuestion() on null" at /Users/victorgousset/Desktop/dev/my_quiz/src/Controller/QuestionController.php line 38 {"exception":"[object] (Error(code: 0): Call to a member function getQuestion() on null at /Users/victorgousset/Desktop/dev/my_quiz/src/Controller/QuestionController.php:38)"} []
[2020-04-21T14:30:22.784664+00:00] security.INFO: Populated the TokenStorage with an anonymous Token. [] []
[2020-04-21T14:30:22.957396+00:00] request.INFO: Matched route "_wdt". {"route":"_wdt","route_parameters":{"_route":"_wdt","_controller":"web_profiler.controller.profiler::toolbarAction","token":"a6220e"},"request_uri":"http://127.0.0.1:8000/_wdt/a6220e","method":"GET"} []
[2020-04-21T14:30:28.786925+00:00] request.INFO: Matched route "id". {"route":"id","route_parameters":{"_route":"id","_controller":"App\\Controller\\QuestionController::index","id":"23888"},"request_uri":"http://127.0.0.1:8000/list/23888","method":"GET"} []
[2020-04-21T14:30:28.834698+00:00] doctrine.DEBUG: SELECT t0.id AS id_1, t0.id_categorie AS id_categorie_2, t0.question AS question_3 FROM question t0 WHERE t0.id = ? ["23888"] []
[2020-04-21T14:30:28.838806+00:00] php.CRITICAL: Uncaught Error: Call to a member function getQuestion() on null {"exception":"[object] (Error(code: 0): Call to a member function getQuestion() on null at /Users/victorgousset/Desktop/dev/my_quiz/src/Controller/QuestionController.php:38)"} []
[2020-04-21T14:30:28.851068+00:00] request.CRITICAL: Uncaught PHP Exception Error: "Call to a member function getQuestion() on null" at /Users/victorgousset/Desktop/dev/my_quiz/src/Controller/QuestionController.php line 38 {"exception":"[object] (Error(code: 0): Call to a member function getQuestion() on null at /Users/victorgousset/Desktop/dev/my_quiz/src/Controller/QuestionController.php:38)"} []
[2020-04-21T14:30:28.888714+00:00] security.INFO: Populated the TokenStorage with an anonymous Token. [] []
[2020-04-21T14:30:29.098737+00:00] request.INFO: Matched route "_wdt". {"route":"_wdt","route_parameters":{"_route":"_wdt","_controller":"web_profiler.controller.profiler::toolbarAction","token":"9eb852"},"request_uri":"http://127.0.0.1:8000/_wdt/9eb852","method":"GET"} []
[2020-04-21T14:30:41.168015+00:00] request.INFO: Matched route "id". {"route":"id","route_parameters":{"_route":"id","_controller":"App\\Controller\\QuestionController::index","id":"23888"},"request_uri":"http://127.0.0.1:8000/list/23888","method":"GET"} []
[2020-04-21T14:30:41.217371+00:00] doctrine.DEBUG: SELECT t0.id AS id_1, t0.id_categorie AS id_categorie_2, t0.question AS question_3 FROM question t0 WHERE t0.id = ? ["23888"] []
[2020-04-21T14:30:41.221663+00:00] php.CRITICAL: Uncaught Error: Call to a member function getQuestion() on null {"exception":"[object] (Error(code: 0): Call to a member function getQuestion() on null at /Users/victorgousset/Desktop/dev/my_quiz/src/Controller/QuestionController.php:38)"} []
[2020-04-21T14:30:41.233318+00:00] request.CRITICAL: Uncaught PHP Exception Error: "Call to a member function getQuestion() on null" at /Users/victorgousset/Desktop/dev/my_quiz/src/Controller/QuestionController.php line 38 {"exception":"[object] (Error(code: 0): Call to a member function getQuestion() on null at /Users/victorgousset/Desktop/dev/my_quiz/src/Controller/QuestionController.php:38)"} []
[2020-04-21T14:30:41.270144+00:00] security.INFO: Populated the TokenStorage with an anonymous Token. [] []
[2020-04-21T14:30:41.458023+00:00] request.INFO: Matched route "_wdt". {"route":"_wdt","route_parameters":{"_route":"_wdt","_controller":"web_profiler.controller.profiler::toolbarAction","token":"ac3f3a"},"request_uri":"http://127.0.0.1:8000/_wdt/ac3f3a","method":"GET"} []
[2020-04-21T14:30:48.519421+00:00] request.INFO: Matched route "id". {"route":"id","route_parameters":{"_route":"id","_controller":"App\\Controller\\QuestionController::index","id":"23888"},"request_uri":"http://127.0.0.1:8000/list/23888","method":"GET"} []
[2020-04-21T14:30:48.568068+00:00] doctrine.DEBUG: SELECT t0.id AS id_1, t0.id_categorie AS id_categorie_2, t0.question AS question_3 FROM question t0 WHERE t0.id = ? ["23888"] []
[2020-04-21T14:30:48.588139+00:00] security.INFO: Populated the TokenStorage with an anonymous Token. [] []
[2020-04-21T14:30:51.396288+00:00] request.INFO: Matched route "id". {"route":"id","route_parameters":{"_route":"id","_controller":"App\\Controller\\QuestionController::index","id":"2388"},"request_uri":"http://127.0.0.1:8000/list/2388","method":"GET"} []
[2020-04-21T14:30:51.453228+00:00] doctrine.DEBUG: SELECT t0.id AS id_1, t0.id_categorie AS id_categorie_2, t0.question AS question_3 FROM question t0 WHERE t0.id = ? ["2388"] []
[2020-04-21T14:30:51.474253+00:00] security.INFO: Populated the TokenStorage with an anonymous Token. [] []
[2020-04-21T14:30:53.211779+00:00] request.INFO: Matched route "id". {"route":"id","route_parameters":{"_route":"id","_controller":"App\\Controller\\QuestionController::index","id":"23"},"request_uri":"http://127.0.0.1:8000/list/23","method":"GET"} []
[2020-04-21T14:30:53.262005+00:00] doctrine.DEBUG: SELECT t0.id AS id_1, t0.id_categorie AS id_categorie_2, t0.question AS question_3 FROM question t0 WHERE t0.id = ? ["23"] []
[2020-04-21T14:30:53.281327+00:00] security.INFO: Populated the TokenStorage with an anonymous Token. [] []
[2020-04-21T14:32:52.776019+00:00] request.INFO: Matched route "app_question_listall". {"route":"app_question_listall","route_parameters":{"_route":"app_question_listall","_controller":"App\\Controller\\QuestionController::listAll"},"request_uri":"http://127.0.0.1:8000/list","method":"GET"} []
[2020-04-21T14:32:52.815703+00:00] doctrine.DEBUG: SELECT t0.id AS id_1, t0.id_categorie AS id_categorie_2, t0.question AS question_3 FROM question t0 [] []
[2020-04-21T14:32:52.854536+00:00] request.CRITICAL: Uncaught PHP Exception Twig\Error\RuntimeError: "An exception has been thrown during the rendering of a template ("Notice: Array to string conversion")." at /Users/victorgousset/Desktop/dev/my_quiz/templates/pages/list.html.twig line 1 {"exception":"[object] (Twig\\Error\\RuntimeError(code: 0): An exception has been thrown during the rendering of a template (\"Notice: Array to string conversion\"). at /Users/victorgousset/Desktop/dev/my_quiz/templates/pages/list.html.twig:1)\n[previous exception] [object] (ErrorException(code: 0): Notice: Array to string conversion at /Users/victorgousset/Desktop/dev/my_quiz/var/cache/dev/twig/f3/f31d9a1f5af056b3ce4e6fbb1a5b1fa586474cb977a59a0c892bed19bac74ff1.php:43)"} []
[2020-04-21T14:32:52.917776+00:00] security.INFO: Populated the TokenStorage with an anonymous Token. [] []
[2020-04-21T14:32:53.834458+00:00] request.INFO: Matched route "app_question_listall". {"route":"app_question_listall","route_parameters":{"_route":"app_question_listall","_controller":"App\\Controller\\QuestionController::listAll"},"request_uri":"http://127.0.0.1:8000/list","method":"GET"} []
[2020-04-21T14:32:53.885922+00:00] doctrine.DEBUG: SELECT t0.id AS id_1, t0.id_categorie AS id_categorie_2, t0.question AS question_3 FROM question t0 [] []
[2020-04-21T14:32:53.906100+00:00] request.CRITICAL: Uncaught PHP Exception Twig\Error\RuntimeError: "An exception has been thrown during the rendering of a template ("Notice: Array to string conversion")." at /Users/victorgousset/Desktop/dev/my_quiz/templates/pages/list.html.twig line 1 {"exception":"[object] (Twig\\Error\\RuntimeError(code: 0): An exception has been thrown during the rendering of a template (\"Notice: Array to string conversion\"). at /Users/victorgousset/Desktop/dev/my_quiz/templates/pages/list.html.twig:1)\n[previous exception] [object] (ErrorException(code: 0): Notice: Array to string conversion at /Users/victorgousset/Desktop/dev/my_quiz/var/cache/dev/twig/f3/f31d9a1f5af056b3ce4e6fbb1a5b1fa586474cb977a59a0c892bed19bac74ff1.php:43)"} []
[2020-04-21T14:32:53.979675+00:00] security.INFO: Populated the TokenStorage with an anonymous Token. [] []
[2020-04-21T14:32:54.248576+00:00] request.INFO: Matched route "_wdt". {"route":"_wdt","route_parameters":{"_route":"_wdt","_controller":"web_profiler.controller.profiler::toolbarAction","token":"30784c"},"request_uri":"http://127.0.0.1:8000/_wdt/30784c","method":"GET"} []
[2020-04-21T14:34:20.649884+00:00] request.INFO: Matched route "app_home_index". {"route":"app_home_index","route_parameters":{"_route":"app_home_index","_controller":"App\\Controller\\HomeController::index"},"request_uri":"http://127.0.0.1:8000/","method":"GET"} []
[2020-04-21T14:34:20.694400+00:00] security.INFO: Populated the TokenStorage with an anonymous Token. [] []
[2020-04-21T14:34:20.862819+00:00] request.INFO: Matched route "_wdt". {"route":"_wdt","route_parameters":{"_route":"_wdt","_controller":"web_profiler.controller.profiler::toolbarAction","token":"cda45e"},"request_uri":"http://127.0.0.1:8000/_wdt/cda45e","method":"GET"} []
[2020-04-21T14:34:27.578107+00:00] request.INFO: Matched route "app_question_listall". {"route":"app_question_listall","route_parameters":{"_route":"app_question_listall","_controller":"App\\Controller\\QuestionController::listAll"},"request_uri":"http://127.0.0.1:8000/list","method":"GET"} []
[2020-04-21T14:34:27.627208+00:00] doctrine.DEBUG: SELECT t0.id AS id_1, t0.id_categorie AS id_categorie_2, t0.question AS question_3 FROM question t0 [] []
[2020-04-21T14:34:27.677131+00:00] security.INFO: Populated the TokenStorage with an anonymous Token. [] []
[2020-04-21T14:34:50.292142+00:00] request.INFO: Matched route "app_question_listall". {"route":"app_question_listall","route_parameters":{"_route":"app_question_listall","_controller":"App\\Controller\\QuestionController::listAll"},"request_uri":"http://127.0.0.1:8000/list","method":"GET"} []
[2020-04-21T14:34:50.343149+00:00] doctrine.DEBUG: SELECT t0.id AS id_1, t0.id_categorie AS id_categorie_2, t0.question AS question_3 FROM question t0 [] []
[2020-04-21T14:34:50.376774+00:00] request.CRITICAL: Uncaught PHP Exception Twig\Error\RuntimeError: "Key "question" for array with keys "0, 1, 2, 3, 4, 5, 6, 7, 8, 9, 10, 11, 12, 13, 14, 15, 16, 17, 18, 19, 20, 21, 22, 23, 24, 25, 26, 27, 28, 29, 30, 31, 32, 33, 34, 35, 36, 37, 38, 39, 40, 41, 42, 43, 44, 45, 46, 47, 48, 49, 50, 51, 52, 53, 54, 55, 56, 57, 58, 59, 60, 61, 62, 63, 64, 65, 66, 67, 68, 69, 70, 71, 72, 73, 74, 75, 76, 77, 78, 79, 80, 81, 82, 83, 84, 85, 86, 87, 88, 89, 90, 91, 92, 93, 94, 95, 96, 97, 98, 99, 100, 101, 102, 103, 104, 105, 106, 107, 108" does not exist." at /Users/victorgousset/Desktop/dev/my_quiz/templates/pages/list.html.twig line 3 {"exception":"[object] (Twig\\Error\\RuntimeError(code: 0): Key \"question\" for array with keys \"0, 1, 2, 3, 4, 5, 6, 7, 8, 9, 10, 11, 12, 13, 14, 15, 16, 17, 18, 19, 20, 21, 22, 23, 24, 25, 26, 27, 28, 29, 30, 31, 32, 33, 34, 35, 36, 37, 38, 39, 40, 41, 42, 43, 44, 45, 46, 47, 48, 49, 50, 51, 52, 53, 54, 55, 56, 57, 58, 59, 60, 61, 62, 63, 64, 65, 66, 67, 68, 69, 70, 71, 72, 73, 74, 75, 76, 77, 78, 79, 80, 81, 82, 83, 84, 85, 86, 87, 88, 89, 90, 91, 92, 93, 94, 95, 96, 97, 98, 99, 100, 101, 102, 103, 104, 105, 106, 107, 108\" does not exist. at /Users/victorgousset/Desktop/dev/my_quiz/templates/pages/list.html.twig:3)"} []
[2020-04-21T14:34:50.430006+00:00] security.INFO: Populated the TokenStorage with an anonymous Token. [] []
[2020-04-21T14:34:50.695304+00:00] request.INFO: Matched route "_wdt". {"route":"_wdt","route_parameters":{"_route":"_wdt","_controller":"web_profiler.controller.profiler::toolbarAction","token":"8e69d4"},"request_uri":"http://127.0.0.1:8000/_wdt/8e69d4","method":"GET"} []
[2020-04-21T14:35:15.673439+00:00] request.INFO: Matched route "app_question_listall". {"route":"app_question_listall","route_parameters":{"_route":"app_question_listall","_controller":"App\\Controller\\QuestionController::listAll"},"request_uri":"http://127.0.0.1:8000/list","method":"GET"} []
[2020-04-21T14:35:15.723562+00:00] doctrine.DEBUG: SELECT t0.id AS id_1, t0.id_categorie AS id_categorie_2, t0.question AS question_3 FROM question t0 [] []
[2020-04-21T14:35:15.773355+00:00] security.INFO: Populated the TokenStorage with an anonymous Token. [] []
[2020-04-21T14:35:33.689189+00:00] request.INFO: Matched route "app_question_listall". {"route":"app_question_listall","route_parameters":{"_route":"app_question_listall","_controller":"App\\Controller\\QuestionController::listAll"},"request_uri":"http://127.0.0.1:8000/list","method":"GET"} []
[2020-04-21T14:35:33.740082+00:00] doctrine.DEBUG: SELECT t0.id AS id_1, t0.id_categorie AS id_categorie_2, t0.question AS question_3 FROM question t0 [] []
[2020-04-21T14:35:33.773629+00:00] request.CRITICAL: Uncaught PHP Exception Twig\Error\RuntimeError: "An exception has been thrown during the rendering of a template ("Catchable Fatal Error: Object of class App\Entity\Question could not be converted to string")." at /Users/victorgousset/Desktop/dev/my_quiz/templates/pages/list.html.twig line 3 {"exception":"[object] (Twig\\Error\\RuntimeError(code: 0): An exception has been thrown during the rendering of a template (\"Catchable Fatal Error: Object of class App\\Entity\\Question could not be converted to string\"). at /Users/victorgousset/Desktop/dev/my_quiz/templates/pages/list.html.twig:3)\n[previous exception] [object] (ErrorException(code: 0): Catchable Fatal Error: Object of class App\\Entity\\Question could not be converted to string at /Users/victorgousset/Desktop/dev/my_quiz/var/cache/dev/twig/f3/f31d9a1f5af056b3ce4e6fbb1a5b1fa586474cb977a59a0c892bed19bac74ff1.php:47)"} []
[2020-04-21T14:35:33.851197+00:00] security.INFO: Populated the TokenStorage with an anonymous Token. [] []
[2020-04-21T14:35:34.048799+00:00] request.INFO: Matched route "_wdt". {"route":"_wdt","route_parameters":{"_route":"_wdt","_controller":"web_profiler.controller.profiler::toolbarAction","token":"388be4"},"request_uri":"http://127.0.0.1:8000/_wdt/388be4","method":"GET"} []
[2020-04-21T14:35:39.623534+00:00] request.INFO: Matched route "app_question_listall". {"route":"app_question_listall","route_parameters":{"_route":"app_question_listall","_controller":"App\\Controller\\QuestionController::listAll"},"request_uri":"http://127.0.0.1:8000/list","method":"GET"} []
[2020-04-21T14:35:39.676101+00:00] doctrine.DEBUG: SELECT t0.id AS id_1, t0.id_categorie AS id_categorie_2, t0.question AS question_3 FROM question t0 [] []
[2020-04-21T14:35:39.710633+00:00] request.CRITICAL: Uncaught PHP Exception Twig\Error\RuntimeError: "An exception has been thrown during the rendering of a template ("Catchable Fatal Error: Object of class App\Entity\Question could not be converted to string")." at /Users/victorgousset/Desktop/dev/my_quiz/templates/pages/list.html.twig line 3 {"exception":"[object] (Twig\\Error\\RuntimeError(code: 0): An exception has been thrown during the rendering of a template (\"Catchable Fatal Error: Object of class App\\Entity\\Question could not be converted to string\"). at /Users/victorgousset/Desktop/dev/my_quiz/templates/pages/list.html.twig:3)\n[previous exception] [object] (ErrorException(code: 0): Catchable Fatal Error: Object of class App\\Entity\\Question could not be converted to string at /Users/victorgousset/Desktop/dev/my_quiz/var/cache/dev/twig/f3/f31d9a1f5af056b3ce4e6fbb1a5b1fa586474cb977a59a0c892bed19bac74ff1.php:47)"} []
[2020-04-21T14:35:39.786520+00:00] security.INFO: Populated the TokenStorage with an anonymous Token. [] []
[2020-04-21T14:35:39.981869+00:00] request.INFO: Matched route "_wdt". {"route":"_wdt","route_parameters":{"_route":"_wdt","_controller":"web_profiler.controller.profiler::toolbarAction","token":"9da114"},"request_uri":"http://127.0.0.1:8000/_wdt/9da114","method":"GET"} []
[2020-04-21T14:35:44.984678+00:00] request.INFO: Matched route "app_question_listall". {"route":"app_question_listall","route_parameters":{"_route":"app_question_listall","_controller":"App\\Controller\\QuestionController::listAll"},"request_uri":"http://127.0.0.1:8000/list","method":"GET"} []
[2020-04-21T14:35:45.034557+00:00] doctrine.DEBUG: SELECT t0.id AS id_1, t0.id_categorie AS id_categorie_2, t0.question AS question_3 FROM question t0 [] []
[2020-04-21T14:35:45.068084+00:00] request.CRITICAL: Uncaught PHP Exception Twig\Error\RuntimeError: "Key "id" for array with keys "0, 1, 2, 3, 4, 5, 6, 7, 8, 9, 10, 11, 12, 13, 14, 15, 16, 17, 18, 19, 20, 21, 22, 23, 24, 25, 26, 27, 28, 29, 30, 31, 32, 33, 34, 35, 36, 37, 38, 39, 40, 41, 42, 43, 44, 45, 46, 47, 48, 49, 50, 51, 52, 53, 54, 55, 56, 57, 58, 59, 60, 61, 62, 63, 64, 65, 66, 67, 68, 69, 70, 71, 72, 73, 74, 75, 76, 77, 78, 79, 80, 81, 82, 83, 84, 85, 86, 87, 88, 89, 90, 91, 92, 93, 94, 95, 96, 97, 98, 99, 100, 101, 102, 103, 104, 105, 106, 107, 108" does not exist." at /Users/victorgousset/Desktop/dev/my_quiz/templates/pages/list.html.twig line 3 {"exception":"[object] (Twig\\Error\\RuntimeError(code: 0): Key \"id\" for array with keys \"0, 1, 2, 3, 4, 5, 6, 7, 8, 9, 10, 11, 12, 13, 14, 15, 16, 17, 18, 19, 20, 21, 22, 23, 24, 25, 26, 27, 28, 29, 30, 31, 32, 33, 34, 35, 36, 37, 38, 39, 40, 41, 42, 43, 44, 45, 46, 47, 48, 49, 50, 51, 52, 53, 54, 55, 56, 57, 58, 59, 60, 61, 62, 63, 64, 65, 66, 67, 68, 69, 70, 71, 72, 73, 74, 75, 76, 77, 78, 79, 80, 81, 82, 83, 84, 85, 86, 87, 88, 89, 90, 91, 92, 93, 94, 95, 96, 97, 98, 99, 100, 101, 102, 103, 104, 105, 106, 107, 108\" does not exist. at /Users/victorgousset/Desktop/dev/my_quiz/templates/pages/list.html.twig:3)"} []
[2020-04-21T14:35:45.121561+00:00] security.INFO: Populated the TokenStorage with an anonymous Token. [] []
[2020-04-21T14:35:45.313179+00:00] request.INFO: Matched route "_wdt". {"route":"_wdt","route_parameters":{"_route":"_wdt","_controller":"web_profiler.controller.profiler::toolbarAction","token":"1caae3"},"request_uri":"http://127.0.0.1:8000/_wdt/1caae3","method":"GET"} []
[2020-04-21T14:36:07.616721+00:00] request.INFO: Matched route "app_question_listall". {"route":"app_question_listall","route_parameters":{"_route":"app_question_listall","_controller":"App\\Controller\\QuestionController::listAll"},"request_uri":"http://127.0.0.1:8000/list","method":"GET"} []
[2020-04-21T14:36:07.667910+00:00] doctrine.DEBUG: SELECT t0.id AS id_1, t0.id_categorie AS id_categorie_2, t0.question AS question_3 FROM question t0 [] []
[2020-04-21T14:36:07.723520+00:00] security.INFO: Populated the TokenStorage with an anonymous Token. [] []
[2020-04-21T14:36:42.190890+00:00] request.INFO: Matched route "app_question_listall". {"route":"app_question_listall","route_parameters":{"_route":"app_question_listall","_controller":"App\\Controller\\QuestionController::listAll"},"request_uri":"http://127.0.0.1:8000/list","method":"GET"} []
[2020-04-21T14:36:42.241258+00:00] doctrine.DEBUG: SELECT t0.id AS id_1, t0.id_categorie AS id_categorie_2, t0.question AS question_3 FROM question t0 [] []
[2020-04-21T14:36:42.274951+00:00] request.CRITICAL: Uncaught PHP Exception Twig\Error\RuntimeError: "Key "keys" for array with keys "0, 1, 2, 3, 4, 5, 6, 7, 8, 9, 10, 11, 12, 13, 14, 15, 16, 17, 18, 19, 20, 21, 22, 23, 24, 25, 26, 27, 28, 29, 30, 31, 32, 33, 34, 35, 36, 37, 38, 39, 40, 41, 42, 43, 44, 45, 46, 47, 48, 49, 50, 51, 52, 53, 54, 55, 56, 57, 58, 59, 60, 61, 62, 63, 64, 65, 66, 67, 68, 69, 70, 71, 72, 73, 74, 75, 76, 77, 78, 79, 80, 81, 82, 83, 84, 85, 86, 87, 88, 89, 90, 91, 92, 93, 94, 95, 96, 97, 98, 99, 100, 101, 102, 103, 104, 105, 106, 107, 108" does not exist." at /Users/victorgousset/Desktop/dev/my_quiz/templates/pages/list.html.twig line 3 {"exception":"[object] (Twig\\Error\\RuntimeError(code: 0): Key \"keys\" for array with keys \"0, 1, 2, 3, 4, 5, 6, 7, 8, 9, 10, 11, 12, 13, 14, 15, 16, 17, 18, 19, 20, 21, 22, 23, 24, 25, 26, 27, 28, 29, 30, 31, 32, 33, 34, 35, 36, 37, 38, 39, 40, 41, 42, 43, 44, 45, 46, 47, 48, 49, 50, 51, 52, 53, 54, 55, 56, 57, 58, 59, 60, 61, 62, 63, 64, 65, 66, 67, 68, 69, 70, 71, 72, 73, 74, 75, 76, 77, 78, 79, 80, 81, 82, 83, 84, 85, 86, 87, 88, 89, 90, 91, 92, 93, 94, 95, 96, 97, 98, 99, 100, 101, 102, 103, 104, 105, 106, 107, 108\" does not exist. at /Users/victorgousset/Desktop/dev/my_quiz/templates/pages/list.html.twig:3)"} []
[2020-04-21T14:36:42.329133+00:00] security.INFO: Populated the TokenStorage with an anonymous Token. [] []
[2020-04-21T14:36:42.554955+00:00] request.INFO: Matched route "_wdt". {"route":"_wdt","route_parameters":{"_route":"_wdt","_controller":"web_profiler.controller.profiler::toolbarAction","token":"4e9275"},"request_uri":"http://127.0.0.1:8000/_wdt/4e9275","method":"GET"} []
[2020-04-21T14:36:53.262276+00:00] request.INFO: Matched route "app_question_listall". {"route":"app_question_listall","route_parameters":{"_route":"app_question_listall","_controller":"App\\Controller\\QuestionController::listAll"},"request_uri":"http://127.0.0.1:8000/list","method":"GET"} []
[2020-04-21T14:36:53.312711+00:00] doctrine.DEBUG: SELECT t0.id AS id_1, t0.id_categorie AS id_categorie_2, t0.question AS question_3 FROM question t0 [] []
[2020-04-21T14:36:53.363564+00:00] security.INFO: Populated the TokenStorage with an anonymous Token. [] []
[2020-04-21T14:38:06.219958+00:00] request.INFO: Matched route "app_question_listall". {"route":"app_question_listall","route_parameters":{"_route":"app_question_listall","_controller":"App\\Controller\\QuestionController::listAll"},"request_uri":"http://127.0.0.1:8000/list","method":"GET"} []
[2020-04-21T14:38:06.268770+00:00] doctrine.DEBUG: SELECT t0.id AS id_1, t0.id_categorie AS id_categorie_2, t0.question AS question_3 FROM question t0 [] []
[2020-04-21T14:38:06.285366+00:00] request.CRITICAL: Uncaught PHP Exception Twig\Error\RuntimeError: "Variable "test" does not exist." at /Users/victorgousset/Desktop/dev/my_quiz/templates/pages/list.html.twig line 3 {"exception":"[object] (Twig\\Error\\RuntimeError(code: 0): Variable \"test\" does not exist. at /Users/victorgousset/Desktop/dev/my_quiz/templates/pages/list.html.twig:3)"} []
[2020-04-21T14:38:06.341399+00:00] security.INFO: Populated the TokenStorage with an anonymous Token. [] []
[2020-04-21T14:38:06.566369+00:00] request.INFO: Matched route "_wdt". {"route":"_wdt","route_parameters":{"_route":"_wdt","_controller":"web_profiler.controller.profiler::toolbarAction","token":"14c9d1"},"request_uri":"http://127.0.0.1:8000/_wdt/14c9d1","method":"GET"} []
[2020-04-21T14:38:11.143950+00:00] request.INFO: Matched route "app_question_listall". {"route":"app_question_listall","route_parameters":{"_route":"app_question_listall","_controller":"App\\Controller\\QuestionController::listAll"},"request_uri":"http://127.0.0.1:8000/list","method":"GET"} []
[2020-04-21T14:38:11.193909+00:00] doctrine.DEBUG: SELECT t0.id AS id_1, t0.id_categorie AS id_categorie_2, t0.question AS question_3 FROM question t0 [] []
[2020-04-21T14:38:11.227039+00:00] request.CRITICAL: Uncaught PHP Exception Twig\Error\RuntimeError: "Variable "a" does not exist." at /Users/victorgousset/Desktop/dev/my_quiz/templates/pages/list.html.twig line 3 {"exception":"[object] (Twig\\Error\\RuntimeError(code: 0): Variable \"a\" does not exist. at /Users/victorgousset/Desktop/dev/my_quiz/templates/pages/list.html.twig:3)"} []
[2020-04-21T14:38:11.278073+00:00] security.INFO: Populated the TokenStorage with an anonymous Token. [] []
[2020-04-21T14:38:11.485183+00:00] request.INFO: Matched route "_wdt". {"route":"_wdt","route_parameters":{"_route":"_wdt","_controller":"web_profiler.controller.profiler::toolbarAction","token":"a44984"},"request_uri":"http://127.0.0.1:8000/_wdt/a44984","method":"GET"} []
[2020-04-21T14:39:11.160204+00:00] request.INFO: Matched route "app_question_listall". {"route":"app_question_listall","route_parameters":{"_route":"app_question_listall","_controller":"App\\Controller\\QuestionController::listAll"},"request_uri":"http://127.0.0.1:8000/list","method":"GET"} []
[2020-04-21T14:39:11.210587+00:00] doctrine.DEBUG: SELECT t0.id AS id_1, t0.id_categorie AS id_categorie_2, t0.question AS question_3 FROM question t0 [] []
[2020-04-21T14:39:11.238392+00:00] request.CRITICAL: Uncaught PHP Exception Twig\Error\SyntaxError: "Unexpected token "name" of value "question" ("end of print statement" expected)." at /Users/victorgousset/Desktop/dev/my_quiz/templates/pages/list.html.twig line 3 {"exception":"[object] (Twig\\Error\\SyntaxError(code: 0): Unexpected token \"name\" of value \"question\" (\"end of print statement\" expected). at /Users/victorgousset/Desktop/dev/my_quiz/templates/pages/list.html.twig:3)"} []
[2020-04-21T14:39:11.294526+00:00] security.INFO: Populated the TokenStorage with an anonymous Token. [] []
[2020-04-21T14:39:11.500593+00:00] request.INFO: Matched route "_wdt". {"route":"_wdt","route_parameters":{"_route":"_wdt","_controller":"web_profiler.controller.profiler::toolbarAction","token":"54fe6c"},"request_uri":"http://127.0.0.1:8000/_wdt/54fe6c","method":"GET"} []
[2020-04-21T14:39:54.942190+00:00] request.INFO: Matched route "app_question_listall". {"route":"app_question_listall","route_parameters":{"_route":"app_question_listall","_controller":"App\\Controller\\QuestionController::listAll"},"request_uri":"http://127.0.0.1:8000/list","method":"GET"} []
[2020-04-21T14:39:54.992121+00:00] doctrine.DEBUG: SELECT t0.id AS id_1, t0.id_categorie AS id_categorie_2, t0.question AS question_3 FROM question t0 [] []
[2020-04-21T14:39:55.021399+00:00] request.CRITICAL: Uncaught PHP Exception Twig\Error\SyntaxError: "Unexpected end of template." at /Users/victorgousset/Desktop/dev/my_quiz/templates/pages/list.html.twig line 5 {"exception":"[object] (Twig\\Error\\SyntaxError(code: 0): Unexpected end of template. at /Users/victorgousset/Desktop/dev/my_quiz/templates/pages/list.html.twig:5)"} []
[2020-04-21T14:39:55.079706+00:00] security.INFO: Populated the TokenStorage with an anonymous Token. [] []
[2020-04-21T14:39:55.290448+00:00] request.INFO: Matched route "_wdt". {"route":"_wdt","route_parameters":{"_route":"_wdt","_controller":"web_profiler.controller.profiler::toolbarAction","token":"7efcf4"},"request_uri":"http://127.0.0.1:8000/_wdt/7efcf4","method":"GET"} []
[2020-04-21T14:40:08.975210+00:00] request.INFO: Matched route "app_question_listall". {"route":"app_question_listall","route_parameters":{"_route":"app_question_listall","_controller":"App\\Controller\\QuestionController::listAll"},"request_uri":"http://127.0.0.1:8000/list","method":"GET"} []
[2020-04-21T14:40:09.024384+00:00] doctrine.DEBUG: SELECT t0.id AS id_1, t0.id_categorie AS id_categorie_2, t0.question AS question_3 FROM question t0 [] []
[2020-04-21T14:40:09.053794+00:00] request.CRITICAL: Uncaught PHP Exception Twig\Error\SyntaxError: "Unexpected end of template." at /Users/victorgousset/Desktop/dev/my_quiz/templates/pages/list.html.twig line 5 {"exception":"[object] (Twig\\Error\\SyntaxError(code: 0): Unexpected end of template. at /Users/victorgousset/Desktop/dev/my_quiz/templates/pages/list.html.twig:5)"} []
[2020-04-21T14:40:09.110586+00:00] security.INFO: Populated the TokenStorage with an anonymous Token. [] []
[2020-04-21T14:40:09.288005+00:00] request.INFO: Matched route "_wdt". {"route":"_wdt","route_parameters":{"_route":"_wdt","_controller":"web_profiler.controller.profiler::toolbarAction","token":"6e10b2"},"request_uri":"http://127.0.0.1:8000/_wdt/6e10b2","method":"GET"} []
[2020-04-21T14:40:16.739938+00:00] request.INFO: Matched route "app_question_listall". {"route":"app_question_listall","route_parameters":{"_route":"app_question_listall","_controller":"App\\Controller\\QuestionController::listAll"},"request_uri":"http://127.0.0.1:8000/list","method":"GET"} []
[2020-04-21T14:40:16.789144+00:00] doctrine.DEBUG: SELECT t0.id AS id_1, t0.id_categorie AS id_categorie_2, t0.question AS question_3 FROM question t0 [] []
[2020-04-21T14:40:16.816382+00:00] request.CRITICAL: Uncaught PHP Exception Twig\Error\SyntaxError: "Unexpected end of template." at /Users/victorgousset/Desktop/dev/my_quiz/templates/pages/list.html.twig line 4 {"exception":"[object] (Twig\\Error\\SyntaxError(code: 0): Unexpected end of template. at /Users/victorgousset/Desktop/dev/my_quiz/templates/pages/list.html.twig:4)"} []
[2020-04-21T14:40:16.875221+00:00] security.INFO: Populated the TokenStorage with an anonymous Token. [] []
[2020-04-21T14:40:17.058088+00:00] request.INFO: Matched route "_wdt". {"route":"_wdt","route_parameters":{"_route":"_wdt","_controller":"web_profiler.controller.profiler::toolbarAction","token":"92acf1"},"request_uri":"http://127.0.0.1:8000/_wdt/92acf1","method":"GET"} []
[2020-04-21T14:40:37.080178+00:00] request.INFO: Matched route "app_question_listall". {"route":"app_question_listall","route_parameters":{"_route":"app_question_listall","_controller":"App\\Controller\\QuestionController::listAll"},"request_uri":"http://127.0.0.1:8000/list","method":"GET"} []
[2020-04-21T14:40:37.129314+00:00] doctrine.DEBUG: SELECT t0.id AS id_1, t0.id_categorie AS id_categorie_2, t0.question AS question_3 FROM question t0 [] []
[2020-04-21T14:40:37.157598+00:00] request.CRITICAL: Uncaught PHP Exception Twig\Error\SyntaxError: "Unexpected end of template." at /Users/victorgousset/Desktop/dev/my_quiz/templates/pages/list.html.twig line 4 {"exception":"[object] (Twig\\Error\\SyntaxError(code: 0): Unexpected end of template. at /Users/victorgousset/Desktop/dev/my_quiz/templates/pages/list.html.twig:4)"} []
[2020-04-21T14:40:37.214748+00:00] security.INFO: Populated the TokenStorage with an anonymous Token. [] []
[2020-04-21T14:40:37.422203+00:00] request.INFO: Matched route "_wdt". {"route":"_wdt","route_parameters":{"_route":"_wdt","_controller":"web_profiler.controller.profiler::toolbarAction","token":"54baf6"},"request_uri":"http://127.0.0.1:8000/_wdt/54baf6","method":"GET"} []
[2020-04-21T14:41:14.564721+00:00] request.INFO: Matched route "app_question_listall". {"route":"app_question_listall","route_parameters":{"_route":"app_question_listall","_controller":"App\\Controller\\QuestionController::listAll"},"request_uri":"http://127.0.0.1:8000/list","method":"GET"} []
[2020-04-21T14:41:14.614979+00:00] doctrine.DEBUG: SELECT t0.id AS id_1, t0.id_categorie AS id_categorie_2, t0.question AS question_3 FROM question t0 [] []
[2020-04-21T14:41:14.649549+00:00] request.CRITICAL: Uncaught PHP Exception Twig\Error\RuntimeError: "Variable "a" does not exist." at /Users/victorgousset/Desktop/dev/my_quiz/templates/pages/list.html.twig line 2 {"exception":"[object] (Twig\\Error\\RuntimeError(code: 0): Variable \"a\" does not exist. at /Users/victorgousset/Desktop/dev/my_quiz/templates/pages/list.html.twig:2)"} []
[2020-04-21T14:41:14.700454+00:00] security.INFO: Populated the TokenStorage with an anonymous Token. [] []
[2020-04-21T14:41:14.884283+00:00] request.INFO: Matched route "_wdt". {"route":"_wdt","route_parameters":{"_route":"_wdt","_controller":"web_profiler.controller.profiler::toolbarAction","token":"4535c0"},"request_uri":"http://127.0.0.1:8000/_wdt/4535c0","method":"GET"} []
[2020-04-21T14:41:29.279530+00:00] request.INFO: Matched route "app_question_listall". {"route":"app_question_listall","route_parameters":{"_route":"app_question_listall","_controller":"App\\Controller\\QuestionController::listAll"},"request_uri":"http://127.0.0.1:8000/list","method":"GET"} []
[2020-04-21T14:41:29.326577+00:00] doctrine.DEBUG: SELECT t0.id AS id_1, t0.id_categorie AS id_categorie_2, t0.question AS question_3 FROM question t0 [] []
[2020-04-21T14:41:29.348693+00:00] security.INFO: Populated the TokenStorage with an anonymous Token. [] []
[2020-04-21T14:41:46.370650+00:00] request.INFO: Matched route "app_question_listall". {"route":"app_question_listall","route_parameters":{"_route":"app_question_listall","_controller":"App\\Controller\\QuestionController::listAll"},"request_uri":"http://127.0.0.1:8000/list","method":"GET"} []
[2020-04-21T14:41:46.421304+00:00] doctrine.DEBUG: SELECT t0.id AS id_1, t0.id_categorie AS id_categorie_2, t0.question AS question_3 FROM question t0 [] []
[2020-04-21T14:41:46.460557+00:00] security.INFO: Populated the TokenStorage with an anonymous Token. [] []
[2020-04-21T14:41:55.704777+00:00] request.INFO: Matched route "app_question_listall". {"route":"app_question_listall","route_parameters":{"_route":"app_question_listall","_controller":"App\\Controller\\QuestionController::listAll"},"request_uri":"http://127.0.0.1:8000/list","method":"GET"} []
[2020-04-21T14:41:55.756112+00:00] doctrine.DEBUG: SELECT t0.id AS id_1, t0.id_categorie AS id_categorie_2, t0.question AS question_3 FROM question t0 [] []
[2020-04-21T14:41:55.795654+00:00] security.INFO: Populated the TokenStorage with an anonymous Token. [] []
